{"recorder_version":"21","session":"85970fce100a","build":"192.6603.28","bucket":"22","time":1574973951276,"group":{"id":"settings","version":"4"},"event":{"state":true,"data":{"component":"NotRoamableUiSettings","created":1574973951591},"id":"invoked"}}
{"recorder_version":"21","session":"85970fce100a","build":"192.6603.28","bucket":"22","time":1574973951279,"group":{"id":"settings","version":"4"},"event":{"state":true,"data":{"component":"UISettings","created":1574973951594},"id":"invoked"}}
{"recorder_version":"21","session":"85970fce100a","build":"192.6603.28","bucket":"22","time":1574973951282,"group":{"id":"system.java","version":"1"},"event":{"state":true,"data":{"created":1574973951615,"version":"1.11"},"id":"JetBrains"}}
{"recorder_version":"21","session":"85970fce100a","build":"192.6603.28","bucket":"22","time":1574973951282,"group":{"id":"system.java","version":"1"},"event":{"state":true,"data":{"created":1574973951616},"id":"invoked"}}
{"recorder_version":"21","session":"85970fce100a","build":"192.6603.28","bucket":"22","time":1574973951590,"group":{"id":"event.log","version":"21"},"event":{"count":1,"data":{"created":1574973951630,"version":"939.0"},"id":"whitelist.loaded"}}
{"recorder_version":"21","session":"85970fce100a","build":"192.6603.28","bucket":"22","time":1574973951635,"group":{"id":"system.os","version":"3"},"event":{"state":true,"data":{"created":1574973951636,"version":"10.0"},"id":"Windows"}}
{"recorder_version":"21","session":"85970fce100a","build":"192.6603.28","bucket":"22","time":1574973951637,"group":{"id":"system.os","version":"3"},"event":{"state":true,"data":{"created":1574973951637,"name":"Windows","version":"10.0"},"id":"os.name"}}
{"recorder_version":"21","session":"85970fce100a","build":"192.6603.28","bucket":"22","time":1574973951637,"group":{"id":"system.os","version":"3"},"event":{"state":true,"data":{"created":1574973951638,"value":"-07_00"},"id":"os.timezone"}}
{"recorder_version":"21","session":"85970fce100a","build":"192.6603.28","bucket":"22","time":1574973951637,"group":{"id":"system.os","version":"3"},"event":{"state":true,"data":{"created":1574973951639},"id":"invoked"}}
{"recorder_version":"21","session":"85970fce100a","build":"192.6603.28","bucket":"22","time":1574973953074,"group":{"id":"settings","version":"4"},"event":{"state":true,"data":{"component":"UpdatesConfigurable","created":1574973953075,"name":"checkNeeded","type":"bool","value":false},"id":"not.default"}}
{"recorder_version":"21","session":"85970fce100a","build":"192.6603.28","bucket":"22","time":1574973953077,"group":{"id":"settings","version":"4"},"event":{"state":true,"data":{"component":"UpdatesConfigurable","created":1574973953078},"id":"invoked"}}
{"recorder_version":"21","session":"85970fce100a","build":"192.6603.28","bucket":"22","time":1574973953608,"group":{"id":"settings","version":"4"},"event":{"state":true,"data":{"component":"GeneralSettings","created":1574973953608,"name":"showTipsOnStartup","type":"bool","value":false},"id":"not.default"}}
{"recorder_version":"21","session":"85970fce100a","build":"192.6603.28","bucket":"22","time":1574973953608,"group":{"id":"settings","version":"4"},"event":{"state":true,"data":{"component":"GeneralSettings","created":1574973953609},"id":"invoked"}}
{"recorder_version":"21","session":"85970fce100a","build":"192.6603.28","bucket":"22","time":1574973953655,"group":{"id":"lifecycle","version":"21"},"event":{"count":1,"data":{"internal":true,"eap":false,"created":1574973953656},"id":"ide.start"}}
{"recorder_version":"21","session":"85970fce100a","build":"192.6603.28","bucket":"22","time":1574973954742,"group":{"id":"performance","version":"21"},"event":{"count":1,"data":{"duration_ms":1532,"created":1574973954742},"id":"ui.latency"}}
{"recorder_version":"21","session":"85970fce100a","build":"192.6603.28","bucket":"22","time":1574973954742,"group":{"id":"performance","version":"21"},"event":{"count":1,"data":{"duration_ms":1532,"created":1574973954744},"id":"ui.lagging"}}
{"recorder_version":"21","session":"85970fce100a","build":"192.6603.28","bucket":"22","time":1574973954892,"group":{"id":"performance","version":"21"},"event":{"count":1,"data":{"duration_ms":625,"created":1574973954892},"id":"ui.lagging"}}
{"recorder_version":"21","session":"85970fce100a","build":"192.6603.28","bucket":"22","time":1574973955436,"group":{"id":"lifecycle","version":"21"},"event":{"count":1,"data":{"created":1574973955437},"id":"frame.activated"}}
{"recorder_version":"21","session":"85970fce100a","build":"192.6603.28","bucket":"22","time":1574973955491,"group":{"id":"performance","version":"21"},"event":{"count":1,"data":{"duration_ms":223,"created":1574973955491},"id":"ui.lagging"}}
{"recorder_version":"21","session":"85970fce100a","build":"192.6603.28","bucket":"22","time":1574973955868,"group":{"id":"ui.dialogs","version":"21"},"event":{"count":1,"data":{"created":1574973955869,"plugin_type":"PLATFORM","type":"show"},"id":"com.intellij.openapi.progress.util.ProgressDialog$MyDialogWrapper"}}
{"recorder_version":"21","session":"85970fce100a","build":"192.6603.28","bucket":"22","time":1574973959047,"group":{"id":"lifecycle","version":"21"},"event":{"count":1,"data":{"created":1574973959048,"plugin_type":"NOT_LISTED","error":"com.intellij.diagnostic.PluginException"},"id":"ide.error"}}
{"recorder_version":"21","session":"85970fce100a","build":"192.6603.28","bucket":"22","time":1574973959621,"group":{"id":"performance","version":"21"},"event":{"count":1,"data":{"duration_ms":345,"created":1574973959622},"id":"ui.lagging"}}
{"recorder_version":"21","session":"85970fce100a","build":"192.6603.28","bucket":"22","time":1574973960636,"group":{"id":"lifecycle","version":"21"},"event":{"count":1,"data":{"created":1574973960637,"project":"8091b5937a0ad59558e0b668154fd3455ec18b9533a22407e73945f038c6ca2f"},"id":"project.opened"}}
{"recorder_version":"21","session":"85970fce100a","build":"192.6603.28","bucket":"22","time":1574973961923,"group":{"id":"performance","version":"21"},"event":{"count":1,"data":{"duration_ms":644,"created":1574973961923},"id":"ui.lagging"}}
{"recorder_version":"21","session":"85970fce100a","build":"192.6603.28","bucket":"22","time":1574973965653,"group":{"id":"settings","version":"4"},"event":{"state":true,"data":{"component":"XmlEditorOptions","created":1574973965653},"id":"invoked"}}
{"recorder_version":"21","session":"85970fce100a","build":"192.6603.28","bucket":"22","time":1574973966368,"group":{"id":"performance","version":"21"},"event":{"count":1,"data":{"duration_ms":3078,"created":1574973966368},"id":"ui.lagging"}}
{"recorder_version":"21","session":"85970fce100a","build":"192.6603.28","bucket":"22","time":1574973966371,"group":{"id":"performance","version":"21"},"event":{"count":1,"data":{"duration_ms":2079,"created":1574973966377},"id":"ui.lagging"}}
{"recorder_version":"21","session":"85970fce100a","build":"192.6603.28","bucket":"22","time":1574973966371,"group":{"id":"performance","version":"21"},"event":{"count":1,"data":{"duration_ms":1049,"created":1574973966378},"id":"ui.lagging"}}
{"recorder_version":"21","session":"85970fce100a","build":"192.6603.28","bucket":"22","time":1574973966863,"group":{"id":"toolwindow","version":"21"},"event":{"count":1,"data":{"os":"Windows","created":1574973966863,"plugin_type":"PLATFORM"},"id":"Project"}}
{"recorder_version":"21","session":"85970fce100a","build":"192.6603.28","bucket":"22","time":1574973969486,"group":{"id":"performance","version":"21"},"event":{"count":1,"data":{"duration_ms":2141,"created":1574973969487},"id":"ui.lagging"}}
{"recorder_version":"21","session":"85970fce100a","build":"192.6603.28","bucket":"22","time":1574973969517,"group":{"id":"performance","version":"21"},"event":{"count":1,"data":{"duration_ms":1163,"created":1574973969517},"id":"ui.lagging"}}
{"recorder_version":"21","session":"85970fce100a","build":"192.6603.28","bucket":"22","time":1574973970219,"group":{"id":"performance","version":"21"},"event":{"count":1,"data":{"duration_ms":854,"created":1574973970219},"id":"ui.lagging"}}
{"recorder_version":"21","session":"85970fce100a","build":"192.6603.28","bucket":"22","time":1574973970522,"group":{"id":"performance","version":"21"},"event":{"count":1,"data":{"duration_ms":153,"created":1574973970522},"id":"ui.lagging"}}
{"recorder_version":"21","session":"85970fce100a","build":"192.6603.28","bucket":"22","time":1574973970833,"group":{"id":"project.fs","version":"1"},"event":{"state":true,"data":{"os":"Windows","cs-project":false,"created":1574973970833,"project":"8091b5937a0ad59558e0b668154fd3455ec18b9533a22407e73945f038c6ca2f","cs-implicit":true,"cs-system":false},"id":"case-sensitivity"}}
{"recorder_version":"21","session":"85970fce100a","build":"192.6603.28","bucket":"22","time":1574973970834,"group":{"id":"project.fs","version":"1"},"event":{"state":true,"data":{"created":1574973970834},"id":"invoked"}}
{"recorder_version":"21","session":"85970fce100a","build":"192.6603.28","bucket":"22","time":1574973970836,"group":{"id":"project.fs","version":"1"},"event":{"state":true,"data":{"pct-non-watched":0,"created":1574973970836,"project":"8091b5937a0ad59558e0b668154fd3455ec18b9533a22407e73945f038c6ca2f"},"id":"roots-watched"}}
{"recorder_version":"21","session":"85970fce100a","build":"192.6603.28","bucket":"22","time":1574973970836,"group":{"id":"project.fs","version":"1"},"event":{"state":true,"data":{"created":1574973970836},"id":"invoked"}}
{"recorder_version":"21","session":"85970fce100a","build":"192.6603.28","bucket":"22","time":1574973971008,"group":{"id":"ui.dialogs","version":"21"},"event":{"count":1,"data":{"code":1,"created":1574973971009,"plugin_type":"PLATFORM","type":"close"},"id":"com.intellij.openapi.progress.util.ProgressDialog$MyDialogWrapper"}}
{"recorder_version":"21","session":"85970fce100a","build":"192.6603.28","bucket":"22","time":1574973971843,"group":{"id":"lifecycle","version":"21"},"event":{"count":1,"data":{"duration_ms":15683,"created":1574973971843,"project":"8091b5937a0ad59558e0b668154fd3455ec18b9533a22407e73945f038c6ca2f"},"id":"project.opening.finished"}}
{"recorder_version":"21","session":"85970fce100a","build":"192.6603.28","bucket":"22","time":1574973971892,"group":{"id":"performance","version":"21"},"event":{"count":1,"data":{"duration_ms":520,"created":1574973971900},"id":"ui.lagging"}}
{"recorder_version":"21","session":"85970fce100a","build":"192.6603.28","bucket":"22","time":1574973974763,"group":{"id":"kotlin.jps.target","version":"1"},"event":{"count":1,"data":{"plugin_version":"validation.undefined_rule","created":1574973974766},"id":"validation.undefined_rule"}}
{"recorder_version":"21","session":"85970fce100a","build":"192.6603.28","bucket":"22","time":1574973978972,"group":{"id":"lifecycle","version":"21"},"event":{"count":1,"data":{"created":1574973978982,"project":"8091b5937a0ad59558e0b668154fd3455ec18b9533a22407e73945f038c6ca2f"},"id":"frame.deactivated"}}
{"recorder_version":"21","session":"85970fce100a","build":"192.6603.28","bucket":"22","time":1574973981886,"group":{"id":"performance","version":"21"},"event":{"count":1,"data":{"duration_ms":318,"created":1574973981886},"id":"ui.lagging"}}
{"recorder_version":"21","session":"85970fce100a","build":"192.6603.28","bucket":"22","time":1574974054769,"group":{"id":"performance","version":"21"},"event":{"count":1,"data":{"duration_ms":0,"created":1574974054770},"id":"ui.latency"}}
{"recorder_version":"21","session":"85970fce100a","build":"192.6603.28","bucket":"22","time":1574974088151,"group":{"id":"lifecycle","version":"21"},"event":{"count":1,"data":{"created":1574974088164,"project":"8091b5937a0ad59558e0b668154fd3455ec18b9533a22407e73945f038c6ca2f"},"id":"frame.activated"}}
{"recorder_version":"21","session":"85970fce100a","build":"192.6603.28","bucket":"22","time":1574974091074,"group":{"id":"lifecycle","version":"21"},"event":{"count":1,"data":{"created":1574974091075,"project":"8091b5937a0ad59558e0b668154fd3455ec18b9533a22407e73945f038c6ca2f"},"id":"frame.deactivated"}}
{"recorder_version":"21","session":"85970fce100a","build":"192.6603.28","bucket":"22","time":1574983833623,"group":{"id":"build.tools.actions","version":"1"},"event":{"count":1,"data":{"created":1574983833623},"id":"registered"}}
{"recorder_version":"21","session":"85970fce100a","build":"192.6603.28","bucket":"22","time":1574983833623,"group":{"id":"file.types.usage","version":"21"},"event":{"count":1,"data":{"created":1574983833623},"id":"registered"}}
{"recorder_version":"21","session":"85970fce100a","build":"192.6603.28","bucket":"22","time":1574983833623,"group":{"id":"ide.script.engine","version":"1"},"event":{"count":1,"data":{"created":1574983833623},"id":"registered"}}
{"recorder_version":"21","session":"85970fce100a","build":"192.6603.28","bucket":"22","time":1574983833623,"group":{"id":"actions.runAnything","version":"1"},"event":{"count":1,"data":{"created":1574983833624},"id":"registered"}}
{"recorder_version":"21","session":"85970fce100a","build":"192.6603.28","bucket":"22","time":1574983833623,"group":{"id":"toolwindow","version":"21"},"event":{"count":1,"data":{"created":1574983833624},"id":"registered"}}
{"recorder_version":"21","session":"85970fce100a","build":"192.6603.28","bucket":"22","time":1574983833623,"group":{"id":"kotlin.ide.newFileTempl","version":"1"},"event":{"count":1,"data":{"created":1574983833624},"id":"registered"}}
{"recorder_version":"21","session":"85970fce100a","build":"192.6603.28","bucket":"22","time":1574983833623,"group":{"id":"live.templates","version":"21"},"event":{"count":1,"data":{"created":1574983833624},"id":"registered"}}
{"recorder_version":"21","session":"85970fce100a","build":"192.6603.28","bucket":"22","time":1574983833623,"group":{"id":"ide.self.update","version":"2"},"event":{"count":1,"data":{"created":1574983833624},"id":"registered"}}
{"recorder_version":"21","session":"85970fce100a","build":"192.6603.28","bucket":"22","time":1574983833623,"group":{"id":"ui.settings","version":"21"},"event":{"count":1,"data":{"created":1574983833624},"id":"registered"}}
{"recorder_version":"21","session":"85970fce100a","build":"192.6603.28","bucket":"22","time":1574983833623,"group":{"id":"lifecycle","version":"21"},"event":{"count":1,"data":{"created":1574983833625},"id":"registered"}}
{"recorder_version":"21","session":"85970fce100a","build":"192.6603.28","bucket":"22","time":1574983833623,"group":{"id":"vcs.diff.trigger","version":"1"},"event":{"count":1,"data":{"created":1574983833625},"id":"registered"}}
{"recorder_version":"21","session":"85970fce100a","build":"192.6603.28","bucket":"22","time":1574983833623,"group":{"id":"vcs.log.trigger","version":"2"},"event":{"count":1,"data":{"created":1574983833625},"id":"registered"}}
{"recorder_version":"21","session":"85970fce100a","build":"192.6603.28","bucket":"22","time":1574983833623,"group":{"id":"productivity","version":"21"},"event":{"count":1,"data":{"created":1574983833625},"id":"registered"}}
{"recorder_version":"21","session":"85970fce100a","build":"192.6603.28","bucket":"22","time":1574983833623,"group":{"id":"debugger.breakpoints.usage","version":"2"},"event":{"count":1,"data":{"created":1574983833625},"id":"registered"}}
{"recorder_version":"21","session":"85970fce100a","build":"192.6603.28","bucket":"22","time":1574983833623,"group":{"id":"kotlin.gradle.library","version":"1"},"event":{"count":1,"data":{"created":1574983833625},"id":"registered"}}
{"recorder_version":"21","session":"85970fce100a","build":"192.6603.28","bucket":"22","time":1574983833623,"group":{"id":"find","version":"1"},"event":{"count":1,"data":{"created":1574983833625},"id":"registered"}}
{"recorder_version":"21","session":"85970fce100a","build":"192.6603.28","bucket":"22","time":1574983833623,"group":{"id":"kotlin.gradle.target","version":"1"},"event":{"count":1,"data":{"created":1574983833626},"id":"registered"}}
{"recorder_version":"21","session":"85970fce100a","build":"192.6603.28","bucket":"22","time":1574983833623,"group":{"id":"gutter.icon.click","version":"1"},"event":{"count":1,"data":{"created":1574983833626},"id":"registered"}}
{"recorder_version":"21","session":"85970fce100a","build":"192.6603.28","bucket":"22","time":1574983833623,"group":{"id":"shell.script","version":"1"},"event":{"count":1,"data":{"created":1574983833626},"id":"registered"}}
{"recorder_version":"21","session":"85970fce100a","build":"192.6603.28","bucket":"22","time":1574983833623,"group":{"id":"kotlin.ide.debugger.eval","version":"1"},"event":{"count":1,"data":{"created":1574983833626},"id":"registered"}}
{"recorder_version":"21","session":"85970fce100a","build":"192.6603.28","bucket":"22","time":1574983833623,"group":{"id":"build.maven.actions","version":"1"},"event":{"count":1,"data":{"created":1574983833626},"id":"registered"}}
{"recorder_version":"21","session":"85970fce100a","build":"192.6603.28","bucket":"22","time":1574983833623,"group":{"id":"ui.event","version":"1"},"event":{"count":1,"data":{"created":1574983833626},"id":"registered"}}
{"recorder_version":"21","session":"85970fce100a","build":"192.6603.28","bucket":"22","time":1574983833623,"group":{"id":"new.project.wizard","version":"1"},"event":{"count":1,"data":{"created":1574983833627},"id":"registered"}}
{"recorder_version":"21","session":"85970fce100a","build":"192.6603.28","bucket":"22","time":1574983833623,"group":{"id":"kotlin.ide.npwizards","version":"1"},"event":{"count":1,"data":{"created":1574983833627},"id":"registered"}}
{"recorder_version":"21","session":"85970fce100a","build":"192.6603.28","bucket":"22","time":1574983833623,"group":{"id":"intentions","version":"21"},"event":{"count":1,"data":{"created":1574983833627},"id":"registered"}}
{"recorder_version":"21","session":"85970fce100a","build":"192.6603.28","bucket":"22","time":1574983833623,"group":{"id":"ui.dialogs","version":"21"},"event":{"count":1,"data":{"created":1574983833627},"id":"registered"}}
{"recorder_version":"21","session":"85970fce100a","build":"192.6603.28","bucket":"22","time":1574983833623,"group":{"id":"vcs.back.forward.trigger","version":"1"},"event":{"count":1,"data":{"created":1574983833627},"id":"registered"}}
{"recorder_version":"21","session":"85970fce100a","build":"192.6603.28","bucket":"22","time":1574983833623,"group":{"id":"vcs.change.reminder","version":"1"},"event":{"count":1,"data":{"created":1574983833627},"id":"registered"}}
{"recorder_version":"21","session":"85970fce100a","build":"192.6603.28","bucket":"22","time":1574983833623,"group":{"id":"toolbar","version":"21"},"event":{"count":1,"data":{"created":1574983833628},"id":"registered"}}
{"recorder_version":"21","session":"85970fce100a","build":"192.6603.28","bucket":"22","time":1574983833623,"group":{"id":"build.gradle.actions","version":"1"},"event":{"count":1,"data":{"created":1574983833628},"id":"registered"}}
{"recorder_version":"21","session":"85970fce100a","build":"192.6603.28","bucket":"22","time":1574983833623,"group":{"id":"kotlin.maven.target","version":"1"},"event":{"count":1,"data":{"created":1574983833628},"id":"registered"}}
{"recorder_version":"21","session":"85970fce100a","build":"192.6603.28","bucket":"22","time":1574983833623,"group":{"id":"performance","version":"21"},"event":{"count":1,"data":{"created":1574983833628},"id":"registered"}}
{"recorder_version":"21","session":"85970fce100a","build":"192.6603.28","bucket":"22","time":1574983833623,"group":{"id":"searchEverywhere","version":"1"},"event":{"count":1,"data":{"created":1574983833628},"id":"registered"}}
{"recorder_version":"21","session":"85970fce100a","build":"192.6603.28","bucket":"22","time":1574983833623,"group":{"id":"kotlin.ide.action.refactoring","version":"1"},"event":{"count":1,"data":{"created":1574983833628},"id":"registered"}}
{"recorder_version":"21","session":"85970fce100a","build":"192.6603.28","bucket":"22","time":1574983833623,"group":{"id":"ui.tips","version":"2"},"event":{"count":1,"data":{"created":1574983833629},"id":"registered"}}
{"recorder_version":"21","session":"85970fce100a","build":"192.6603.28","bucket":"22","time":1574983833623,"group":{"id":"surround.with","version":"1"},"event":{"count":1,"data":{"created":1574983833629},"id":"registered"}}
{"recorder_version":"21","session":"85970fce100a","build":"192.6603.28","bucket":"22","time":1574983833623,"group":{"id":"import.old.config","version":"1"},"event":{"count":1,"data":{"created":1574983833629},"id":"registered"}}
{"recorder_version":"21","session":"85970fce100a","build":"192.6603.28","bucket":"22","time":1574983833623,"group":{"id":"json.schema","version":"1"},"event":{"count":1,"data":{"created":1574983833629},"id":"registered"}}
{"recorder_version":"21","session":"85970fce100a","build":"192.6603.28","bucket":"22","time":1574983833623,"group":{"id":"kotlin.jps.target","version":"1"},"event":{"count":1,"data":{"created":1574983833629},"id":"registered"}}
{"recorder_version":"21","session":"85970fce100a","build":"192.6603.28","bucket":"22","time":1574983833623,"group":{"id":"terminalShell","version":"1"},"event":{"count":1,"data":{"created":1574983833629},"id":"registered"}}
{"recorder_version":"21","session":"85970fce100a","build":"192.6603.28","bucket":"22","time":1574983833623,"group":{"id":"completion.postfix","version":"21"},"event":{"count":1,"data":{"created":1574983833630},"id":"registered"}}
{"recorder_version":"21","session":"85970fce100a","build":"192.6603.28","bucket":"22","time":1574983833623,"group":{"id":"build.ant.actions","version":"1"},"event":{"count":1,"data":{"created":1574983833630},"id":"registered"}}
{"recorder_version":"21","session":"85970fce100a","build":"192.6603.28","bucket":"22","time":1574983833623,"group":{"id":"actions","version":"21"},"event":{"count":1,"data":{"created":1574983833630},"id":"registered"}}
{"recorder_version":"21","session":"85970fce100a","build":"192.6603.28","bucket":"22","time":1574983833623,"group":{"id":"event.log","version":"21"},"event":{"count":1,"data":{"created":1574983833630},"id":"registered"}}
{"recorder_version":"21","session":"85970fce100a","build":"192.6603.28","bucket":"22","time":1574983833623,"group":{"id":"run.configuration.exec","version":"21"},"event":{"count":1,"data":{"created":1574983833630},"id":"registered"}}
{"recorder_version":"21","session":"85970fce100a","build":"192.6603.28","bucket":"22","time":1574983833623,"group":{"id":"build.maven.packagesearch","version":"2"},"event":{"count":1,"data":{"created":1574983833630},"id":"registered"}}
{"recorder_version":"21","session":"85970fce100a","build":"192.6603.28","bucket":"22","time":1574983834339,"group":{"id":"performance","version":"21"},"event":{"count":1,"data":{"duration_ms":720,"created":1574983834339},"id":"ui.latency"}}
{"recorder_version":"21","session":"85970fce100a","build":"192.6603.28","bucket":"22","time":1574983834339,"group":{"id":"performance","version":"21"},"event":{"count":1,"data":{"duration_ms":720,"created":1574983834339},"id":"ui.lagging"}}
{"recorder_version":"21","session":"85970fce100a","build":"192.6603.28","bucket":"22","time":1574983840836,"group":{"id":"vcs.log.data","version":"2"},"event":{"state":true,"data":{"created":1574983840836,"project":"8091b5937a0ad59558e0b668154fd3455ec18b9533a22407e73945f038c6ca2f"},"id":"invoked"}}
{"recorder_version":"21","session":"85970fce100a","build":"192.6603.28","bucket":"22","time":1574983840839,"group":{"id":"module.facets","version":"2"},"event":{"state":true,"data":{"created":1574983840839,"project":"8091b5937a0ad59558e0b668154fd3455ec18b9533a22407e73945f038c6ca2f"},"id":"invoked"}}
{"recorder_version":"21","session":"85970fce100a","build":"192.6603.28","bucket":"22","time":1574983840841,"group":{"id":"build.tools.state","version":"1"},"event":{"state":true,"data":{"created":1574983840841,"count":0,"externalSystemId":"Gradle","project":"8091b5937a0ad59558e0b668154fd3455ec18b9533a22407e73945f038c6ca2f"},"id":"numberOfLinkedProject"}}
{"recorder_version":"21","session":"85970fce100a","build":"192.6603.28","bucket":"22","time":1574983840841,"group":{"id":"build.tools.state","version":"1"},"event":{"state":true,"data":{"created":1574983840841,"project":"8091b5937a0ad59558e0b668154fd3455ec18b9533a22407e73945f038c6ca2f"},"id":"invoked"}}
{"recorder_version":"21","session":"85970fce100a","build":"192.6603.28","bucket":"22","time":1574983840868,"group":{"id":"git.configuration","version":"2"},"event":{"state":true,"data":{"created":1574983840868,"project":"8091b5937a0ad59558e0b668154fd3455ec18b9533a22407e73945f038c6ca2f","type":"NULL","version":"0.0.0"},"id":"executable"}}
{"recorder_version":"21","session":"85970fce100a","build":"192.6603.28","bucket":"22","time":1574983840868,"group":{"id":"git.configuration","version":"2"},"event":{"state":true,"data":{"created":1574983840869,"project":"8091b5937a0ad59558e0b668154fd3455ec18b9533a22407e73945f038c6ca2f"},"id":"invoked"}}
{"recorder_version":"21","session":"85970fce100a","build":"192.6603.28","bucket":"22","time":1574983840958,"group":{"id":"vcs.settings","version":"2"},"event":{"state":true,"data":{"created":1574983840958,"project":"8091b5937a0ad59558e0b668154fd3455ec18b9533a22407e73945f038c6ca2f"},"id":"invoked"}}
{"recorder_version":"21","session":"85970fce100a","build":"192.6603.28","bucket":"22","time":1574983840965,"group":{"id":"debugger.breakpoints","version":"2"},"event":{"state":true,"data":{"created":1574983840965,"count":0,"project":"8091b5937a0ad59558e0b668154fd3455ec18b9533a22407e73945f038c6ca2f"},"id":"total"}}
{"recorder_version":"21","session":"85970fce100a","build":"192.6603.28","bucket":"22","time":1574983840965,"group":{"id":"debugger.breakpoints","version":"2"},"event":{"state":true,"data":{"created":1574983840966,"count":0,"project":"8091b5937a0ad59558e0b668154fd3455ec18b9533a22407e73945f038c6ca2f"},"id":"total.disabled"}}
{"recorder_version":"21","session":"85970fce100a","build":"192.6603.28","bucket":"22","time":1574983840965,"group":{"id":"debugger.breakpoints","version":"2"},"event":{"state":true,"data":{"created":1574983840966,"count":0,"project":"8091b5937a0ad59558e0b668154fd3455ec18b9533a22407e73945f038c6ca2f"},"id":"total.non.suspending"}}
{"recorder_version":"21","session":"85970fce100a","build":"192.6603.28","bucket":"22","time":1574983840965,"group":{"id":"debugger.breakpoints","version":"2"},"event":{"state":true,"data":{"created":1574983840966,"project":"8091b5937a0ad59558e0b668154fd3455ec18b9533a22407e73945f038c6ca2f"},"id":"invoked"}}
{"recorder_version":"21","session":"85970fce100a","build":"192.6603.28","bucket":"22","time":1574983840969,"group":{"id":"vcs.configuration","version":"2"},"event":{"state":true,"data":{"created":1574983840969,"count":0,"project":"8091b5937a0ad59558e0b668154fd3455ec18b9533a22407e73945f038c6ca2f"},"id":"ignored.files"}}
{"recorder_version":"21","session":"85970fce100a","build":"192.6603.28","bucket":"22","time":1574983840969,"group":{"id":"vcs.configuration","version":"2"},"event":{"state":true,"data":{"created":1574983840970,"count":0,"project":"8091b5937a0ad59558e0b668154fd3455ec18b9533a22407e73945f038c6ca2f"},"id":"unversioned.files"}}
{"recorder_version":"21","session":"85970fce100a","build":"192.6603.28","bucket":"22","time":1574983840969,"group":{"id":"vcs.configuration","version":"2"},"event":{"state":true,"data":{"created":1574983840970,"count":0,"project":"8091b5937a0ad59558e0b668154fd3455ec18b9533a22407e73945f038c6ca2f"},"id":"mapped.roots"}}
{"recorder_version":"21","session":"85970fce100a","build":"192.6603.28","bucket":"22","time":1574983840969,"group":{"id":"vcs.configuration","version":"2"},"event":{"state":true,"data":{"created":1574983840970,"count":1,"project":"8091b5937a0ad59558e0b668154fd3455ec18b9533a22407e73945f038c6ca2f"},"id":"changelists"}}
{"recorder_version":"21","session":"85970fce100a","build":"192.6603.28","bucket":"22","time":1574983840969,"group":{"id":"vcs.configuration","version":"2"},"event":{"state":true,"data":{"created":1574983840970,"project":"8091b5937a0ad59558e0b668154fd3455ec18b9533a22407e73945f038c6ca2f"},"id":"invoked"}}
{"recorder_version":"21","session":"85970fce100a","build":"192.6603.28","bucket":"22","time":1574983840974,"group":{"id":"inspections","version":"1"},"event":{"state":true,"data":{"created":1574983840974,"project":"8091b5937a0ad59558e0b668154fd3455ec18b9533a22407e73945f038c6ca2f"},"id":"invoked"}}
{"recorder_version":"21","session":"85970fce100a","build":"192.6603.28","bucket":"22","time":1574983840976,"group":{"id":"editor.settings.project","version":"2"},"event":{"state":true,"data":{"created":1574983840976,"project":"8091b5937a0ad59558e0b668154fd3455ec18b9533a22407e73945f038c6ca2f"},"id":"invoked"}}
{"recorder_version":"21","session":"85970fce100a","build":"192.6603.28","bucket":"22","time":1574983840983,"group":{"id":"vcs.log.index.project","version":"2"},"event":{"state":true,"data":{"created":1574983840983,"project":"8091b5937a0ad59558e0b668154fd3455ec18b9533a22407e73945f038c6ca2f"},"id":"invoked"}}
{"recorder_version":"21","session":"85970fce100a","build":"192.6603.28","bucket":"22","time":1574983840984,"group":{"id":"build.maven.state","version":"1"},"event":{"state":true,"data":{"created":1574983840984,"project":"8091b5937a0ad59558e0b668154fd3455ec18b9533a22407e73945f038c6ca2f"},"id":"invoked"}}
{"recorder_version":"21","session":"85970fce100a","build":"192.6603.28","bucket":"22","time":1574983841005,"group":{"id":"vcs.log.ui","version":"2"},"event":{"state":true,"data":{"created":1574983841006,"project":"8091b5937a0ad59558e0b668154fd3455ec18b9533a22407e73945f038c6ca2f"},"id":"invoked"}}
{"recorder_version":"21","session":"85970fce100a","build":"192.6603.28","bucket":"22","time":1574983841012,"group":{"id":"run.configuration.type","version":"4"},"event":{"state":true,"data":{"created":1574983841012,"project":"8091b5937a0ad59558e0b668154fd3455ec18b9533a22407e73945f038c6ca2f"},"id":"invoked"}}
{"recorder_version":"21","session":"85970fce100a","build":"192.6603.28","bucket":"22","time":1574983841222,"group":{"id":"svn.configuration","version":"1"},"event":{"state":true,"data":{"created":1574983841222,"project":"validation.unreachable.whitelist"},"id":"validation.unreachable.whitelist"}}
{"recorder_version":"21","session":"85970fce100a","build":"192.6603.28","bucket":"22","time":1574983841223,"group":{"id":"run.dashboard","version":"1"},"event":{"state":true,"data":{"created":1574983841223,"project":"validation.unreachable.whitelist","enabled":"validation.unreachable.whitelist"},"id":"validation.unreachable.whitelist"}}
{"recorder_version":"21","session":"85970fce100a","build":"192.6603.28","bucket":"22","time":1574983841224,"group":{"id":"run.dashboard","version":"1"},"event":{"state":true,"data":{"created":1574983841224,"project":"validation.unreachable.whitelist"},"id":"validation.unreachable.whitelist"}}
{"recorder_version":"21","session":"85970fce100a","build":"192.6603.28","bucket":"22","time":1574983841251,"group":{"id":"javaLibraryJars","version":"1"},"event":{"state":true,"data":{"created":1574983841251,"project":"validation.unreachable.whitelist"},"id":"validation.unreachable.whitelist"}}
{"recorder_version":"21","session":"85970fce100a","build":"192.6603.28","bucket":"22","time":1574983841251,"group":{"id":"build.gradle.state","version":"1"},"event":{"state":true,"data":{"created":1574983841252,"project":"validation.unreachable.whitelist"},"id":"validation.unreachable.whitelist"}}
{"recorder_version":"21","session":"85970fce100a","build":"192.6603.28","bucket":"22","time":1574983841252,"group":{"id":"build.tools","version":"1"},"event":{"state":true,"data":{"created":1574983841252,"project":"validation.unreachable.whitelist"},"id":"validation.unreachable.whitelist"}}
{"recorder_version":"21","session":"85970fce100a","build":"192.6603.28","bucket":"22","time":1574983841253,"group":{"id":"java.compiler.settings.project","version":"1"},"event":{"state":true,"data":{"created":1574983841253,"project":"validation.unreachable.whitelist","enabled":"validation.unreachable.whitelist"},"id":"validation.unreachable.whitelist"}}
{"recorder_version":"21","session":"85970fce100a","build":"192.6603.28","bucket":"22","time":1574983841253,"group":{"id":"java.compiler.settings.project","version":"1"},"event":{"state":true,"data":{"created":1574983841254,"project":"validation.unreachable.whitelist","enabled":"validation.unreachable.whitelist"},"id":"validation.unreachable.whitelist"}}
{"recorder_version":"21","session":"85970fce100a","build":"192.6603.28","bucket":"22","time":1574983841253,"group":{"id":"java.compiler.settings.project","version":"1"},"event":{"state":true,"data":{"created":1574983841254,"project":"validation.unreachable.whitelist","enabled":"validation.unreachable.whitelist"},"id":"validation.unreachable.whitelist"}}
{"recorder_version":"21","session":"85970fce100a","build":"192.6603.28","bucket":"22","time":1574983841253,"group":{"id":"java.compiler.settings.project","version":"1"},"event":{"state":true,"data":{"created":1574983841254,"project":"validation.unreachable.whitelist","enabled":"validation.unreachable.whitelist"},"id":"validation.unreachable.whitelist"}}
{"recorder_version":"21","session":"85970fce100a","build":"192.6603.28","bucket":"22","time":1574983841253,"group":{"id":"java.compiler.settings.project","version":"1"},"event":{"state":true,"data":{"created":1574983841254,"project":"validation.unreachable.whitelist","enabled":"validation.unreachable.whitelist"},"id":"validation.unreachable.whitelist"}}
{"recorder_version":"21","session":"85970fce100a","build":"192.6603.28","bucket":"22","time":1574983841253,"group":{"id":"java.compiler.settings.project","version":"1"},"event":{"state":true,"data":{"created":1574983841254,"project":"validation.unreachable.whitelist","enabled":"validation.unreachable.whitelist"},"id":"validation.unreachable.whitelist"}}
{"recorder_version":"21","session":"85970fce100a","build":"192.6603.28","bucket":"22","time":1574983841253,"group":{"id":"java.compiler.settings.project","version":"1"},"event":{"state":true,"data":{"created":1574983841255,"project":"validation.unreachable.whitelist","enabled":"validation.unreachable.whitelist"},"id":"validation.unreachable.whitelist"}}
{"recorder_version":"21","session":"85970fce100a","build":"192.6603.28","bucket":"22","time":1574983841253,"group":{"id":"java.compiler.settings.project","version":"1"},"event":{"state":true,"data":{"created":1574983841255,"project":"validation.unreachable.whitelist"},"id":"validation.unreachable.whitelist"}}
{"recorder_version":"21","session":"85970fce100a","build":"192.6603.28","bucket":"22","time":1574983842228,"group":{"id":"file.types","version":"1"},"event":{"state":true,"data":{"plugin":"com.intellij.java","created":1574983842228,"plugin_type":"JB_BUNDLED","project":"8091b5937a0ad59558e0b668154fd3455ec18b9533a22407e73945f038c6ca2f"},"id":"JAVA"}}
{"recorder_version":"21","session":"85970fce100a","build":"192.6603.28","bucket":"22","time":1574983842229,"group":{"id":"file.types","version":"1"},"event":{"state":true,"data":{"created":1574983842229,"plugin_type":"PLATFORM","project":"8091b5937a0ad59558e0b668154fd3455ec18b9533a22407e73945f038c6ca2f"},"id":"IDEA_MODULE"}}
{"recorder_version":"21","session":"85970fce100a","build":"192.6603.28","bucket":"22","time":1574983842229,"group":{"id":"file.types","version":"1"},"event":{"state":true,"data":{"created":1574983842229,"project":"8091b5937a0ad59558e0b668154fd3455ec18b9533a22407e73945f038c6ca2f"},"id":"invoked"}}
{"recorder_version":"21","session":"85970fce100a","build":"192.6603.28","bucket":"22","time":1574983842229,"group":{"id":"build.ant.state","version":"1"},"event":{"state":true,"data":{"created":1574983842230,"project":"8091b5937a0ad59558e0b668154fd3455ec18b9533a22407e73945f038c6ca2f"},"id":"invoked"}}
{"recorder_version":"21","session":"85970fce100a","build":"192.6603.28","bucket":"22","time":1574983842237,"group":{"id":"project.structure","version":"2"},"event":{"state":true,"data":{"created":1574983842237,"count":1,"project":"8091b5937a0ad59558e0b668154fd3455ec18b9533a22407e73945f038c6ca2f"},"id":"content.roots.total"}}
{"recorder_version":"21","session":"85970fce100a","build":"192.6603.28","bucket":"22","time":1574983842237,"group":{"id":"project.structure","version":"2"},"event":{"state":true,"data":{"created":1574983842238,"count":0,"project":"8091b5937a0ad59558e0b668154fd3455ec18b9533a22407e73945f038c6ca2f"},"id":"package.prefix"}}
{"recorder_version":"21","session":"85970fce100a","build":"192.6603.28","bucket":"22","time":1574983842238,"group":{"id":"project.structure","version":"2"},"event":{"state":true,"data":{"created":1574983842238,"count":1,"project":"8091b5937a0ad59558e0b668154fd3455ec18b9533a22407e73945f038c6ca2f"},"id":"source.roots.total"}}
{"recorder_version":"21","session":"85970fce100a","build":"192.6603.28","bucket":"22","time":1574983842238,"group":{"id":"project.structure","version":"2"},"event":{"state":true,"data":{"created":1574983842238,"count":1,"project":"8091b5937a0ad59558e0b668154fd3455ec18b9533a22407e73945f038c6ca2f"},"id":"modules.total"}}
{"recorder_version":"21","session":"85970fce100a","build":"192.6603.28","bucket":"22","time":1574983842238,"group":{"id":"project.structure","version":"2"},"event":{"state":true,"data":{"created":1574983842239,"count":0,"project":"8091b5937a0ad59558e0b668154fd3455ec18b9533a22407e73945f038c6ca2f"},"id":"excluded.roots.total"}}
{"recorder_version":"21","session":"85970fce100a","build":"192.6603.28","bucket":"22","time":1574983842242,"group":{"id":"project.structure","version":"2"},"event":{"state":true,"data":{"created":1574983842242,"count":1,"project":"8091b5937a0ad59558e0b668154fd3455ec18b9533a22407e73945f038c6ca2f","type":"java-source"},"id":"source.root"}}
{"recorder_version":"21","session":"85970fce100a","build":"192.6603.28","bucket":"22","time":1574983842243,"group":{"id":"project.structure","version":"2"},"event":{"state":true,"data":{"created":1574983842243,"project":"8091b5937a0ad59558e0b668154fd3455ec18b9533a22407e73945f038c6ca2f"},"id":"invoked"}}
{"recorder_version":"21","session":"85970fce100a","build":"192.6603.28","bucket":"22","time":1574983843547,"group":{"id":"plugins","version":"1"},"event":{"state":true,"data":{"created":1574983843548,"plugin_type":"NOT_LISTED"},"id":"enabled.not.bundled.plugin"}}
{"recorder_version":"21","session":"85970fce100a","build":"192.6603.28","bucket":"22","time":1574983843548,"group":{"id":"plugins","version":"1"},"event":{"state":true,"data":{"created":1574983843548},"id":"invoked"}}
{"recorder_version":"21","session":"85970fce100a","build":"192.6603.28","bucket":"22","time":1574983843561,"group":{"id":"ui.fonts","version":"1"},"event":{"state":true,"data":{"os":"Windows","created":1574983843563},"id":"UI.font.name[Segoe_UI]"}}
{"recorder_version":"21","session":"85970fce100a","build":"192.6603.28","bucket":"22","time":1574983843563,"group":{"id":"ui.fonts","version":"1"},"event":{"state":true,"data":{"os":"Windows","created":1574983843563},"id":"IDE.editor.font.size[13]"}}
{"recorder_version":"21","session":"85970fce100a","build":"192.6603.28","bucket":"22","time":1574983843564,"group":{"id":"ui.fonts","version":"1"},"event":{"state":true,"data":{"os":"Windows","created":1574983843564},"id":"IDE.editor.font.name[Consolas]"}}
{"recorder_version":"21","session":"85970fce100a","build":"192.6603.28","bucket":"22","time":1574983843565,"group":{"id":"ui.fonts","version":"1"},"event":{"state":true,"data":{"os":"Windows","created":1574983843565,"value":1.2},"id":"editor.lineSpacing"}}
{"recorder_version":"21","session":"85970fce100a","build":"192.6603.28","bucket":"22","time":1574983843565,"group":{"id":"ui.fonts","version":"1"},"event":{"state":true,"data":{"os":"Windows","created":1574983843565},"id":"UI.font.size[12]"}}
{"recorder_version":"21","session":"85970fce100a","build":"192.6603.28","bucket":"22","time":1574983843565,"group":{"id":"ui.fonts","version":"1"},"event":{"state":true,"data":{"os":"Windows","created":1574983843565},"id":"Presentation.mode.font.size[24]"}}
{"recorder_version":"21","session":"85970fce100a","build":"192.6603.28","bucket":"22","time":1574983843566,"group":{"id":"ui.fonts","version":"1"},"event":{"state":true,"data":{"created":1574983843566},"id":"invoked"}}
{"recorder_version":"21","session":"85970fce100a","build":"192.6603.28","bucket":"22","time":1574983843566,"group":{"id":"ui.hidpi.mode","version":"1"},"event":{"state":true,"data":{"os":"Windows","created":1574983843566},"id":"per_monitor_dpi"}}
{"recorder_version":"21","session":"85970fce100a","build":"192.6603.28","bucket":"22","time":1574983843567,"group":{"id":"ui.hidpi.mode","version":"1"},"event":{"state":true,"data":{"created":1574983843567},"id":"invoked"}}
{"recorder_version":"21","session":"85970fce100a","build":"192.6603.28","bucket":"22","time":1574983843568,"group":{"id":"ui.accessibility.screen.reader","version":"1"},"event":{"state":true,"data":{"os":"Windows","created":1574983843568},"id":"screen.reader.DISABLED"}}
{"recorder_version":"21","session":"85970fce100a","build":"192.6603.28","bucket":"22","time":1574983843568,"group":{"id":"ui.accessibility.screen.reader","version":"1"},"event":{"state":true,"data":{"created":1574983843568},"id":"invoked"}}
{"recorder_version":"21","session":"85970fce100a","build":"192.6603.28","bucket":"22","time":1574983843656,"group":{"id":"ui.screen.scale","version":"1"},"event":{"state":true,"data":{"os":"Windows","created":1574983843657},"id":"1.25"}}
{"recorder_version":"21","session":"85970fce100a","build":"192.6603.28","bucket":"22","time":1574983843658,"group":{"id":"ui.screen.scale","version":"1"},"event":{"state":true,"data":{"created":1574983843658},"id":"invoked"}}
{"recorder_version":"21","session":"85970fce100a","build":"192.6603.28","bucket":"22","time":1574983843659,"group":{"id":"ui.editor.color.schemes","version":"2"},"event":{"state":true,"data":{"os":"Windows","created":1574983843659,"value":false},"id":"Default"}}
{"recorder_version":"21","session":"85970fce100a","build":"192.6603.28","bucket":"22","time":1574983843659,"group":{"id":"ui.editor.color.schemes","version":"2"},"event":{"state":true,"data":{"created":1574983843659},"id":"invoked"}}
{"recorder_version":"21","session":"85970fce100a","build":"192.6603.28","bucket":"22","time":1574983843661,"group":{"id":"vcs.application.configuration","version":"1"},"event":{"state":true,"data":{"created":1574983843661},"id":"invoked"}}
{"recorder_version":"21","session":"85970fce100a","build":"192.6603.28","bucket":"22","time":1574983843722,"group":{"id":"vcs.github","version":"1"},"event":{"state":true,"data":{"created":1574983843722},"id":"github.accounts.not.default.host.disabled"}}
{"recorder_version":"21","session":"85970fce100a","build":"192.6603.28","bucket":"22","time":1574983843723,"group":{"id":"vcs.github","version":"1"},"event":{"state":true,"data":{"created":1574983843723},"id":"github.accounts.count.0"}}
{"recorder_version":"21","session":"85970fce100a","build":"192.6603.28","bucket":"22","time":1574983843725,"group":{"id":"vcs.github","version":"1"},"event":{"state":true,"data":{"created":1574983843725},"id":"invoked"}}
{"recorder_version":"21","session":"85970fce100a","build":"192.6603.28","bucket":"22","time":1574983843763,"group":{"id":"editor.settings.ide","version":"2"},"event":{"state":true,"data":{"created":1574983843763,"enabled":true},"id":"completionHints"}}
{"recorder_version":"21","session":"85970fce100a","build":"192.6603.28","bucket":"22","time":1574983843763,"group":{"id":"editor.settings.ide","version":"2"},"event":{"state":true,"data":{"created":1574983843763},"id":"invoked"}}
{"recorder_version":"21","session":"85970fce100a","build":"192.6603.28","bucket":"22","time":1574983843763,"group":{"id":"keymaps.name","version":"1"},"event":{"state":true,"data":{"os":"Windows","created":1574983843763},"id":"$default"}}
{"recorder_version":"21","session":"85970fce100a","build":"192.6603.28","bucket":"22","time":1574983843763,"group":{"id":"keymaps.name","version":"1"},"event":{"state":true,"data":{"created":1574983843763},"id":"invoked"}}
{"recorder_version":"21","session":"85970fce100a","build":"192.6603.28","bucket":"22","time":1574983843763,"group":{"id":"ui.look.and.feel","version":"1"},"event":{"state":true,"data":{"os":"Windows","created":1574983843763},"id":"IntelliJ"}}
{"recorder_version":"21","session":"85970fce100a","build":"192.6603.28","bucket":"22","time":1574983843763,"group":{"id":"ui.look.and.feel","version":"1"},"event":{"state":true,"data":{"created":1574983843764},"id":"invoked"}}
{"recorder_version":"21","session":"85970fce100a","build":"192.6603.28","bucket":"22","time":1574983843764,"group":{"id":"ui.info.features","version":"2"},"event":{"state":true,"data":{"os":"Windows","created":1574983843765},"id":"Allow.merging.buttons.enabled"}}
{"recorder_version":"21","session":"85970fce100a","build":"192.6603.28","bucket":"22","time":1574983843765,"group":{"id":"ui.info.features","version":"2"},"event":{"state":true,"data":{"os":"Windows","created":1574983843765},"id":"QuickDoc.AutoUpdate"}}
{"recorder_version":"21","session":"85970fce100a","build":"192.6603.28","bucket":"22","time":1574983843765,"group":{"id":"ui.info.features","version":"2"},"event":{"state":true,"data":{"os":"Windows","created":1574983843765},"id":"Hide.Editor.Tabs.If.Needed"}}
{"recorder_version":"21","session":"85970fce100a","build":"192.6603.28","bucket":"22","time":1574983843765,"group":{"id":"ui.info.features","version":"2"},"event":{"state":true,"data":{"grouped":"[30_50]","os":"Windows","created":1574983843765},"id":"recent.files"}}
{"recorder_version":"21","session":"85970fce100a","build":"192.6603.28","bucket":"22","time":1574983843765,"group":{"id":"ui.info.features","version":"2"},"event":{"state":true,"data":{"os":"Windows","created":1574983843765},"id":"Line.Numbers"}}
{"recorder_version":"21","session":"85970fce100a","build":"192.6603.28","bucket":"22","time":1574983843765,"group":{"id":"ui.info.features","version":"2"},"event":{"state":true,"data":{"os":"Windows","created":1574983843765},"id":"Tabs.Top"}}
{"recorder_version":"21","session":"85970fce100a","build":"192.6603.28","bucket":"22","time":1574983843765,"group":{"id":"ui.info.features","version":"2"},"event":{"state":true,"data":{"os":"Windows","created":1574983843766},"id":"Nav.Bar.visible"}}
{"recorder_version":"21","session":"85970fce100a","build":"192.6603.28","bucket":"22","time":1574983843765,"group":{"id":"ui.info.features","version":"2"},"event":{"state":true,"data":{"os":"Windows","created":1574983843766},"id":"Show.Editor.Tabs.In.Single.Row"}}
{"recorder_version":"21","session":"85970fce100a","build":"192.6603.28","bucket":"22","time":1574983843765,"group":{"id":"ui.info.features","version":"2"},"event":{"state":true,"data":{"os":"Windows","created":1574983843766},"id":"Recent.Files[30_50]"}}
{"recorder_version":"21","session":"85970fce100a","build":"192.6603.28","bucket":"22","time":1574983843765,"group":{"id":"ui.info.features","version":"2"},"event":{"state":true,"data":{"os":"Windows","created":1574983843766},"id":"Status.bar.visible"}}
{"recorder_version":"21","session":"85970fce100a","build":"192.6603.28","bucket":"22","time":1574983843765,"group":{"id":"ui.info.features","version":"2"},"event":{"state":true,"data":{"os":"Windows","created":1574983843766},"id":"Tool.Window.buttons.hidden"}}
{"recorder_version":"21","session":"85970fce100a","build":"192.6603.28","bucket":"22","time":1574983843765,"group":{"id":"ui.info.features","version":"2"},"event":{"state":true,"data":{"os":"Windows","created":1574983843766},"id":"Gutter.Icons"}}
{"recorder_version":"21","session":"85970fce100a","build":"192.6603.28","bucket":"22","time":1574983843765,"group":{"id":"ui.info.features","version":"2"},"event":{"state":true,"data":{"os":"Windows","created":1574983843767},"id":"Toolbar.hidden"}}
{"recorder_version":"21","session":"85970fce100a","build":"192.6603.28","bucket":"22","time":1574983843765,"group":{"id":"ui.info.features","version":"2"},"event":{"state":true,"data":{"os":"Windows","created":1574983843767},"id":"Toolbar.and.NavBar"}}
{"recorder_version":"21","session":"85970fce100a","build":"192.6603.28","bucket":"22","time":1574983843765,"group":{"id":"ui.info.features","version":"2"},"event":{"state":true,"data":{"created":1574983843767},"id":"invoked"}}
{"recorder_version":"21","session":"85970fce100a","build":"192.6603.28","bucket":"22","time":1574983843810,"group":{"id":"platform.registry.application","version":"1"},"event":{"state":true,"data":{"created":1574983843810,"plugin_type":"PLATFORM"},"id":"recent.and.edited.files.together"}}
{"recorder_version":"21","session":"85970fce100a","build":"192.6603.28","bucket":"22","time":1574983843810,"group":{"id":"platform.registry.application","version":"1"},"event":{"state":true,"data":{"created":1574983843811,"plugin_type":"PLATFORM"},"id":"inline.browse.button"}}
{"recorder_version":"21","session":"85970fce100a","build":"192.6603.28","bucket":"22","time":1574983843810,"group":{"id":"platform.registry.application","version":"1"},"event":{"state":true,"data":{"created":1574983843811,"plugin_type":"PLATFORM"},"id":"show.create.new.element.in.popup"}}
{"recorder_version":"21","session":"85970fce100a","build":"192.6603.28","bucket":"22","time":1574983843810,"group":{"id":"platform.registry.application","version":"1"},"event":{"state":true,"data":{"created":1574983843811,"plugin_type":"PLATFORM"},"id":"property.value.inplace.editing"}}
{"recorder_version":"21","session":"85970fce100a","build":"192.6603.28","bucket":"22","time":1574983843810,"group":{"id":"platform.registry.application","version":"1"},"event":{"state":true,"data":{"created":1574983843812},"id":"java.completion.argument.hints.internal"}}
{"recorder_version":"21","session":"85970fce100a","build":"192.6603.28","bucket":"22","time":1574983843810,"group":{"id":"platform.registry.application","version":"1"},"event":{"state":true,"data":{"created":1574983843812,"plugin_type":"PLATFORM"},"id":"linux.native.menu"}}
{"recorder_version":"21","session":"85970fce100a","build":"192.6603.28","bucket":"22","time":1574983843810,"group":{"id":"platform.registry.application","version":"1"},"event":{"state":true,"data":{"created":1574983843812,"plugin_type":"PLATFORM"},"id":"new.large.text.file.viewer"}}
{"recorder_version":"21","session":"85970fce100a","build":"192.6603.28","bucket":"22","time":1574983843810,"group":{"id":"platform.registry.application","version":"1"},"event":{"state":true,"data":{"created":1574983843812},"id":"invoked"}}
{"recorder_version":"21","session":"85970fce100a","build":"192.6603.28","bucket":"22","time":1574983843811,"group":{"id":"user.advanced.info","version":"2"},"event":{"state":true,"data":{"created":1574983843813,"value":"release"},"id":"build"}}
{"recorder_version":"21","session":"85970fce100a","build":"192.6603.28","bucket":"22","time":1574983843811,"group":{"id":"user.advanced.info","version":"2"},"event":{"state":true,"data":{"created":1574983843813},"id":"release"}}
{"recorder_version":"21","session":"85970fce100a","build":"192.6603.28","bucket":"22","time":1574983843811,"group":{"id":"user.advanced.info","version":"2"},"event":{"state":true,"data":{"created":1574983843813},"id":"invoked"}}
{"recorder_version":"21","session":"85970fce100a","build":"192.6603.28","bucket":"22","time":1574983843811,"group":{"id":"os.linux.wm","version":"1"},"event":{"state":true,"data":{"created":1574983843814},"id":"invoked"}}
{"recorder_version":"21","session":"85970fce100a","build":"192.6603.28","bucket":"22","time":1574983843838,"group":{"id":"vcs.diff","version":"2"},"event":{"state":true,"data":{"created":1574983843838},"id":"invoked"}}
{"recorder_version":"21","session":"85970fce100a","build":"192.6603.28","bucket":"22","time":1574983843839,"group":{"id":"vcs.log.index.application","version":"2"},"event":{"state":true,"data":{"created":1574983843839},"id":"invoked"}}
{"recorder_version":"21","session":"85970fce100a","build":"192.6603.28","bucket":"22","time":1574983843840,"group":{"id":"system.runtime","version":"2"},"event":{"state":true,"data":{"created":1574983843840,"name":"G1_Old_Generation"},"id":"garbage.collector"}}
{"recorder_version":"21","session":"85970fce100a","build":"192.6603.28","bucket":"22","time":1574983843840,"group":{"id":"system.runtime","version":"2"},"event":{"state":true,"data":{"created":1574983843840,"name":"Xmx","value":512},"id":"jvm.option"}}
{"recorder_version":"21","session":"85970fce100a","build":"192.6603.28","bucket":"22","time":1574983843840,"group":{"id":"system.runtime","version":"2"},"event":{"state":true,"data":{"vendor":"JetBrains","created":1574983843841,"bit":"64","version":"1.11"},"id":"jvm"}}
{"recorder_version":"21","session":"85970fce100a","build":"192.6603.28","bucket":"22","time":1574983843840,"group":{"id":"system.runtime","version":"2"},"event":{"state":true,"data":{"created":1574983843841,"name":"G1_Young_Generation"},"id":"garbage.collector"}}
{"recorder_version":"21","session":"85970fce100a","build":"192.6603.28","bucket":"22","time":1574983843840,"group":{"id":"system.runtime","version":"2"},"event":{"state":true,"data":{"created":1574983843841,"value":4},"id":"cores"}}
{"recorder_version":"21","session":"85970fce100a","build":"192.6603.28","bucket":"22","time":1574983843840,"group":{"id":"system.runtime","version":"2"},"event":{"state":true,"data":{"created":1574983843841,"name":"Xms","value":256},"id":"jvm.option"}}
{"recorder_version":"21","session":"85970fce100a","build":"192.6603.28","bucket":"22","time":1574983843840,"group":{"id":"system.runtime","version":"2"},"event":{"state":true,"data":{"created":1574983843842},"id":"invoked"}}
{"recorder_version":"21","session":"85970fce100a","build":"192.6603.28","bucket":"22","time":1574983843850,"group":{"id":"debugger.settings.ide","version":"2"},"event":{"state":true,"data":{"created":1574983843851},"id":"invoked"}}
{"recorder_version":"21","session":"85970fce100a","build":"192.6603.28","bucket":"22","time":1574983934481,"group":{"id":"performance","version":"21"},"event":{"count":1,"data":{"duration_ms":1,"created":1574983934481},"id":"ui.latency"}}
{"recorder_version":"21","session":"85970fce100a","build":"192.6603.28","bucket":"22","time":1574983957022,"group":{"id":"ui.dialogs","version":"21"},"event":{"count":1,"data":{"created":1574983957022,"plugin_type":"PLATFORM","type":"show"},"id":"com.intellij.openapi.ui.messages.MessageDialog"}}
{"recorder_version":"21","session":"85970fce100a","build":"192.6603.28","bucket":"22","time":1574983957204,"group":{"id":"performance","version":"21"},"event":{"count":1,"data":{"duration_ms":532,"created":1574983957205},"id":"ui.lagging"}}
