{"recorder_version":"21","session":"e64d1a6fd80e","build":"192.6603.28","bucket":"22","time":1585205424952,"group":{"id":"settings","version":"4"},"event":{"state":true,"data":{"component":"NotRoamableUiSettings","created":1585205425275},"id":"invoked"}}
{"recorder_version":"21","session":"e64d1a6fd80e","build":"192.6603.28","bucket":"22","time":1585205424952,"group":{"id":"system.java","version":"1"},"event":{"state":true,"data":{"created":1585205425282,"version":"1.11"},"id":"JetBrains"}}
{"recorder_version":"21","session":"e64d1a6fd80e","build":"192.6603.28","bucket":"22","time":1585205424952,"group":{"id":"system.java","version":"1"},"event":{"state":true,"data":{"created":1585205425292},"id":"invoked"}}
{"recorder_version":"21","session":"e64d1a6fd80e","build":"192.6603.28","bucket":"22","time":1585205424956,"group":{"id":"settings","version":"4"},"event":{"state":true,"data":{"component":"UISettings","created":1585205425293},"id":"invoked"}}
{"recorder_version":"21","session":"e64d1a6fd80e","build":"192.6603.28","bucket":"22","time":1585205425275,"group":{"id":"event.log","version":"21"},"event":{"count":1,"data":{"created":1585205425297,"version":"848.0"},"id":"whitelist.loaded"}}
{"recorder_version":"21","session":"e64d1a6fd80e","build":"192.6603.28","bucket":"22","time":1585205425305,"group":{"id":"system.os","version":"3"},"event":{"state":true,"data":{"created":1585205425305,"version":"10.0"},"id":"Windows"}}
{"recorder_version":"21","session":"e64d1a6fd80e","build":"192.6603.28","bucket":"22","time":1585205425309,"group":{"id":"system.os","version":"3"},"event":{"state":true,"data":{"created":1585205425309,"name":"Windows","version":"10.0"},"id":"os.name"}}
{"recorder_version":"21","session":"e64d1a6fd80e","build":"192.6603.28","bucket":"22","time":1585205425309,"group":{"id":"system.os","version":"3"},"event":{"state":true,"data":{"created":1585205425309,"value":"-06_00"},"id":"os.timezone"}}
{"recorder_version":"21","session":"e64d1a6fd80e","build":"192.6603.28","bucket":"22","time":1585205425309,"group":{"id":"system.os","version":"3"},"event":{"state":true,"data":{"created":1585205425309},"id":"invoked"}}
{"recorder_version":"21","session":"e64d1a6fd80e","build":"192.6603.28","bucket":"22","time":1585205427124,"group":{"id":"settings","version":"4"},"event":{"state":true,"data":{"component":"UpdatesConfigurable","created":1585205427124,"name":"checkNeeded","type":"bool","value":false},"id":"not.default"}}
{"recorder_version":"21","session":"e64d1a6fd80e","build":"192.6603.28","bucket":"22","time":1585205427127,"group":{"id":"settings","version":"4"},"event":{"state":true,"data":{"component":"UpdatesConfigurable","created":1585205427127},"id":"invoked"}}
{"recorder_version":"21","session":"e64d1a6fd80e","build":"192.6603.28","bucket":"22","time":1585205428990,"group":{"id":"performance","version":"21"},"event":{"count":1,"data":{"duration_ms":2388,"created":1585205428999},"id":"ui.latency"}}
{"recorder_version":"21","session":"e64d1a6fd80e","build":"192.6603.28","bucket":"22","time":1585205428990,"group":{"id":"performance","version":"21"},"event":{"count":1,"data":{"duration_ms":2388,"created":1585205429001},"id":"ui.lagging"}}
{"recorder_version":"21","session":"e64d1a6fd80e","build":"192.6603.28","bucket":"22","time":1585205429011,"group":{"id":"performance","version":"21"},"event":{"count":1,"data":{"duration_ms":1404,"created":1585205429011},"id":"ui.lagging"}}
{"recorder_version":"21","session":"e64d1a6fd80e","build":"192.6603.28","bucket":"22","time":1585205429011,"group":{"id":"performance","version":"21"},"event":{"count":1,"data":{"duration_ms":395,"created":1585205429015},"id":"ui.lagging"}}
{"recorder_version":"21","session":"e64d1a6fd80e","build":"192.6603.28","bucket":"22","time":1585205429023,"group":{"id":"settings","version":"4"},"event":{"state":true,"data":{"component":"GeneralSettings","created":1585205429023,"name":"showTipsOnStartup","type":"bool","value":false},"id":"not.default"}}
{"recorder_version":"21","session":"e64d1a6fd80e","build":"192.6603.28","bucket":"22","time":1585205429023,"group":{"id":"settings","version":"4"},"event":{"state":true,"data":{"component":"GeneralSettings","created":1585205429024},"id":"invoked"}}
{"recorder_version":"21","session":"e64d1a6fd80e","build":"192.6603.28","bucket":"22","time":1585205429106,"group":{"id":"lifecycle","version":"21"},"event":{"count":1,"data":{"internal":true,"eap":false,"created":1585205429106},"id":"ide.start"}}
{"recorder_version":"21","session":"e64d1a6fd80e","build":"192.6603.28","bucket":"22","time":1585205431385,"group":{"id":"settings","version":"4"},"event":{"state":true,"data":{"component":"XmlEditorOptions","created":1585205431385},"id":"invoked"}}
{"recorder_version":"21","session":"e64d1a6fd80e","build":"192.6603.28","bucket":"22","time":1585205432419,"group":{"id":"performance","version":"21"},"event":{"count":1,"data":{"duration_ms":785,"created":1585205432427},"id":"ui.lagging"}}
{"recorder_version":"21","session":"e64d1a6fd80e","build":"192.6603.28","bucket":"22","time":1585205432827,"group":{"id":"performance","version":"21"},"event":{"count":1,"data":{"duration_ms":136,"created":1585205432839},"id":"ui.lagging"}}
{"recorder_version":"21","session":"e64d1a6fd80e","build":"192.6603.28","bucket":"22","time":1585205479090,"group":{"id":"ui.dialogs","version":"21"},"event":{"count":1,"data":{"created":1585205479090,"plugin_type":"PLATFORM","type":"show"},"id":"com.intellij.openapi.ui.messages.MessageDialog"}}
{"recorder_version":"21","session":"e64d1a6fd80e","build":"192.6603.28","bucket":"22","time":1585205484717,"group":{"id":"ui.dialogs","version":"21"},"event":{"count":1,"data":{"created":1585205484717,"plugin_type":"PLATFORM","type":"show"},"id":"com.intellij.openapi.progress.util.ProgressDialog$MyDialogWrapper"}}
{"recorder_version":"21","session":"e64d1a6fd80e","build":"192.6603.28","bucket":"22","time":1585205485760,"group":{"id":"lifecycle","version":"21"},"event":{"count":1,"data":{"created":1585205485761,"plugin_type":"NOT_LISTED","error":"com.intellij.diagnostic.PluginException"},"id":"ide.error"}}
{"recorder_version":"21","session":"e64d1a6fd80e","build":"192.6603.28","bucket":"22","time":1585205486314,"group":{"id":"lifecycle","version":"21"},"event":{"count":1,"data":{"created":1585205486314,"project":"f9d2811ed0dbccc4c6132cfd83851bc1cfe2189218ea0ae73719e933efc932e8"},"id":"project.opened"}}
{"recorder_version":"21","session":"e64d1a6fd80e","build":"192.6603.28","bucket":"22","time":1585205487338,"group":{"id":"performance","version":"21"},"event":{"count":1,"data":{"duration_ms":480,"created":1585205487338},"id":"ui.lagging"}}
{"recorder_version":"21","session":"e64d1a6fd80e","build":"192.6603.28","bucket":"22","time":1585205490618,"group":{"id":"performance","version":"21"},"event":{"count":1,"data":{"duration_ms":2758,"created":1585205490618},"id":"ui.lagging"}}
{"recorder_version":"21","session":"e64d1a6fd80e","build":"192.6603.28","bucket":"22","time":1585205490618,"group":{"id":"performance","version":"21"},"event":{"count":1,"data":{"duration_ms":1758,"created":1585205490626},"id":"ui.lagging"}}
{"recorder_version":"21","session":"e64d1a6fd80e","build":"192.6603.28","bucket":"22","time":1585205490618,"group":{"id":"performance","version":"21"},"event":{"count":1,"data":{"duration_ms":755,"created":1585205490626},"id":"ui.lagging"}}
{"recorder_version":"21","session":"e64d1a6fd80e","build":"192.6603.28","bucket":"22","time":1585205492314,"group":{"id":"performance","version":"21"},"event":{"count":1,"data":{"duration_ms":436,"created":1585205492314},"id":"ui.lagging"}}
{"recorder_version":"21","session":"e64d1a6fd80e","build":"192.6603.28","bucket":"22","time":1585205492400,"group":{"id":"toolwindow","version":"21"},"event":{"count":1,"data":{"os":"Windows","created":1585205492400,"plugin_type":"PLATFORM"},"id":"Project"}}
{"recorder_version":"21","session":"e64d1a6fd80e","build":"192.6603.28","bucket":"22","time":1585205493146,"group":{"id":"performance","version":"21"},"event":{"count":1,"data":{"duration_ms":266,"created":1585205493146},"id":"ui.lagging"}}
{"recorder_version":"21","session":"e64d1a6fd80e","build":"192.6603.28","bucket":"22","time":1585205495227,"group":{"id":"performance","version":"21"},"event":{"count":1,"data":{"duration_ms":193,"created":1585205495227},"id":"ui.lagging"}}
{"recorder_version":"21","session":"e64d1a6fd80e","build":"192.6603.28","bucket":"22","time":1585205496172,"group":{"id":"project.fs","version":"1"},"event":{"state":true,"data":{"os":"Windows","cs-project":false,"created":1585205496176,"project":"f9d2811ed0dbccc4c6132cfd83851bc1cfe2189218ea0ae73719e933efc932e8","cs-implicit":true,"cs-system":false},"id":"case-sensitivity"}}
{"recorder_version":"21","session":"e64d1a6fd80e","build":"192.6603.28","bucket":"22","time":1585205496172,"group":{"id":"project.fs","version":"1"},"event":{"state":true,"data":{"created":1585205496176},"id":"invoked"}}
{"recorder_version":"21","session":"e64d1a6fd80e","build":"192.6603.28","bucket":"22","time":1585205496227,"group":{"id":"performance","version":"21"},"event":{"count":1,"data":{"duration_ms":182,"created":1585205496231},"id":"ui.lagging"}}
{"recorder_version":"21","session":"e64d1a6fd80e","build":"192.6603.28","bucket":"22","time":1585205496278,"group":{"id":"ui.dialogs","version":"21"},"event":{"count":1,"data":{"code":1,"created":1585205496278,"plugin_type":"PLATFORM","type":"close"},"id":"com.intellij.openapi.progress.util.ProgressDialog$MyDialogWrapper"}}
{"recorder_version":"21","session":"e64d1a6fd80e","build":"192.6603.28","bucket":"22","time":1585205496475,"group":{"id":"lifecycle","version":"21"},"event":{"count":1,"data":{"duration_ms":11818,"created":1585205496476,"project":"f9d2811ed0dbccc4c6132cfd83851bc1cfe2189218ea0ae73719e933efc932e8"},"id":"project.opening.finished"}}
{"recorder_version":"21","session":"e64d1a6fd80e","build":"192.6603.28","bucket":"22","time":1585205497308,"group":{"id":"kotlin.jps.target","version":"1"},"event":{"count":1,"data":{"plugin_version":"1.3.41-release-IJ2019.2-1","created":1585205497312},"id":"jvm"}}
{"recorder_version":"21","session":"e64d1a6fd80e","build":"192.6603.28","bucket":"22","time":1585205500752,"group":{"id":"performance","version":"21"},"event":{"count":1,"data":{"duration_ms":656,"created":1585205500757},"id":"ui.lagging"}}
{"recorder_version":"21","session":"e64d1a6fd80e","build":"192.6603.28","bucket":"22","time":1585205517108,"group":{"id":"actions","version":"21"},"event":{"count":1,"data":{"context_menu":false,"current_file":"TEXT","created":1585205517108,"plugin_type":"PLATFORM","project":"f9d2811ed0dbccc4c6132cfd83851bc1cfe2189218ea0ae73719e933efc932e8","place":"keyboard_shortcut","class":"com.intellij.openapi.editor.actions.DeleteAction","input_event":"Delete"},"id":"EditorDelete"}}
{"recorder_version":"21","session":"e64d1a6fd80e","build":"192.6603.28","bucket":"22","time":1585205517115,"group":{"id":"file.types.usage","version":"21"},"event":{"count":1,"data":{"created":1585205517115,"plugin_type":"PLATFORM","project":"f9d2811ed0dbccc4c6132cfd83851bc1cfe2189218ea0ae73719e933efc932e8","type":"edit"},"id":"IDEA_MODULE"}}
{"recorder_version":"21","session":"e64d1a6fd80e","build":"192.6603.28","bucket":"22","time":1585205517674,"group":{"id":"actions","version":"21"},"event":{"count":5,"data":{"context_menu":false,"last":1585205518508,"current_file":"TEXT","created":1585205517674,"plugin_type":"PLATFORM","project":"f9d2811ed0dbccc4c6132cfd83851bc1cfe2189218ea0ae73719e933efc932e8","place":"keyboard_shortcut","class":"com.intellij.openapi.editor.actions.DeleteAction","input_event":"Delete"},"id":"EditorDelete"}}
{"recorder_version":"21","session":"e64d1a6fd80e","build":"192.6603.28","bucket":"22","time":1585205529195,"group":{"id":"performance","version":"21"},"event":{"count":1,"data":{"duration_ms":0,"created":1585205529195},"id":"ui.latency"}}
{"recorder_version":"21","session":"e64d1a6fd80e","build":"192.6603.28","bucket":"22","time":1585205538795,"group":{"id":"actions","version":"21"},"event":{"count":1,"data":{"context_menu":true,"current_file":"TEXT","created":1585205538795,"plugin_type":"NOT_LISTED","project":"f9d2811ed0dbccc4c6132cfd83851bc1cfe2189218ea0ae73719e933efc932e8","place":"MainMenu","class":"third.party","input_event":"MouseLeft"},"id":"third.party"}}
{"recorder_version":"21","session":"e64d1a6fd80e","build":"192.6603.28","bucket":"22","time":1585205545949,"group":{"id":"actions","version":"21"},"event":{"count":2,"data":{"context_menu":false,"last":1585205546227,"current_file":"TEXT","created":1585205545949,"plugin_type":"PLATFORM","project":"f9d2811ed0dbccc4c6132cfd83851bc1cfe2189218ea0ae73719e933efc932e8","place":"keyboard_shortcut","class":"com.intellij.openapi.editor.actions.BackspaceAction","input_event":"Backspace"},"id":"EditorBackSpace"}}
{"recorder_version":"21","session":"e64d1a6fd80e","build":"192.6603.28","bucket":"22","time":1585205552041,"group":{"id":"productivity","version":"21"},"event":{"count":2,"data":{"last":1585205558247,"created":1585205552041,"plugin_type":"PLATFORM"},"id":"editing.select.word"}}
{"recorder_version":"21","session":"e64d1a6fd80e","build":"192.6603.28","bucket":"22","time":1585205572509,"group":{"id":"performance","version":"21"},"event":{"count":1,"data":{"duration_ms":190,"created":1585205572509},"id":"ui.lagging"}}
{"recorder_version":"21","session":"e64d1a6fd80e","build":"192.6603.28","bucket":"22","time":1585205577056,"group":{"id":"actions","version":"21"},"event":{"count":1,"data":{"context_menu":true,"current_file":"TEXT","created":1585205577056,"plugin_type":"PLATFORM","project":"f9d2811ed0dbccc4c6132cfd83851bc1cfe2189218ea0ae73719e933efc932e8","place":"MainMenu","class":"com.intellij.ide.ReopenProjectAction","input_event":"Meta+MouseRight"},"id":"com.intellij.ide.ReopenProjectAction"}}
{"recorder_version":"21","session":"e64d1a6fd80e","build":"192.6603.28","bucket":"22","time":1585205577063,"group":{"id":"ui.dialogs","version":"21"},"event":{"count":1,"data":{"created":1585205577063,"plugin_type":"PLATFORM","type":"show"},"id":"com.intellij.openapi.ui.messages.MessageDialog"}}
{"recorder_version":"21","session":"e64d1a6fd80e","build":"192.6603.28","bucket":"22","time":1585205579772,"group":{"id":"lifecycle","version":"21"},"event":{"count":1,"data":{"created":1585205579772,"project":"f9d2811ed0dbccc4c6132cfd83851bc1cfe2189218ea0ae73719e933efc932e8"},"id":"frame.deactivated"}}
{"recorder_version":"21","session":"e64d1a6fd80e","build":"192.6603.28","bucket":"22","time":1585205582762,"group":{"id":"lifecycle","version":"21"},"event":{"count":1,"data":{"created":1585205582764,"project":"f9d2811ed0dbccc4c6132cfd83851bc1cfe2189218ea0ae73719e933efc932e8"},"id":"frame.activated"}}
{"recorder_version":"21","session":"e64d1a6fd80e","build":"192.6603.28","bucket":"22","time":1585205593191,"group":{"id":"actions","version":"21"},"event":{"count":1,"data":{"context_menu":true,"current_file":"TEXT","created":1585205593193,"plugin_type":"PLATFORM","project":"f9d2811ed0dbccc4c6132cfd83851bc1cfe2189218ea0ae73719e933efc932e8","place":"MainMenu","class":"com.intellij.ide.ReopenProjectAction","input_event":"MouseLeft"},"id":"com.intellij.ide.ReopenProjectAction"}}
{"recorder_version":"21","session":"e64d1a6fd80e","build":"192.6603.28","bucket":"22","time":1585205593200,"group":{"id":"ui.dialogs","version":"21"},"event":{"count":1,"data":{"created":1585205593200,"plugin_type":"PLATFORM","type":"show"},"id":"com.intellij.openapi.ui.messages.MessageDialog"}}
{"recorder_version":"21","session":"e64d1a6fd80e","build":"192.6603.28","bucket":"22","time":1585205602446,"group":{"id":"actions","version":"21"},"event":{"count":1,"data":{"context_menu":true,"current_file":"TEXT","created":1585205602446,"plugin_type":"PLATFORM","project":"f9d2811ed0dbccc4c6132cfd83851bc1cfe2189218ea0ae73719e933efc932e8","place":"MainMenu","class":"com.intellij.ide.ReopenProjectAction","input_event":"MouseLeft"},"id":"com.intellij.ide.ReopenProjectAction"}}
{"recorder_version":"21","session":"e64d1a6fd80e","build":"192.6603.28","bucket":"22","time":1585205602452,"group":{"id":"ui.dialogs","version":"21"},"event":{"count":1,"data":{"created":1585205602452,"plugin_type":"PLATFORM","type":"show"},"id":"com.intellij.openapi.ui.messages.MessageDialog"}}
{"recorder_version":"21","session":"e64d1a6fd80e","build":"192.6603.28","bucket":"22","time":1585205608036,"group":{"id":"event.log","version":"21"},"event":{"count":1,"data":{"created":1585205608036,"version":"1179.0"},"id":"whitelist.updated"}}
{"recorder_version":"21","session":"e64d1a6fd80e","build":"192.6603.28","bucket":"22","time":1585205608799,"group":{"id":"actions","version":"21"},"event":{"count":1,"data":{"context_menu":true,"current_file":"TEXT","created":1585205608799,"plugin_type":"PLATFORM","project":"f9d2811ed0dbccc4c6132cfd83851bc1cfe2189218ea0ae73719e933efc932e8","place":"MainMenu","class":"com.intellij.ide.actions.OpenFileAction","input_event":"MouseLeft"},"id":"OpenFile"}}
{"recorder_version":"21","session":"e64d1a6fd80e","build":"192.6603.28","bucket":"22","time":1585205608849,"group":{"id":"ui.dialogs","version":"21"},"event":{"count":1,"data":{"created":1585205608850,"plugin_type":"PLATFORM","type":"show"},"id":"com.intellij.openapi.fileChooser.ex.FileChooserDialogImpl"}}
{"recorder_version":"21","session":"e64d1a6fd80e","build":"192.6603.28","bucket":"22","time":1585205628410,"group":{"id":"ui.dialogs","version":"21"},"event":{"count":1,"data":{"code":0,"created":1585205628410,"plugin_type":"PLATFORM","type":"close"},"id":"com.intellij.openapi.fileChooser.ex.FileChooserDialogImpl"}}
{"recorder_version":"21","session":"e64d1a6fd80e","build":"192.6603.28","bucket":"22","time":1585205628454,"group":{"id":"ui.dialogs","version":"21"},"event":{"count":1,"data":{"created":1585205628454,"plugin_type":"PLATFORM","type":"show"},"id":"com.intellij.openapi.ui.messages.MessageDialog"}}
{"recorder_version":"21","session":"e64d1a6fd80e","build":"192.6603.28","bucket":"22","time":1585205629489,"group":{"id":"performance","version":"21"},"event":{"count":1,"data":{"duration_ms":1,"created":1585205629489},"id":"ui.latency"}}
{"recorder_version":"21","session":"e64d1a6fd80e","build":"192.6603.28","bucket":"22","time":1585205630850,"group":{"id":"ui.dialogs","version":"21"},"event":{"count":1,"data":{"created":1585205630850,"plugin_type":"PLATFORM","type":"show"},"id":"com.intellij.openapi.progress.util.ProgressDialog$MyDialogWrapper"}}
{"recorder_version":"21","session":"e64d1a6fd80e","build":"192.6603.28","bucket":"22","time":1585205630890,"group":{"id":"lifecycle","version":"21"},"event":{"count":1,"data":{"created":1585205630890,"project":"f9d2811ed0dbccc4c6132cfd83851bc1cfe2189218ea0ae73719e933efc932e8"},"id":"project.closed"}}
{"recorder_version":"21","session":"e64d1a6fd80e","build":"192.6603.28","bucket":"22","time":1585205631014,"group":{"id":"ui.dialogs","version":"21"},"event":{"count":1,"data":{"code":1,"created":1585205631014,"plugin_type":"PLATFORM","type":"close"},"id":"com.intellij.openapi.progress.util.ProgressDialog$MyDialogWrapper"}}
{"recorder_version":"21","session":"e64d1a6fd80e","build":"192.6603.28","bucket":"22","time":1585205631092,"group":{"id":"lifecycle","version":"21"},"event":{"count":1,"data":{"created":1585205631092,"plugin_type":"NOT_LISTED","error":"com.intellij.diagnostic.PluginException"},"id":"ide.error"}}
{"recorder_version":"21","session":"e64d1a6fd80e","build":"192.6603.28","bucket":"22","time":1585205631238,"group":{"id":"lifecycle","version":"21"},"event":{"count":1,"data":{"created":1585205631238,"project":"bfabf662528f76f50b92fb07764ae918b18ca863a4f50b9782393fa367d7405a"},"id":"project.opened"}}
{"recorder_version":"21","session":"e64d1a6fd80e","build":"192.6603.28","bucket":"22","time":1585205632138,"group":{"id":"ui.dialogs","version":"21"},"event":{"count":1,"data":{"created":1585205632138,"plugin_type":"PLATFORM","type":"show"},"id":"com.intellij.openapi.progress.util.ProgressDialog$MyDialogWrapper"}}
{"recorder_version":"21","session":"e64d1a6fd80e","build":"192.6603.28","bucket":"22","time":1585205632146,"group":{"id":"performance","version":"21"},"event":{"count":1,"data":{"duration_ms":654,"created":1585205632147},"id":"ui.lagging"}}
{"recorder_version":"21","session":"e64d1a6fd80e","build":"192.6603.28","bucket":"22","time":1585205633360,"group":{"id":"toolwindow","version":"21"},"event":{"count":1,"data":{"os":"Windows","created":1585205633360,"plugin_type":"PLATFORM"},"id":"Project"}}
{"recorder_version":"21","session":"e64d1a6fd80e","build":"192.6603.28","bucket":"22","time":1585205633814,"group":{"id":"ui.dialogs","version":"21"},"event":{"count":1,"data":{"code":1,"created":1585205633814,"plugin_type":"PLATFORM","type":"close"},"id":"com.intellij.openapi.progress.util.ProgressDialog$MyDialogWrapper"}}
{"recorder_version":"21","session":"e64d1a6fd80e","build":"192.6603.28","bucket":"22","time":1585205634183,"group":{"id":"project.fs","version":"1"},"event":{"state":true,"data":{"os":"Windows","cs-project":false,"created":1585205634183,"project":"bfabf662528f76f50b92fb07764ae918b18ca863a4f50b9782393fa367d7405a","cs-implicit":true,"cs-system":false},"id":"case-sensitivity"}}
{"recorder_version":"21","session":"e64d1a6fd80e","build":"192.6603.28","bucket":"22","time":1585205634183,"group":{"id":"project.fs","version":"1"},"event":{"state":true,"data":{"created":1585205634183},"id":"invoked"}}
{"recorder_version":"21","session":"e64d1a6fd80e","build":"192.6603.28","bucket":"22","time":1585205634184,"group":{"id":"project.fs","version":"1"},"event":{"state":true,"data":{"pct-non-watched":0,"created":1585205634184,"project":"bfabf662528f76f50b92fb07764ae918b18ca863a4f50b9782393fa367d7405a"},"id":"roots-watched"}}
{"recorder_version":"21","session":"e64d1a6fd80e","build":"192.6603.28","bucket":"22","time":1585205634184,"group":{"id":"project.fs","version":"1"},"event":{"state":true,"data":{"created":1585205634186},"id":"invoked"}}
{"recorder_version":"21","session":"e64d1a6fd80e","build":"192.6603.28","bucket":"22","time":1585205634388,"group":{"id":"lifecycle","version":"21"},"event":{"count":1,"data":{"duration_ms":3385,"created":1585205634393,"project":"bfabf662528f76f50b92fb07764ae918b18ca863a4f50b9782393fa367d7405a"},"id":"project.opening.finished"}}
{"recorder_version":"21","session":"e64d1a6fd80e","build":"192.6603.28","bucket":"22","time":1585205666602,"group":{"id":"kotlin.jps.target","version":"1"},"event":{"count":1,"data":{"plugin_version":"validation.undefined_rule","created":1585205666602},"id":"validation.undefined_rule"}}
{"recorder_version":"21","session":"e64d1a6fd80e","build":"192.6603.28","bucket":"22","time":1585205672255,"group":{"id":"actions","version":"21"},"event":{"count":1,"data":{"context_menu":true,"current_file":"JAVA","created":1585205672255,"plugin_type":"NOT_LISTED","project":"bfabf662528f76f50b92fb07764ae918b18ca863a4f50b9782393fa367d7405a","place":"EditorPopup","class":"third.party","input_event":"MouseLeft"},"id":"third.party"}}
{"recorder_version":"21","session":"e64d1a6fd80e","build":"192.6603.28","bucket":"22","time":1585205673098,"group":{"id":"performance","version":"21"},"event":{"count":1,"data":{"duration_ms":192,"created":1585205673098},"id":"ui.lagging"}}
{"recorder_version":"21","session":"e64d1a6fd80e","build":"192.6603.28","bucket":"22","time":1585205678273,"group":{"id":"performance","version":"21"},"event":{"count":1,"data":{"duration_ms":350,"created":1585205678274},"id":"ui.lagging"}}
{"recorder_version":"21","session":"e64d1a6fd80e","build":"192.6603.28","bucket":"22","time":1585205684740,"group":{"id":"performance","version":"21"},"event":{"count":1,"data":{"duration_ms":739,"created":1585205684740},"id":"ui.lagging"}}
{"recorder_version":"21","session":"e64d1a6fd80e","build":"192.6603.28","bucket":"22","time":1585205685079,"group":{"id":"lifecycle","version":"21"},"event":{"count":1,"data":{"created":1585205685079,"project":"bfabf662528f76f50b92fb07764ae918b18ca863a4f50b9782393fa367d7405a"},"id":"frame.deactivated"}}
{"recorder_version":"21","session":"e64d1a6fd80e","build":"192.6603.28","bucket":"22","time":1585205698044,"group":{"id":"lifecycle","version":"21"},"event":{"count":1,"data":{"created":1585205698044,"project":"bfabf662528f76f50b92fb07764ae918b18ca863a4f50b9782393fa367d7405a"},"id":"frame.activated"}}
{"recorder_version":"21","session":"e64d1a6fd80e","build":"192.6603.28","bucket":"22","time":1585205698524,"group":{"id":"performance","version":"21"},"event":{"count":1,"data":{"duration_ms":158,"created":1585205698524},"id":"ui.lagging"}}
{"recorder_version":"21","session":"e64d1a6fd80e","build":"192.6603.28","bucket":"22","time":1585205701972,"group":{"id":"actions","version":"21"},"event":{"count":1,"data":{"context_menu":true,"current_file":"JAVA","created":1585205701972,"plugin_type":"NOT_LISTED","project":"bfabf662528f76f50b92fb07764ae918b18ca863a4f50b9782393fa367d7405a","place":"EditorPopup","class":"third.party","input_event":"MouseLeft"},"id":"third.party"}}
{"recorder_version":"21","session":"e64d1a6fd80e","build":"192.6603.28","bucket":"22","time":1585205706527,"group":{"id":"lifecycle","version":"21"},"event":{"count":1,"data":{"created":1585205706532,"project":"bfabf662528f76f50b92fb07764ae918b18ca863a4f50b9782393fa367d7405a"},"id":"frame.deactivated"}}
{"recorder_version":"21","session":"e64d1a6fd80e","build":"192.6603.28","bucket":"22","time":1585205715580,"group":{"id":"lifecycle","version":"21"},"event":{"count":1,"data":{"created":1585205715580,"project":"bfabf662528f76f50b92fb07764ae918b18ca863a4f50b9782393fa367d7405a"},"id":"frame.activated"}}
{"recorder_version":"21","session":"e64d1a6fd80e","build":"192.6603.28","bucket":"22","time":1585205719291,"group":{"id":"actions","version":"21"},"event":{"count":1,"data":{"context_menu":true,"created":1585205719291,"plugin_type":"NOT_LISTED","project":"bfabf662528f76f50b92fb07764ae918b18ca863a4f50b9782393fa367d7405a","place":"MainMenu","class":"third.party","input_event":"MouseLeft"},"id":"third.party"}}
{"recorder_version":"21","session":"e64d1a6fd80e","build":"192.6603.28","bucket":"22","time":1585205725031,"group":{"id":"actions","version":"21"},"event":{"count":1,"data":{"context_menu":true,"current_file":"JAVA","created":1585205725031,"plugin_type":"NOT_LISTED","project":"bfabf662528f76f50b92fb07764ae918b18ca863a4f50b9782393fa367d7405a","place":"EditorPopup","class":"third.party","input_event":"MouseLeft"},"id":"third.party"}}
{"recorder_version":"21","session":"e64d1a6fd80e","build":"192.6603.28","bucket":"22","time":1585205728996,"group":{"id":"build.tools.actions","version":"1"},"event":{"count":1,"data":{"created":1585205728996},"id":"registered"}}
{"recorder_version":"21","session":"e64d1a6fd80e","build":"192.6603.28","bucket":"22","time":1585205728996,"group":{"id":"file.types.usage","version":"21"},"event":{"count":1,"data":{"created":1585205728996},"id":"registered"}}
{"recorder_version":"21","session":"e64d1a6fd80e","build":"192.6603.28","bucket":"22","time":1585205728996,"group":{"id":"ide.script.engine","version":"1"},"event":{"count":1,"data":{"created":1585205728996},"id":"registered"}}
{"recorder_version":"21","session":"e64d1a6fd80e","build":"192.6603.28","bucket":"22","time":1585205728996,"group":{"id":"actions.runAnything","version":"1"},"event":{"count":1,"data":{"created":1585205728996},"id":"registered"}}
{"recorder_version":"21","session":"e64d1a6fd80e","build":"192.6603.28","bucket":"22","time":1585205728996,"group":{"id":"toolwindow","version":"21"},"event":{"count":1,"data":{"created":1585205728996},"id":"registered"}}
{"recorder_version":"21","session":"e64d1a6fd80e","build":"192.6603.28","bucket":"22","time":1585205728996,"group":{"id":"kotlin.ide.newFileTempl","version":"1"},"event":{"count":1,"data":{"created":1585205728996},"id":"registered"}}
{"recorder_version":"21","session":"e64d1a6fd80e","build":"192.6603.28","bucket":"22","time":1585205728996,"group":{"id":"live.templates","version":"21"},"event":{"count":1,"data":{"created":1585205728996},"id":"registered"}}
{"recorder_version":"21","session":"e64d1a6fd80e","build":"192.6603.28","bucket":"22","time":1585205728996,"group":{"id":"ide.self.update","version":"2"},"event":{"count":1,"data":{"created":1585205728996},"id":"registered"}}
{"recorder_version":"21","session":"e64d1a6fd80e","build":"192.6603.28","bucket":"22","time":1585205728996,"group":{"id":"ui.settings","version":"21"},"event":{"count":1,"data":{"created":1585205728996},"id":"registered"}}
{"recorder_version":"21","session":"e64d1a6fd80e","build":"192.6603.28","bucket":"22","time":1585205728996,"group":{"id":"lifecycle","version":"21"},"event":{"count":1,"data":{"created":1585205728996},"id":"registered"}}
{"recorder_version":"21","session":"e64d1a6fd80e","build":"192.6603.28","bucket":"22","time":1585205728996,"group":{"id":"vcs.diff.trigger","version":"1"},"event":{"count":1,"data":{"created":1585205728996},"id":"registered"}}
{"recorder_version":"21","session":"e64d1a6fd80e","build":"192.6603.28","bucket":"22","time":1585205728996,"group":{"id":"vcs.log.trigger","version":"2"},"event":{"count":1,"data":{"created":1585205728996},"id":"registered"}}
{"recorder_version":"21","session":"e64d1a6fd80e","build":"192.6603.28","bucket":"22","time":1585205728996,"group":{"id":"productivity","version":"21"},"event":{"count":1,"data":{"created":1585205728996},"id":"registered"}}
{"recorder_version":"21","session":"e64d1a6fd80e","build":"192.6603.28","bucket":"22","time":1585205728996,"group":{"id":"debugger.breakpoints.usage","version":"2"},"event":{"count":1,"data":{"created":1585205728996},"id":"registered"}}
{"recorder_version":"21","session":"e64d1a6fd80e","build":"192.6603.28","bucket":"22","time":1585205728996,"group":{"id":"kotlin.gradle.library","version":"1"},"event":{"count":1,"data":{"created":1585205728996},"id":"registered"}}
{"recorder_version":"21","session":"e64d1a6fd80e","build":"192.6603.28","bucket":"22","time":1585205728996,"group":{"id":"find","version":"1"},"event":{"count":1,"data":{"created":1585205728996},"id":"registered"}}
{"recorder_version":"21","session":"e64d1a6fd80e","build":"192.6603.28","bucket":"22","time":1585205728996,"group":{"id":"kotlin.gradle.target","version":"1"},"event":{"count":1,"data":{"created":1585205728996},"id":"registered"}}
{"recorder_version":"21","session":"e64d1a6fd80e","build":"192.6603.28","bucket":"22","time":1585205728996,"group":{"id":"gutter.icon.click","version":"1"},"event":{"count":1,"data":{"created":1585205729000},"id":"registered"}}
{"recorder_version":"21","session":"e64d1a6fd80e","build":"192.6603.28","bucket":"22","time":1585205728996,"group":{"id":"shell.script","version":"1"},"event":{"count":1,"data":{"created":1585205729000},"id":"registered"}}
{"recorder_version":"21","session":"e64d1a6fd80e","build":"192.6603.28","bucket":"22","time":1585205728996,"group":{"id":"kotlin.ide.debugger.eval","version":"1"},"event":{"count":1,"data":{"created":1585205729000},"id":"registered"}}
{"recorder_version":"21","session":"e64d1a6fd80e","build":"192.6603.28","bucket":"22","time":1585205728996,"group":{"id":"build.maven.actions","version":"1"},"event":{"count":1,"data":{"created":1585205729000},"id":"registered"}}
{"recorder_version":"21","session":"e64d1a6fd80e","build":"192.6603.28","bucket":"22","time":1585205728996,"group":{"id":"ui.event","version":"1"},"event":{"count":1,"data":{"created":1585205729000},"id":"registered"}}
{"recorder_version":"21","session":"e64d1a6fd80e","build":"192.6603.28","bucket":"22","time":1585205728996,"group":{"id":"new.project.wizard","version":"1"},"event":{"count":1,"data":{"created":1585205729000},"id":"registered"}}
{"recorder_version":"21","session":"e64d1a6fd80e","build":"192.6603.28","bucket":"22","time":1585205728996,"group":{"id":"kotlin.ide.npwizards","version":"1"},"event":{"count":1,"data":{"created":1585205729000},"id":"registered"}}
{"recorder_version":"21","session":"e64d1a6fd80e","build":"192.6603.28","bucket":"22","time":1585205728996,"group":{"id":"intentions","version":"21"},"event":{"count":1,"data":{"created":1585205729000},"id":"registered"}}
{"recorder_version":"21","session":"e64d1a6fd80e","build":"192.6603.28","bucket":"22","time":1585205728996,"group":{"id":"ui.dialogs","version":"21"},"event":{"count":1,"data":{"created":1585205729000},"id":"registered"}}
{"recorder_version":"21","session":"e64d1a6fd80e","build":"192.6603.28","bucket":"22","time":1585205728996,"group":{"id":"vcs.back.forward.trigger","version":"1"},"event":{"count":1,"data":{"created":1585205729000},"id":"registered"}}
{"recorder_version":"21","session":"e64d1a6fd80e","build":"192.6603.28","bucket":"22","time":1585205728996,"group":{"id":"vcs.change.reminder","version":"1"},"event":{"count":1,"data":{"created":1585205729000},"id":"registered"}}
{"recorder_version":"21","session":"e64d1a6fd80e","build":"192.6603.28","bucket":"22","time":1585205728996,"group":{"id":"toolbar","version":"21"},"event":{"count":1,"data":{"created":1585205729000},"id":"registered"}}
{"recorder_version":"21","session":"e64d1a6fd80e","build":"192.6603.28","bucket":"22","time":1585205728996,"group":{"id":"build.gradle.actions","version":"1"},"event":{"count":1,"data":{"created":1585205729000},"id":"registered"}}
{"recorder_version":"21","session":"e64d1a6fd80e","build":"192.6603.28","bucket":"22","time":1585205728996,"group":{"id":"kotlin.maven.target","version":"1"},"event":{"count":1,"data":{"created":1585205729000},"id":"registered"}}
{"recorder_version":"21","session":"e64d1a6fd80e","build":"192.6603.28","bucket":"22","time":1585205728996,"group":{"id":"performance","version":"21"},"event":{"count":1,"data":{"created":1585205729000},"id":"registered"}}
{"recorder_version":"21","session":"e64d1a6fd80e","build":"192.6603.28","bucket":"22","time":1585205728996,"group":{"id":"searchEverywhere","version":"1"},"event":{"count":1,"data":{"created":1585205729000},"id":"registered"}}
{"recorder_version":"21","session":"e64d1a6fd80e","build":"192.6603.28","bucket":"22","time":1585205728996,"group":{"id":"kotlin.ide.action.refactoring","version":"1"},"event":{"count":1,"data":{"created":1585205729000},"id":"registered"}}
{"recorder_version":"21","session":"e64d1a6fd80e","build":"192.6603.28","bucket":"22","time":1585205728996,"group":{"id":"ui.tips","version":"2"},"event":{"count":1,"data":{"created":1585205729000},"id":"registered"}}
{"recorder_version":"21","session":"e64d1a6fd80e","build":"192.6603.28","bucket":"22","time":1585205728996,"group":{"id":"surround.with","version":"1"},"event":{"count":1,"data":{"created":1585205729000},"id":"registered"}}
{"recorder_version":"21","session":"e64d1a6fd80e","build":"192.6603.28","bucket":"22","time":1585205728996,"group":{"id":"import.old.config","version":"1"},"event":{"count":1,"data":{"created":1585205729000},"id":"registered"}}
{"recorder_version":"21","session":"e64d1a6fd80e","build":"192.6603.28","bucket":"22","time":1585205728996,"group":{"id":"json.schema","version":"1"},"event":{"count":1,"data":{"created":1585205729000},"id":"registered"}}
{"recorder_version":"21","session":"e64d1a6fd80e","build":"192.6603.28","bucket":"22","time":1585205728996,"group":{"id":"kotlin.jps.target","version":"1"},"event":{"count":1,"data":{"created":1585205729000},"id":"registered"}}
{"recorder_version":"21","session":"e64d1a6fd80e","build":"192.6603.28","bucket":"22","time":1585205728996,"group":{"id":"terminalShell","version":"1"},"event":{"count":1,"data":{"created":1585205729000},"id":"registered"}}
{"recorder_version":"21","session":"e64d1a6fd80e","build":"192.6603.28","bucket":"22","time":1585205728996,"group":{"id":"completion.postfix","version":"21"},"event":{"count":1,"data":{"created":1585205729000},"id":"registered"}}
{"recorder_version":"21","session":"e64d1a6fd80e","build":"192.6603.28","bucket":"22","time":1585205728996,"group":{"id":"build.ant.actions","version":"1"},"event":{"count":1,"data":{"created":1585205729004},"id":"registered"}}
{"recorder_version":"21","session":"e64d1a6fd80e","build":"192.6603.28","bucket":"22","time":1585205728996,"group":{"id":"actions","version":"21"},"event":{"count":1,"data":{"created":1585205729004},"id":"registered"}}
{"recorder_version":"21","session":"e64d1a6fd80e","build":"192.6603.28","bucket":"22","time":1585205728996,"group":{"id":"event.log","version":"21"},"event":{"count":1,"data":{"created":1585205729004},"id":"registered"}}
{"recorder_version":"21","session":"e64d1a6fd80e","build":"192.6603.28","bucket":"22","time":1585205728996,"group":{"id":"run.configuration.exec","version":"21"},"event":{"count":1,"data":{"created":1585205729004},"id":"registered"}}
{"recorder_version":"21","session":"e64d1a6fd80e","build":"192.6603.28","bucket":"22","time":1585205728996,"group":{"id":"build.maven.packagesearch","version":"2"},"event":{"count":1,"data":{"created":1585205729004},"id":"registered"}}
{"recorder_version":"21","session":"e64d1a6fd80e","build":"192.6603.28","bucket":"22","time":1585205729209,"group":{"id":"lifecycle","version":"21"},"event":{"count":1,"data":{"created":1585205729209,"project":"bfabf662528f76f50b92fb07764ae918b18ca863a4f50b9782393fa367d7405a"},"id":"frame.deactivated"}}
{"recorder_version":"21","session":"e64d1a6fd80e","build":"192.6603.28","bucket":"22","time":1585205729751,"group":{"id":"performance","version":"21"},"event":{"count":1,"data":{"duration_ms":0,"created":1585205729751},"id":"ui.latency"}}
{"recorder_version":"21","session":"e64d1a6fd80e","build":"192.6603.28","bucket":"22","time":1585206031030,"group":{"id":"performance","version":"21"},"event":{"count":1,"data":{"duration_ms":222920,"created":1585206031030},"id":"ui.latency"}}
{"recorder_version":"21","session":"e64d1a6fd80e","build":"192.6603.28","bucket":"22","time":1585206031030,"group":{"id":"performance","version":"21"},"event":{"count":1,"data":{"duration_ms":222920,"created":1585206031030},"id":"ui.lagging"}}
{"recorder_version":"21","session":"e64d1a6fd80e","build":"192.6603.28","bucket":"22","time":1585206031030,"group":{"id":"performance","version":"21"},"event":{"count":1,"data":{"duration_ms":221915,"created":1585206031030},"id":"ui.lagging"}}
{"recorder_version":"21","session":"e64d1a6fd80e","build":"192.6603.28","bucket":"22","time":1585206031030,"group":{"id":"performance","version":"21"},"event":{"count":1,"data":{"duration_ms":220915,"created":1585206031030},"id":"ui.lagging"}}
{"recorder_version":"21","session":"e64d1a6fd80e","build":"192.6603.28","bucket":"22","time":1585206031030,"group":{"id":"performance","version":"21"},"event":{"count":1,"data":{"duration_ms":219915,"created":1585206031030},"id":"ui.lagging"}}
{"recorder_version":"21","session":"e64d1a6fd80e","build":"192.6603.28","bucket":"22","time":1585206031030,"group":{"id":"performance","version":"21"},"event":{"count":1,"data":{"duration_ms":218911,"created":1585206031030},"id":"ui.lagging"}}
{"recorder_version":"21","session":"e64d1a6fd80e","build":"192.6603.28","bucket":"22","time":1585206032543,"group":{"id":"performance","version":"21"},"event":{"count":1,"data":{"duration_ms":219423,"created":1585206032543},"id":"ui.lagging"}}
{"recorder_version":"21","session":"e64d1a6fd80e","build":"192.6603.28","bucket":"22","time":1585206033612,"group":{"id":"lifecycle","version":"21"},"event":{"count":1,"data":{"duration_ms":226000,"created":1585206033612,"duration_grouped":"60s+"},"id":"ide.freeze"}}
{"recorder_version":"21","session":"e64d1a6fd80e","build":"192.6603.28","bucket":"22","time":1585206843051,"group":{"id":"performance","version":"21"},"event":{"count":1,"data":{"duration_ms":808435,"created":1585206843055},"id":"ui.latency"}}
{"recorder_version":"21","session":"e64d1a6fd80e","build":"192.6603.28","bucket":"22","time":1585206843051,"group":{"id":"performance","version":"21"},"event":{"count":1,"data":{"duration_ms":808435,"created":1585206843055},"id":"ui.lagging"}}
{"recorder_version":"21","session":"e64d1a6fd80e","build":"192.6603.28","bucket":"22","time":1585206843055,"group":{"id":"performance","version":"21"},"event":{"count":1,"data":{"duration_ms":807433,"created":1585206843055},"id":"ui.lagging"}}
{"recorder_version":"21","session":"e64d1a6fd80e","build":"192.6603.28","bucket":"22","time":1585206843055,"group":{"id":"performance","version":"21"},"event":{"count":1,"data":{"duration_ms":806431,"created":1585206843055},"id":"ui.lagging"}}
{"recorder_version":"21","session":"e64d1a6fd80e","build":"192.6603.28","bucket":"22","time":1585206843055,"group":{"id":"performance","version":"21"},"event":{"count":1,"data":{"duration_ms":805430,"created":1585206843055},"id":"ui.lagging"}}
{"recorder_version":"21","session":"e64d1a6fd80e","build":"192.6603.28","bucket":"22","time":1585206843055,"group":{"id":"performance","version":"21"},"event":{"count":1,"data":{"duration_ms":804429,"created":1585206843055},"id":"ui.lagging"}}
{"recorder_version":"21","session":"e64d1a6fd80e","build":"192.6603.28","bucket":"22","time":1585206843055,"group":{"id":"performance","version":"21"},"event":{"count":1,"data":{"duration_ms":180,"created":1585206843055},"id":"ui.lagging"}}
{"recorder_version":"21","session":"e64d1a6fd80e","build":"192.6603.28","bucket":"22","time":1585206848823,"group":{"id":"lifecycle","version":"21"},"event":{"count":1,"data":{"duration_ms":810000,"created":1585206848827,"duration_grouped":"60s+"},"id":"ide.freeze"}}
{"recorder_version":"21","session":"e64d1a6fd80e","build":"192.6603.28","bucket":"22","time":1585206848827,"group":{"id":"performance","version":"21"},"event":{"count":1,"data":{"duration_ms":4812,"created":1585206848827},"id":"ui.lagging"}}
{"recorder_version":"21","session":"e64d1a6fd80e","build":"192.6603.28","bucket":"22","time":1585206848951,"group":{"id":"ui.screen.scale","version":"1"},"event":{"state":true,"data":{"os":"Windows","created":1585206848955},"id":"1.25"}}
{"recorder_version":"21","session":"e64d1a6fd80e","build":"192.6603.28","bucket":"22","time":1585206848955,"group":{"id":"ui.screen.scale","version":"1"},"event":{"state":true,"data":{"created":1585206848955},"id":"invoked"}}
{"recorder_version":"21","session":"e64d1a6fd80e","build":"192.6603.28","bucket":"22","time":1585206848987,"group":{"id":"vcs.github","version":"1"},"event":{"state":true,"data":{"created":1585206848987},"id":"github.accounts.not.default.host.disabled"}}
{"recorder_version":"21","session":"e64d1a6fd80e","build":"192.6603.28","bucket":"22","time":1585206848987,"group":{"id":"vcs.github","version":"1"},"event":{"state":true,"data":{"created":1585206848987},"id":"github.accounts.count.0"}}
{"recorder_version":"21","session":"e64d1a6fd80e","build":"192.6603.28","bucket":"22","time":1585206848987,"group":{"id":"vcs.github","version":"1"},"event":{"state":true,"data":{"created":1585206848987},"id":"invoked"}}
{"recorder_version":"21","session":"e64d1a6fd80e","build":"192.6603.28","bucket":"22","time":1585206848995,"group":{"id":"platform.registry.application","version":"1"},"event":{"state":true,"data":{"created":1585206848995,"plugin_type":"PLATFORM"},"id":"recent.and.edited.files.together"}}
{"recorder_version":"21","session":"e64d1a6fd80e","build":"192.6603.28","bucket":"22","time":1585206848995,"group":{"id":"platform.registry.application","version":"1"},"event":{"state":true,"data":{"created":1585206848995,"plugin_type":"PLATFORM"},"id":"inline.browse.button"}}
{"recorder_version":"21","session":"e64d1a6fd80e","build":"192.6603.28","bucket":"22","time":1585206848995,"group":{"id":"platform.registry.application","version":"1"},"event":{"state":true,"data":{"created":1585206848999,"plugin_type":"PLATFORM"},"id":"show.create.new.element.in.popup"}}
{"recorder_version":"21","session":"e64d1a6fd80e","build":"192.6603.28","bucket":"22","time":1585206848995,"group":{"id":"platform.registry.application","version":"1"},"event":{"state":true,"data":{"created":1585206848999,"plugin_type":"PLATFORM"},"id":"property.value.inplace.editing"}}
{"recorder_version":"21","session":"e64d1a6fd80e","build":"192.6603.28","bucket":"22","time":1585206848995,"group":{"id":"platform.registry.application","version":"1"},"event":{"state":true,"data":{"created":1585206848999},"id":"java.completion.argument.hints.internal"}}
{"recorder_version":"21","session":"e64d1a6fd80e","build":"192.6603.28","bucket":"22","time":1585206848995,"group":{"id":"platform.registry.application","version":"1"},"event":{"state":true,"data":{"created":1585206848999,"plugin_type":"PLATFORM"},"id":"linux.native.menu"}}
{"recorder_version":"21","session":"e64d1a6fd80e","build":"192.6603.28","bucket":"22","time":1585206848995,"group":{"id":"platform.registry.application","version":"1"},"event":{"state":true,"data":{"created":1585206848999,"plugin_type":"PLATFORM"},"id":"new.large.text.file.viewer"}}
{"recorder_version":"21","session":"e64d1a6fd80e","build":"192.6603.28","bucket":"22","time":1585206848995,"group":{"id":"platform.registry.application","version":"1"},"event":{"state":true,"data":{"created":1585206848999},"id":"invoked"}}
{"recorder_version":"21","session":"e64d1a6fd80e","build":"192.6603.28","bucket":"22","time":1585206849127,"group":{"id":"editor.settings.ide","version":"2"},"event":{"state":true,"data":{"created":1585206849127,"enabled":true},"id":"completionHints"}}
{"recorder_version":"21","session":"e64d1a6fd80e","build":"192.6603.28","bucket":"22","time":1585206849131,"group":{"id":"editor.settings.ide","version":"2"},"event":{"state":true,"data":{"created":1585206849131},"id":"invoked"}}
{"recorder_version":"21","session":"e64d1a6fd80e","build":"192.6603.28","bucket":"22","time":1585206849131,"group":{"id":"ui.look.and.feel","version":"1"},"event":{"state":true,"data":{"os":"Windows","created":1585206849135},"id":"IntelliJ"}}
{"recorder_version":"21","session":"e64d1a6fd80e","build":"192.6603.28","bucket":"22","time":1585206849131,"group":{"id":"ui.look.and.feel","version":"1"},"event":{"state":true,"data":{"created":1585206849135},"id":"invoked"}}
{"recorder_version":"21","session":"e64d1a6fd80e","build":"192.6603.28","bucket":"22","time":1585206849131,"group":{"id":"keymaps.name","version":"1"},"event":{"state":true,"data":{"os":"Windows","created":1585206849135},"id":"$default"}}
{"recorder_version":"21","session":"e64d1a6fd80e","build":"192.6603.28","bucket":"22","time":1585206849131,"group":{"id":"keymaps.name","version":"1"},"event":{"state":true,"data":{"created":1585206849135},"id":"invoked"}}
{"recorder_version":"21","session":"e64d1a6fd80e","build":"192.6603.28","bucket":"22","time":1585206849135,"group":{"id":"system.runtime","version":"2"},"event":{"state":true,"data":{"created":1585206849135,"name":"G1_Old_Generation"},"id":"garbage.collector"}}
{"recorder_version":"21","session":"e64d1a6fd80e","build":"192.6603.28","bucket":"22","time":1585206849135,"group":{"id":"system.runtime","version":"2"},"event":{"state":true,"data":{"created":1585206849135,"name":"Xmx","value":512},"id":"jvm.option"}}
{"recorder_version":"21","session":"e64d1a6fd80e","build":"192.6603.28","bucket":"22","time":1585206849135,"group":{"id":"system.runtime","version":"2"},"event":{"state":true,"data":{"vendor":"JetBrains","created":1585206849135,"bit":"64","version":"1.11"},"id":"jvm"}}
{"recorder_version":"21","session":"e64d1a6fd80e","build":"192.6603.28","bucket":"22","time":1585206849135,"group":{"id":"system.runtime","version":"2"},"event":{"state":true,"data":{"created":1585206849135,"name":"G1_Young_Generation"},"id":"garbage.collector"}}
{"recorder_version":"21","session":"e64d1a6fd80e","build":"192.6603.28","bucket":"22","time":1585206849135,"group":{"id":"system.runtime","version":"2"},"event":{"state":true,"data":{"created":1585206849135,"value":4},"id":"cores"}}
{"recorder_version":"21","session":"e64d1a6fd80e","build":"192.6603.28","bucket":"22","time":1585206849135,"group":{"id":"system.runtime","version":"2"},"event":{"state":true,"data":{"created":1585206849135,"name":"Xms","value":256},"id":"jvm.option"}}
{"recorder_version":"21","session":"e64d1a6fd80e","build":"192.6603.28","bucket":"22","time":1585206849135,"group":{"id":"system.runtime","version":"2"},"event":{"state":true,"data":{"created":1585206849135},"id":"invoked"}}
{"recorder_version":"21","session":"e64d1a6fd80e","build":"192.6603.28","bucket":"22","time":1585206849247,"group":{"id":"vcs.diff","version":"2"},"event":{"state":true,"data":{"created":1585206849247},"id":"invoked"}}
{"recorder_version":"21","session":"e64d1a6fd80e","build":"192.6603.28","bucket":"22","time":1585206849255,"group":{"id":"vcs.log.index.application","version":"2"},"event":{"state":true,"data":{"created":1585206849255},"id":"invoked"}}
{"recorder_version":"21","session":"e64d1a6fd80e","build":"192.6603.28","bucket":"22","time":1585206849255,"group":{"id":"ui.accessibility.screen.reader","version":"1"},"event":{"state":true,"data":{"os":"Windows","created":1585206849255},"id":"screen.reader.DISABLED"}}
{"recorder_version":"21","session":"e64d1a6fd80e","build":"192.6603.28","bucket":"22","time":1585206849255,"group":{"id":"ui.accessibility.screen.reader","version":"1"},"event":{"state":true,"data":{"created":1585206849255},"id":"invoked"}}
{"recorder_version":"21","session":"e64d1a6fd80e","build":"192.6603.28","bucket":"22","time":1585206849255,"group":{"id":"ui.hidpi.mode","version":"1"},"event":{"state":true,"data":{"os":"Windows","created":1585206849255},"id":"per_monitor_dpi"}}
{"recorder_version":"21","session":"e64d1a6fd80e","build":"192.6603.28","bucket":"22","time":1585206849255,"group":{"id":"ui.hidpi.mode","version":"1"},"event":{"state":true,"data":{"created":1585206849255},"id":"invoked"}}
{"recorder_version":"21","session":"e64d1a6fd80e","build":"192.6603.28","bucket":"22","time":1585206849255,"group":{"id":"vcs.application.configuration","version":"1"},"event":{"state":true,"data":{"created":1585206849255},"id":"invoked"}}
{"recorder_version":"21","session":"e64d1a6fd80e","build":"192.6603.28","bucket":"22","time":1585206849255,"group":{"id":"os.linux.wm","version":"1"},"event":{"state":true,"data":{"created":1585206849259},"id":"invoked"}}
{"recorder_version":"21","session":"e64d1a6fd80e","build":"192.6603.28","bucket":"22","time":1585206849259,"group":{"id":"debugger.settings.ide","version":"2"},"event":{"state":true,"data":{"created":1585206849259},"id":"invoked"}}
{"recorder_version":"21","session":"e64d1a6fd80e","build":"192.6603.28","bucket":"22","time":1585206849263,"group":{"id":"ui.info.features","version":"2"},"event":{"state":true,"data":{"os":"Windows","created":1585206849263},"id":"Allow.merging.buttons.enabled"}}
{"recorder_version":"21","session":"e64d1a6fd80e","build":"192.6603.28","bucket":"22","time":1585206849263,"group":{"id":"ui.info.features","version":"2"},"event":{"state":true,"data":{"os":"Windows","created":1585206849263},"id":"QuickDoc.AutoUpdate"}}
{"recorder_version":"21","session":"e64d1a6fd80e","build":"192.6603.28","bucket":"22","time":1585206849263,"group":{"id":"ui.info.features","version":"2"},"event":{"state":true,"data":{"os":"Windows","created":1585206849263},"id":"Hide.Editor.Tabs.If.Needed"}}
{"recorder_version":"21","session":"e64d1a6fd80e","build":"192.6603.28","bucket":"22","time":1585206849263,"group":{"id":"ui.info.features","version":"2"},"event":{"state":true,"data":{"grouped":"[30_50]","os":"Windows","created":1585206849263},"id":"recent.files"}}
{"recorder_version":"21","session":"e64d1a6fd80e","build":"192.6603.28","bucket":"22","time":1585206849263,"group":{"id":"ui.info.features","version":"2"},"event":{"state":true,"data":{"os":"Windows","created":1585206849263},"id":"Line.Numbers"}}
{"recorder_version":"21","session":"e64d1a6fd80e","build":"192.6603.28","bucket":"22","time":1585206849263,"group":{"id":"ui.info.features","version":"2"},"event":{"state":true,"data":{"os":"Windows","created":1585206849263},"id":"Tabs.Top"}}
{"recorder_version":"21","session":"e64d1a6fd80e","build":"192.6603.28","bucket":"22","time":1585206849263,"group":{"id":"ui.info.features","version":"2"},"event":{"state":true,"data":{"os":"Windows","created":1585206849263},"id":"Nav.Bar.visible"}}
{"recorder_version":"21","session":"e64d1a6fd80e","build":"192.6603.28","bucket":"22","time":1585206849263,"group":{"id":"ui.info.features","version":"2"},"event":{"state":true,"data":{"os":"Windows","created":1585206849263},"id":"Show.Editor.Tabs.In.Single.Row"}}
{"recorder_version":"21","session":"e64d1a6fd80e","build":"192.6603.28","bucket":"22","time":1585206849263,"group":{"id":"ui.info.features","version":"2"},"event":{"state":true,"data":{"os":"Windows","created":1585206849263},"id":"Recent.Files[30_50]"}}
{"recorder_version":"21","session":"e64d1a6fd80e","build":"192.6603.28","bucket":"22","time":1585206849263,"group":{"id":"ui.info.features","version":"2"},"event":{"state":true,"data":{"os":"Windows","created":1585206849267},"id":"Status.bar.visible"}}
{"recorder_version":"21","session":"e64d1a6fd80e","build":"192.6603.28","bucket":"22","time":1585206849263,"group":{"id":"ui.info.features","version":"2"},"event":{"state":true,"data":{"os":"Windows","created":1585206849267},"id":"Tool.Window.buttons.hidden"}}
{"recorder_version":"21","session":"e64d1a6fd80e","build":"192.6603.28","bucket":"22","time":1585206849263,"group":{"id":"ui.info.features","version":"2"},"event":{"state":true,"data":{"os":"Windows","created":1585206849267},"id":"Gutter.Icons"}}
{"recorder_version":"21","session":"e64d1a6fd80e","build":"192.6603.28","bucket":"22","time":1585206849263,"group":{"id":"ui.info.features","version":"2"},"event":{"state":true,"data":{"os":"Windows","created":1585206849267},"id":"Toolbar.hidden"}}
{"recorder_version":"21","session":"e64d1a6fd80e","build":"192.6603.28","bucket":"22","time":1585206849263,"group":{"id":"ui.info.features","version":"2"},"event":{"state":true,"data":{"os":"Windows","created":1585206849267},"id":"Toolbar.and.NavBar"}}
{"recorder_version":"21","session":"e64d1a6fd80e","build":"192.6603.28","bucket":"22","time":1585206849263,"group":{"id":"ui.info.features","version":"2"},"event":{"state":true,"data":{"created":1585206849267},"id":"invoked"}}
{"recorder_version":"21","session":"e64d1a6fd80e","build":"192.6603.28","bucket":"22","time":1585206849271,"group":{"id":"plugins","version":"1"},"event":{"state":true,"data":{"created":1585206849271,"plugin_type":"NOT_LISTED"},"id":"enabled.not.bundled.plugin"}}
{"recorder_version":"21","session":"e64d1a6fd80e","build":"192.6603.28","bucket":"22","time":1585206849271,"group":{"id":"plugins","version":"1"},"event":{"state":true,"data":{"created":1585206849271},"id":"invoked"}}
{"recorder_version":"21","session":"e64d1a6fd80e","build":"192.6603.28","bucket":"22","time":1585206849271,"group":{"id":"ui.fonts","version":"1"},"event":{"state":true,"data":{"os":"Windows","created":1585206849271},"id":"UI.font.name[Segoe_UI]"}}
{"recorder_version":"21","session":"e64d1a6fd80e","build":"192.6603.28","bucket":"22","time":1585206849271,"group":{"id":"ui.fonts","version":"1"},"event":{"state":true,"data":{"os":"Windows","created":1585206849271},"id":"IDE.editor.font.size[13]"}}
{"recorder_version":"21","session":"e64d1a6fd80e","build":"192.6603.28","bucket":"22","time":1585206849271,"group":{"id":"ui.fonts","version":"1"},"event":{"state":true,"data":{"os":"Windows","created":1585206849271},"id":"IDE.editor.font.name[Consolas]"}}
{"recorder_version":"21","session":"e64d1a6fd80e","build":"192.6603.28","bucket":"22","time":1585206849271,"group":{"id":"ui.fonts","version":"1"},"event":{"state":true,"data":{"os":"Windows","created":1585206849275,"value":1.2},"id":"editor.lineSpacing"}}
{"recorder_version":"21","session":"e64d1a6fd80e","build":"192.6603.28","bucket":"22","time":1585206849271,"group":{"id":"ui.fonts","version":"1"},"event":{"state":true,"data":{"os":"Windows","created":1585206849275},"id":"UI.font.size[12]"}}
{"recorder_version":"21","session":"e64d1a6fd80e","build":"192.6603.28","bucket":"22","time":1585206849271,"group":{"id":"ui.fonts","version":"1"},"event":{"state":true,"data":{"os":"Windows","created":1585206849275},"id":"Presentation.mode.font.size[24]"}}
{"recorder_version":"21","session":"e64d1a6fd80e","build":"192.6603.28","bucket":"22","time":1585206849271,"group":{"id":"ui.fonts","version":"1"},"event":{"state":true,"data":{"created":1585206849275},"id":"invoked"}}
{"recorder_version":"21","session":"e64d1a6fd80e","build":"192.6603.28","bucket":"22","time":1585206849271,"group":{"id":"ui.editor.color.schemes","version":"2"},"event":{"state":true,"data":{"os":"Windows","created":1585206849275,"value":false},"id":"Default"}}
{"recorder_version":"21","session":"e64d1a6fd80e","build":"192.6603.28","bucket":"22","time":1585206849271,"group":{"id":"ui.editor.color.schemes","version":"2"},"event":{"state":true,"data":{"created":1585206849275},"id":"invoked"}}
{"recorder_version":"21","session":"e64d1a6fd80e","build":"192.6603.28","bucket":"22","time":1585206849275,"group":{"id":"user.advanced.info","version":"2"},"event":{"state":true,"data":{"created":1585206849275,"value":"release"},"id":"build"}}
{"recorder_version":"21","session":"e64d1a6fd80e","build":"192.6603.28","bucket":"22","time":1585206849275,"group":{"id":"user.advanced.info","version":"2"},"event":{"state":true,"data":{"created":1585206849275},"id":"release"}}
{"recorder_version":"21","session":"e64d1a6fd80e","build":"192.6603.28","bucket":"22","time":1585206849275,"group":{"id":"user.advanced.info","version":"2"},"event":{"state":true,"data":{"created":1585206849275},"id":"invoked"}}
{"recorder_version":"21","session":"e64d1a6fd80e","build":"192.6603.28","bucket":"22","time":1585206851671,"group":{"id":"lifecycle","version":"21"},"event":{"count":1,"data":{"created":1585206851671,"project":"bfabf662528f76f50b92fb07764ae918b18ca863a4f50b9782393fa367d7405a"},"id":"frame.activated"}}
{"recorder_version":"21","session":"e64d1a6fd80e","build":"192.6603.28","bucket":"22","time":1585206852719,"group":{"id":"lifecycle","version":"21"},"event":{"count":1,"data":{"created":1585206852719,"project":"bfabf662528f76f50b92fb07764ae918b18ca863a4f50b9782393fa367d7405a"},"id":"frame.deactivated"}}
{"recorder_version":"21","session":"e64d1a6fd80e","build":"192.6603.28","bucket":"22","time":1585206943055,"group":{"id":"performance","version":"21"},"event":{"count":1,"data":{"duration_ms":0,"created":1585206943055},"id":"ui.latency"}}
{"recorder_version":"21","session":"e64d1a6fd80e","build":"192.6603.28","bucket":"22","time":1585207043305,"group":{"id":"performance","version":"21"},"event":{"count":1,"data":{"duration_ms":1,"created":1585207043305},"id":"ui.latency"}}
{"recorder_version":"21","session":"e64d1a6fd80e","build":"192.6603.28","bucket":"22","time":1585207143568,"group":{"id":"performance","version":"21"},"event":{"count":1,"data":{"duration_ms":0,"created":1585207143568},"id":"ui.latency"}}
{"recorder_version":"21","session":"e64d1a6fd80e","build":"192.6603.28","bucket":"22","time":1585207161605,"group":{"id":"event.log","version":"21"},"event":{"count":1,"data":{"total":20,"created":1585207161606,"failed":0,"send":20},"id":"logs.send"}}
{"recorder_version":"21","session":"e64d1a6fd80e","build":"192.6603.28","bucket":"22","time":1585207243888,"group":{"id":"performance","version":"21"},"event":{"count":1,"data":{"duration_ms":0,"created":1585207243888},"id":"ui.latency"}}
{"recorder_version":"21","session":"e64d1a6fd80e","build":"192.6603.28","bucket":"22","time":1585207344147,"group":{"id":"performance","version":"21"},"event":{"count":1,"data":{"duration_ms":0,"created":1585207344147},"id":"ui.latency"}}
{"recorder_version":"21","session":"e64d1a6fd80e","build":"192.6603.28","bucket":"22","time":1585207431301,"group":{"id":"build.tools","version":"1"},"event":{"state":true,"data":{"created":1585207431301,"project":"bfabf662528f76f50b92fb07764ae918b18ca863a4f50b9782393fa367d7405a"},"id":"invoked"}}
{"recorder_version":"21","session":"e64d1a6fd80e","build":"192.6603.28","bucket":"22","time":1585207431308,"group":{"id":"vcs.configuration","version":"2"},"event":{"state":true,"data":{"created":1585207431308,"count":0,"project":"bfabf662528f76f50b92fb07764ae918b18ca863a4f50b9782393fa367d7405a"},"id":"ignored.files"}}
{"recorder_version":"21","session":"e64d1a6fd80e","build":"192.6603.28","bucket":"22","time":1585207431308,"group":{"id":"vcs.configuration","version":"2"},"event":{"state":true,"data":{"created":1585207431308,"count":0,"project":"bfabf662528f76f50b92fb07764ae918b18ca863a4f50b9782393fa367d7405a"},"id":"unversioned.files"}}
{"recorder_version":"21","session":"e64d1a6fd80e","build":"192.6603.28","bucket":"22","time":1585207431308,"group":{"id":"vcs.configuration","version":"2"},"event":{"state":true,"data":{"created":1585207431308,"count":0,"project":"bfabf662528f76f50b92fb07764ae918b18ca863a4f50b9782393fa367d7405a"},"id":"mapped.roots"}}
{"recorder_version":"21","session":"e64d1a6fd80e","build":"192.6603.28","bucket":"22","time":1585207431308,"group":{"id":"vcs.configuration","version":"2"},"event":{"state":true,"data":{"created":1585207431308,"count":1,"project":"bfabf662528f76f50b92fb07764ae918b18ca863a4f50b9782393fa367d7405a"},"id":"changelists"}}
{"recorder_version":"21","session":"e64d1a6fd80e","build":"192.6603.28","bucket":"22","time":1585207431308,"group":{"id":"vcs.configuration","version":"2"},"event":{"state":true,"data":{"created":1585207431308,"project":"bfabf662528f76f50b92fb07764ae918b18ca863a4f50b9782393fa367d7405a"},"id":"invoked"}}
{"recorder_version":"21","session":"e64d1a6fd80e","build":"192.6603.28","bucket":"22","time":1585207431312,"group":{"id":"build.tools.state","version":"1"},"event":{"state":true,"data":{"created":1585207431312,"count":0,"externalSystemId":"Gradle","project":"bfabf662528f76f50b92fb07764ae918b18ca863a4f50b9782393fa367d7405a"},"id":"numberOfLinkedProject"}}
{"recorder_version":"21","session":"e64d1a6fd80e","build":"192.6603.28","bucket":"22","time":1585207431312,"group":{"id":"build.tools.state","version":"1"},"event":{"state":true,"data":{"created":1585207431312,"project":"bfabf662528f76f50b92fb07764ae918b18ca863a4f50b9782393fa367d7405a"},"id":"invoked"}}
{"recorder_version":"21","session":"e64d1a6fd80e","build":"192.6603.28","bucket":"22","time":1585207431316,"group":{"id":"project.structure","version":"2"},"event":{"state":true,"data":{"created":1585207431316,"count":1,"project":"bfabf662528f76f50b92fb07764ae918b18ca863a4f50b9782393fa367d7405a"},"id":"content.roots.total"}}
{"recorder_version":"21","session":"e64d1a6fd80e","build":"192.6603.28","bucket":"22","time":1585207431316,"group":{"id":"project.structure","version":"2"},"event":{"state":true,"data":{"created":1585207431320,"count":0,"project":"bfabf662528f76f50b92fb07764ae918b18ca863a4f50b9782393fa367d7405a"},"id":"package.prefix"}}
{"recorder_version":"21","session":"e64d1a6fd80e","build":"192.6603.28","bucket":"22","time":1585207431316,"group":{"id":"project.structure","version":"2"},"event":{"state":true,"data":{"created":1585207431320,"count":1,"project":"bfabf662528f76f50b92fb07764ae918b18ca863a4f50b9782393fa367d7405a"},"id":"source.roots.total"}}
{"recorder_version":"21","session":"e64d1a6fd80e","build":"192.6603.28","bucket":"22","time":1585207431316,"group":{"id":"project.structure","version":"2"},"event":{"state":true,"data":{"created":1585207431320,"count":1,"project":"bfabf662528f76f50b92fb07764ae918b18ca863a4f50b9782393fa367d7405a"},"id":"modules.total"}}
{"recorder_version":"21","session":"e64d1a6fd80e","build":"192.6603.28","bucket":"22","time":1585207431316,"group":{"id":"project.structure","version":"2"},"event":{"state":true,"data":{"created":1585207431320,"count":1,"project":"bfabf662528f76f50b92fb07764ae918b18ca863a4f50b9782393fa367d7405a"},"id":"excluded.roots.total"}}
{"recorder_version":"21","session":"e64d1a6fd80e","build":"192.6603.28","bucket":"22","time":1585207431316,"group":{"id":"project.structure","version":"2"},"event":{"state":true,"data":{"created":1585207431320,"count":1,"project":"bfabf662528f76f50b92fb07764ae918b18ca863a4f50b9782393fa367d7405a","type":"java-source"},"id":"source.root"}}
{"recorder_version":"21","session":"e64d1a6fd80e","build":"192.6603.28","bucket":"22","time":1585207431316,"group":{"id":"project.structure","version":"2"},"event":{"state":true,"data":{"created":1585207431320,"project":"bfabf662528f76f50b92fb07764ae918b18ca863a4f50b9782393fa367d7405a"},"id":"invoked"}}
{"recorder_version":"21","session":"e64d1a6fd80e","build":"192.6603.28","bucket":"22","time":1585207431462,"group":{"id":"svn.configuration","version":"1"},"event":{"state":true,"data":{"created":1585207431462,"project":"bfabf662528f76f50b92fb07764ae918b18ca863a4f50b9782393fa367d7405a"},"id":"invoked"}}
{"recorder_version":"21","session":"e64d1a6fd80e","build":"192.6603.28","bucket":"22","time":1585207431462,"group":{"id":"run.dashboard","version":"1"},"event":{"state":true,"data":{"created":1585207431462,"project":"bfabf662528f76f50b92fb07764ae918b18ca863a4f50b9782393fa367d7405a","enabled":false},"id":"run.dashboard"}}
{"recorder_version":"21","session":"e64d1a6fd80e","build":"192.6603.28","bucket":"22","time":1585207431462,"group":{"id":"run.dashboard","version":"1"},"event":{"state":true,"data":{"created":1585207431462,"project":"bfabf662528f76f50b92fb07764ae918b18ca863a4f50b9782393fa367d7405a"},"id":"invoked"}}
{"recorder_version":"21","session":"e64d1a6fd80e","build":"192.6603.28","bucket":"22","time":1585207431462,"group":{"id":"build.gradle.state","version":"1"},"event":{"state":true,"data":{"created":1585207431462,"project":"bfabf662528f76f50b92fb07764ae918b18ca863a4f50b9782393fa367d7405a"},"id":"invoked"}}
{"recorder_version":"21","session":"e64d1a6fd80e","build":"192.6603.28","bucket":"22","time":1585207431462,"group":{"id":"build.ant.state","version":"1"},"event":{"state":true,"data":{"created":1585207431462,"project":"bfabf662528f76f50b92fb07764ae918b18ca863a4f50b9782393fa367d7405a"},"id":"invoked"}}
{"recorder_version":"21","session":"e64d1a6fd80e","build":"192.6603.28","bucket":"22","time":1585207431473,"group":{"id":"vcs.log.ui","version":"2"},"event":{"state":true,"data":{"created":1585207431473,"project":"bfabf662528f76f50b92fb07764ae918b18ca863a4f50b9782393fa367d7405a"},"id":"invoked"}}
{"recorder_version":"21","session":"e64d1a6fd80e","build":"192.6603.28","bucket":"22","time":1585207431475,"group":{"id":"run.configuration.type","version":"4"},"event":{"state":true,"data":{"shared":false,"temporary":true,"activate_before_run":true,"plugin":"com.intellij.java","parallel":false,"created":1585207431475,"count":1,"plugin_type":"JB_BUNDLED","project":"bfabf662528f76f50b92fb07764ae918b18ca863a4f50b9782393fa367d7405a","edit_before_run":false},"id":"Application"}}
{"recorder_version":"21","session":"e64d1a6fd80e","build":"192.6603.28","bucket":"22","time":1585207431475,"group":{"id":"run.configuration.type","version":"4"},"event":{"state":true,"data":{"created":1585207431475,"project":"bfabf662528f76f50b92fb07764ae918b18ca863a4f50b9782393fa367d7405a"},"id":"invoked"}}
{"recorder_version":"21","session":"e64d1a6fd80e","build":"192.6603.28","bucket":"22","time":1585207431483,"group":{"id":"debugger.breakpoints","version":"2"},"event":{"state":true,"data":{"created":1585207431483,"count":2,"project":"bfabf662528f76f50b92fb07764ae918b18ca863a4f50b9782393fa367d7405a"},"id":"total"}}
{"recorder_version":"21","session":"e64d1a6fd80e","build":"192.6603.28","bucket":"22","time":1585207431483,"group":{"id":"debugger.breakpoints","version":"2"},"event":{"state":true,"data":{"created":1585207431483,"count":0,"project":"bfabf662528f76f50b92fb07764ae918b18ca863a4f50b9782393fa367d7405a"},"id":"total.disabled"}}
{"recorder_version":"21","session":"e64d1a6fd80e","build":"192.6603.28","bucket":"22","time":1585207431483,"group":{"id":"debugger.breakpoints","version":"2"},"event":{"state":true,"data":{"created":1585207431483,"count":0,"project":"bfabf662528f76f50b92fb07764ae918b18ca863a4f50b9782393fa367d7405a"},"id":"total.non.suspending"}}
{"recorder_version":"21","session":"e64d1a6fd80e","build":"192.6603.28","bucket":"22","time":1585207431483,"group":{"id":"debugger.breakpoints","version":"2"},"event":{"state":true,"data":{"created":1585207431483,"project":"bfabf662528f76f50b92fb07764ae918b18ca863a4f50b9782393fa367d7405a"},"id":"invoked"}}
{"recorder_version":"21","session":"e64d1a6fd80e","build":"192.6603.28","bucket":"22","time":1585207432700,"group":{"id":"javaLibraryJars","version":"1"},"event":{"state":true,"data":{"os":"Windows","created":1585207432700,"project":"bfabf662528f76f50b92fb07764ae918b18ca863a4f50b9782393fa367d7405a","version":"4.12"},"id":"junit4"}}
{"recorder_version":"21","session":"e64d1a6fd80e","build":"192.6603.28","bucket":"22","time":1585207432700,"group":{"id":"javaLibraryJars","version":"1"},"event":{"state":true,"data":{"created":1585207432700,"project":"bfabf662528f76f50b92fb07764ae918b18ca863a4f50b9782393fa367d7405a"},"id":"invoked"}}
{"recorder_version":"21","session":"e64d1a6fd80e","build":"192.6603.28","bucket":"22","time":1585207432859,"group":{"id":"file.types","version":"1"},"event":{"state":true,"data":{"created":1585207432859,"plugin_type":"PLATFORM","project":"bfabf662528f76f50b92fb07764ae918b18ca863a4f50b9782393fa367d7405a"},"id":"ARCHIVE"}}
{"recorder_version":"21","session":"e64d1a6fd80e","build":"192.6603.28","bucket":"22","time":1585207432859,"group":{"id":"file.types","version":"1"},"event":{"state":true,"data":{"plugin":"com.intellij.java","created":1585207432860,"plugin_type":"JB_BUNDLED","project":"bfabf662528f76f50b92fb07764ae918b18ca863a4f50b9782393fa367d7405a"},"id":"JAVA"}}
{"recorder_version":"21","session":"e64d1a6fd80e","build":"192.6603.28","bucket":"22","time":1585207432859,"group":{"id":"file.types","version":"1"},"event":{"state":true,"data":{"created":1585207432860,"plugin_type":"PLATFORM","project":"bfabf662528f76f50b92fb07764ae918b18ca863a4f50b9782393fa367d7405a"},"id":"IDEA_MODULE"}}
{"recorder_version":"21","session":"e64d1a6fd80e","build":"192.6603.28","bucket":"22","time":1585207432859,"group":{"id":"file.types","version":"1"},"event":{"state":true,"data":{"created":1585207432860,"project":"bfabf662528f76f50b92fb07764ae918b18ca863a4f50b9782393fa367d7405a"},"id":"invoked"}}
{"recorder_version":"21","session":"e64d1a6fd80e","build":"192.6603.28","bucket":"22","time":1585207432860,"group":{"id":"module.facets","version":"2"},"event":{"state":true,"data":{"created":1585207432860,"project":"bfabf662528f76f50b92fb07764ae918b18ca863a4f50b9782393fa367d7405a"},"id":"invoked"}}
{"recorder_version":"21","session":"e64d1a6fd80e","build":"192.6603.28","bucket":"22","time":1585207432864,"group":{"id":"vcs.log.index.project","version":"2"},"event":{"state":true,"data":{"created":1585207432864,"project":"bfabf662528f76f50b92fb07764ae918b18ca863a4f50b9782393fa367d7405a"},"id":"invoked"}}
{"recorder_version":"21","session":"e64d1a6fd80e","build":"192.6603.28","bucket":"22","time":1585207432880,"group":{"id":"vcs.settings","version":"2"},"event":{"state":true,"data":{"created":1585207432880,"project":"bfabf662528f76f50b92fb07764ae918b18ca863a4f50b9782393fa367d7405a"},"id":"invoked"}}
{"recorder_version":"21","session":"e64d1a6fd80e","build":"192.6603.28","bucket":"22","time":1585207432880,"group":{"id":"editor.settings.project","version":"2"},"event":{"state":true,"data":{"created":1585207432880,"project":"bfabf662528f76f50b92fb07764ae918b18ca863a4f50b9782393fa367d7405a"},"id":"invoked"}}
{"recorder_version":"21","session":"e64d1a6fd80e","build":"192.6603.28","bucket":"22","time":1585207432880,"group":{"id":"java.compiler.settings.project","version":"1"},"event":{"state":true,"data":{"created":1585207432880,"project":"bfabf662528f76f50b92fb07764ae918b18ca863a4f50b9782393fa367d7405a","enabled":true},"id":"AUTO_SHOW_ERRORS_IN_EDITOR"}}
{"recorder_version":"21","session":"e64d1a6fd80e","build":"192.6603.28","bucket":"22","time":1585207432880,"group":{"id":"java.compiler.settings.project","version":"1"},"event":{"state":true,"data":{"created":1585207432880,"project":"bfabf662528f76f50b92fb07764ae918b18ca863a4f50b9782393fa367d7405a","enabled":true},"id":"DISPLAY_NOTIFICATION_POPUP"}}
{"recorder_version":"21","session":"e64d1a6fd80e","build":"192.6603.28","bucket":"22","time":1585207432880,"group":{"id":"java.compiler.settings.project","version":"1"},"event":{"state":true,"data":{"created":1585207432880,"project":"bfabf662528f76f50b92fb07764ae918b18ca863a4f50b9782393fa367d7405a","enabled":true},"id":"CLEAR_OUTPUT_DIRECTORY"}}
{"recorder_version":"21","session":"e64d1a6fd80e","build":"192.6603.28","bucket":"22","time":1585207432880,"group":{"id":"java.compiler.settings.project","version":"1"},"event":{"state":true,"data":{"created":1585207432880,"project":"bfabf662528f76f50b92fb07764ae918b18ca863a4f50b9782393fa367d7405a","enabled":false},"id":"MAKE_PROJECT_ON_SAVE"}}
{"recorder_version":"21","session":"e64d1a6fd80e","build":"192.6603.28","bucket":"22","time":1585207432880,"group":{"id":"java.compiler.settings.project","version":"1"},"event":{"state":true,"data":{"created":1585207432880,"project":"bfabf662528f76f50b92fb07764ae918b18ca863a4f50b9782393fa367d7405a","enabled":false},"id":"PARALLEL_COMPILATION"}}
{"recorder_version":"21","session":"e64d1a6fd80e","build":"192.6603.28","bucket":"22","time":1585207432880,"group":{"id":"java.compiler.settings.project","version":"1"},"event":{"state":true,"data":{"created":1585207432880,"project":"bfabf662528f76f50b92fb07764ae918b18ca863a4f50b9782393fa367d7405a","enabled":true},"id":"REBUILD_ON_DEPENDENCY_CHANGE"}}
{"recorder_version":"21","session":"e64d1a6fd80e","build":"192.6603.28","bucket":"22","time":1585207432880,"group":{"id":"java.compiler.settings.project","version":"1"},"event":{"state":true,"data":{"created":1585207432880,"project":"bfabf662528f76f50b92fb07764ae918b18ca863a4f50b9782393fa367d7405a","enabled":true},"id":"COMPILE_AFFECTED_UNLOADED_MODULES_BEFORE_COMMIT"}}
{"recorder_version":"21","session":"e64d1a6fd80e","build":"192.6603.28","bucket":"22","time":1585207432880,"group":{"id":"java.compiler.settings.project","version":"1"},"event":{"state":true,"data":{"created":1585207432880,"project":"bfabf662528f76f50b92fb07764ae918b18ca863a4f50b9782393fa367d7405a"},"id":"invoked"}}
{"recorder_version":"21","session":"e64d1a6fd80e","build":"192.6603.28","bucket":"22","time":1585207432880,"group":{"id":"build.maven.state","version":"1"},"event":{"state":true,"data":{"created":1585207432880,"project":"bfabf662528f76f50b92fb07764ae918b18ca863a4f50b9782393fa367d7405a"},"id":"invoked"}}
{"recorder_version":"21","session":"e64d1a6fd80e","build":"192.6603.28","bucket":"22","time":1585207432884,"group":{"id":"inspections","version":"1"},"event":{"state":true,"data":{"created":1585207432884,"project":"bfabf662528f76f50b92fb07764ae918b18ca863a4f50b9782393fa367d7405a"},"id":"invoked"}}
{"recorder_version":"21","session":"e64d1a6fd80e","build":"192.6603.28","bucket":"22","time":1585207432884,"group":{"id":"vcs.log.data","version":"2"},"event":{"state":true,"data":{"created":1585207432884,"project":"bfabf662528f76f50b92fb07764ae918b18ca863a4f50b9782393fa367d7405a"},"id":"invoked"}}
{"recorder_version":"21","session":"e64d1a6fd80e","build":"192.6603.28","bucket":"22","time":1585207432910,"group":{"id":"git.configuration","version":"2"},"event":{"state":true,"data":{"created":1585207432910,"project":"bfabf662528f76f50b92fb07764ae918b18ca863a4f50b9782393fa367d7405a","type":"NULL","version":"0.0.0"},"id":"executable"}}
{"recorder_version":"21","session":"e64d1a6fd80e","build":"192.6603.28","bucket":"22","time":1585207432910,"group":{"id":"git.configuration","version":"2"},"event":{"state":true,"data":{"created":1585207432910,"project":"bfabf662528f76f50b92fb07764ae918b18ca863a4f50b9782393fa367d7405a"},"id":"invoked"}}
{"recorder_version":"21","session":"e64d1a6fd80e","build":"192.6603.28","bucket":"22","time":1585207444403,"group":{"id":"performance","version":"21"},"event":{"count":1,"data":{"duration_ms":0,"created":1585207444403},"id":"ui.latency"}}
{"recorder_version":"21","session":"e64d1a6fd80e","build":"192.6603.28","bucket":"22","time":1585207544695,"group":{"id":"performance","version":"21"},"event":{"count":1,"data":{"duration_ms":0,"created":1585207544695},"id":"ui.latency"}}
{"recorder_version":"21","session":"e64d1a6fd80e","build":"192.6603.28","bucket":"22","time":1585207644960,"group":{"id":"performance","version":"21"},"event":{"count":1,"data":{"duration_ms":0,"created":1585207644960},"id":"ui.latency"}}
{"recorder_version":"21","session":"e64d1a6fd80e","build":"192.6603.28","bucket":"22","time":1585207745212,"group":{"id":"performance","version":"21"},"event":{"count":1,"data":{"duration_ms":0,"created":1585207745212},"id":"ui.latency"}}
{"recorder_version":"21","session":"e64d1a6fd80e","build":"192.6603.28","bucket":"22","time":1585207845491,"group":{"id":"performance","version":"21"},"event":{"count":1,"data":{"duration_ms":0,"created":1585207845491},"id":"ui.latency"}}
{"recorder_version":"21","session":"e64d1a6fd80e","build":"192.6603.28","bucket":"22","time":1585207945768,"group":{"id":"performance","version":"21"},"event":{"count":1,"data":{"duration_ms":0,"created":1585207945768},"id":"ui.latency"}}
{"recorder_version":"21","session":"e64d1a6fd80e","build":"192.6603.28","bucket":"22","time":1585208046038,"group":{"id":"performance","version":"21"},"event":{"count":1,"data":{"duration_ms":0,"created":1585208046038},"id":"ui.latency"}}
{"recorder_version":"21","session":"e64d1a6fd80e","build":"192.6603.28","bucket":"22","time":1585208146293,"group":{"id":"performance","version":"21"},"event":{"count":1,"data":{"duration_ms":0,"created":1585208146293},"id":"ui.latency"}}
{"recorder_version":"21","session":"e64d1a6fd80e","build":"192.6603.28","bucket":"22","time":1585208246546,"group":{"id":"performance","version":"21"},"event":{"count":1,"data":{"duration_ms":0,"created":1585208246546},"id":"ui.latency"}}
{"recorder_version":"21","session":"e64d1a6fd80e","build":"192.6603.28","bucket":"22","time":1585208346853,"group":{"id":"performance","version":"21"},"event":{"count":1,"data":{"duration_ms":0,"created":1585208346853},"id":"ui.latency"}}
{"recorder_version":"21","session":"e64d1a6fd80e","build":"192.6603.28","bucket":"22","time":1585208447112,"group":{"id":"performance","version":"21"},"event":{"count":1,"data":{"duration_ms":0,"created":1585208447112},"id":"ui.latency"}}
{"recorder_version":"21","session":"e64d1a6fd80e","build":"192.6603.28","bucket":"22","time":1585208547342,"group":{"id":"performance","version":"21"},"event":{"count":1,"data":{"duration_ms":0,"created":1585208547342},"id":"ui.latency"}}
{"recorder_version":"21","session":"e64d1a6fd80e","build":"192.6603.28","bucket":"22","time":1585208647639,"group":{"id":"performance","version":"21"},"event":{"count":1,"data":{"duration_ms":0,"created":1585208647639},"id":"ui.latency"}}
{"recorder_version":"21","session":"e64d1a6fd80e","build":"192.6603.28","bucket":"22","time":1585208747928,"group":{"id":"performance","version":"21"},"event":{"count":1,"data":{"duration_ms":0,"created":1585208747928},"id":"ui.latency"}}
{"recorder_version":"21","session":"e64d1a6fd80e","build":"192.6603.28","bucket":"22","time":1585208848170,"group":{"id":"performance","version":"21"},"event":{"count":1,"data":{"duration_ms":0,"created":1585208848170},"id":"ui.latency"}}
{"recorder_version":"21","session":"e64d1a6fd80e","build":"192.6603.28","bucket":"22","time":1585208948442,"group":{"id":"performance","version":"21"},"event":{"count":1,"data":{"duration_ms":0,"created":1585208948442},"id":"ui.latency"}}
{"recorder_version":"21","session":"e64d1a6fd80e","build":"192.6603.28","bucket":"22","time":1585209048727,"group":{"id":"performance","version":"21"},"event":{"count":1,"data":{"duration_ms":0,"created":1585209048727},"id":"ui.latency"}}
{"recorder_version":"21","session":"e64d1a6fd80e","build":"192.6603.28","bucket":"22","time":1585209148956,"group":{"id":"performance","version":"21"},"event":{"count":1,"data":{"duration_ms":0,"created":1585209148956},"id":"ui.latency"}}
{"recorder_version":"21","session":"e64d1a6fd80e","build":"192.6603.28","bucket":"22","time":1585209249220,"group":{"id":"performance","version":"21"},"event":{"count":1,"data":{"duration_ms":0,"created":1585209249220},"id":"ui.latency"}}
{"recorder_version":"21","session":"e64d1a6fd80e","build":"192.6603.28","bucket":"22","time":1585209349517,"group":{"id":"performance","version":"21"},"event":{"count":1,"data":{"duration_ms":0,"created":1585209349517},"id":"ui.latency"}}
{"recorder_version":"21","session":"e64d1a6fd80e","build":"192.6603.28","bucket":"22","time":1585209449761,"group":{"id":"performance","version":"21"},"event":{"count":1,"data":{"duration_ms":0,"created":1585209449761},"id":"ui.latency"}}
