{"recorder_version":"21","session":"eecaa571baa5","build":"192.6603.28","bucket":"22","time":1571896051611,"group":{"id":"settings","version":"4"},"event":{"state":true,"data":{"component":"NotRoamableUiSettings","created":1571896051862},"id":"invoked"}}
{"recorder_version":"21","session":"eecaa571baa5","build":"192.6603.28","bucket":"22","time":1571896051614,"group":{"id":"system.java","version":"1"},"event":{"state":true,"data":{"created":1571896051864,"version":"1.11"},"id":"JetBrains"}}
{"recorder_version":"21","session":"eecaa571baa5","build":"192.6603.28","bucket":"22","time":1571896051614,"group":{"id":"system.java","version":"1"},"event":{"state":true,"data":{"created":1571896051875},"id":"invoked"}}
{"recorder_version":"21","session":"eecaa571baa5","build":"192.6603.28","bucket":"22","time":1571896051614,"group":{"id":"settings","version":"4"},"event":{"state":true,"data":{"component":"UISettings","created":1571896051876},"id":"invoked"}}
{"recorder_version":"21","session":"eecaa571baa5","build":"192.6603.28","bucket":"22","time":1571896051861,"group":{"id":"event.log","version":"21"},"event":{"count":1,"data":{"created":1571896051879,"version":"848.0"},"id":"whitelist.loaded"}}
{"recorder_version":"21","session":"eecaa571baa5","build":"192.6603.28","bucket":"22","time":1571896051866,"group":{"id":"system.os","version":"3"},"event":{"state":true,"data":{"created":1571896051880,"version":"10.0"},"id":"Windows"}}
{"recorder_version":"21","session":"eecaa571baa5","build":"192.6603.28","bucket":"22","time":1571896051867,"group":{"id":"system.os","version":"3"},"event":{"state":true,"data":{"created":1571896051881,"name":"Windows","version":"10.0"},"id":"os.name"}}
{"recorder_version":"21","session":"eecaa571baa5","build":"192.6603.28","bucket":"22","time":1571896051867,"group":{"id":"system.os","version":"3"},"event":{"state":true,"data":{"created":1571896051882,"value":"-06_00"},"id":"os.timezone"}}
{"recorder_version":"21","session":"eecaa571baa5","build":"192.6603.28","bucket":"22","time":1571896051867,"group":{"id":"system.os","version":"3"},"event":{"state":true,"data":{"created":1571896051883},"id":"invoked"}}
{"recorder_version":"21","session":"eecaa571baa5","build":"192.6603.28","bucket":"22","time":1571896052773,"group":{"id":"settings","version":"4"},"event":{"state":true,"data":{"component":"UpdatesConfigurable","created":1571896052774,"name":"checkNeeded","type":"bool","value":false},"id":"not.default"}}
{"recorder_version":"21","session":"eecaa571baa5","build":"192.6603.28","bucket":"22","time":1571896052777,"group":{"id":"settings","version":"4"},"event":{"state":true,"data":{"component":"UpdatesConfigurable","created":1571896052777},"id":"invoked"}}
{"recorder_version":"21","session":"eecaa571baa5","build":"192.6603.28","bucket":"22","time":1571896052977,"group":{"id":"settings","version":"4"},"event":{"state":true,"data":{"component":"GeneralSettings","created":1571896052977,"name":"showTipsOnStartup","type":"bool","value":false},"id":"not.default"}}
{"recorder_version":"21","session":"eecaa571baa5","build":"192.6603.28","bucket":"22","time":1571896052978,"group":{"id":"settings","version":"4"},"event":{"state":true,"data":{"component":"GeneralSettings","created":1571896052978},"id":"invoked"}}
{"recorder_version":"21","session":"eecaa571baa5","build":"192.6603.28","bucket":"22","time":1571896052989,"group":{"id":"lifecycle","version":"21"},"event":{"count":1,"data":{"internal":true,"eap":false,"created":1571896052990},"id":"ide.start"}}
{"recorder_version":"21","session":"eecaa571baa5","build":"192.6603.28","bucket":"22","time":1571896053883,"group":{"id":"performance","version":"21"},"event":{"count":1,"data":{"duration_ms":773,"created":1571896053885},"id":"ui.latency"}}
{"recorder_version":"21","session":"eecaa571baa5","build":"192.6603.28","bucket":"22","time":1571896053883,"group":{"id":"performance","version":"21"},"event":{"count":1,"data":{"duration_ms":773,"created":1571896053886},"id":"ui.lagging"}}
{"recorder_version":"21","session":"eecaa571baa5","build":"192.6603.28","bucket":"22","time":1571896054417,"group":{"id":"lifecycle","version":"21"},"event":{"count":1,"data":{"created":1571896054417},"id":"frame.activated"}}
{"recorder_version":"21","session":"eecaa571baa5","build":"192.6603.28","bucket":"22","time":1571896054464,"group":{"id":"performance","version":"21"},"event":{"count":1,"data":{"duration_ms":344,"created":1571896054466},"id":"ui.lagging"}}
{"recorder_version":"21","session":"eecaa571baa5","build":"192.6603.28","bucket":"22","time":1571896054962,"group":{"id":"ui.dialogs","version":"21"},"event":{"count":1,"data":{"created":1571896054962,"plugin_type":"PLATFORM","type":"show"},"id":"com.intellij.openapi.progress.util.ProgressDialog$MyDialogWrapper"}}
{"recorder_version":"21","session":"eecaa571baa5","build":"192.6603.28","bucket":"22","time":1571896055307,"group":{"id":"performance","version":"21"},"event":{"count":1,"data":{"duration_ms":186,"created":1571896055310},"id":"ui.lagging"}}
{"recorder_version":"21","session":"eecaa571baa5","build":"192.6603.28","bucket":"22","time":1571896057321,"group":{"id":"lifecycle","version":"21"},"event":{"count":1,"data":{"created":1571896057321,"project":"4be3d17f17030ab3a63bc562e8adfb634a3ed4f270823eadf71209b05fbc80f8"},"id":"project.opened"}}
{"recorder_version":"21","session":"eecaa571baa5","build":"192.6603.28","bucket":"22","time":1571896059691,"group":{"id":"settings","version":"4"},"event":{"state":true,"data":{"component":"XmlEditorOptions","created":1571896059691},"id":"invoked"}}
{"recorder_version":"21","session":"eecaa571baa5","build":"192.6603.28","bucket":"22","time":1571896059840,"group":{"id":"performance","version":"21"},"event":{"count":1,"data":{"duration_ms":694,"created":1571896059840},"id":"ui.lagging"}}
{"recorder_version":"21","session":"eecaa571baa5","build":"192.6603.28","bucket":"22","time":1571896060363,"group":{"id":"performance","version":"21"},"event":{"count":1,"data":{"duration_ms":206,"created":1571896060364},"id":"ui.lagging"}}
{"recorder_version":"21","session":"eecaa571baa5","build":"192.6603.28","bucket":"22","time":1571896060578,"group":{"id":"toolwindow","version":"21"},"event":{"count":1,"data":{"os":"Windows","created":1571896060578,"plugin_type":"PLATFORM"},"id":"Project"}}
{"recorder_version":"21","session":"eecaa571baa5","build":"192.6603.28","bucket":"22","time":1571896061381,"group":{"id":"performance","version":"21"},"event":{"count":1,"data":{"duration_ms":214,"created":1571896061381},"id":"ui.lagging"}}
{"recorder_version":"21","session":"eecaa571baa5","build":"192.6603.28","bucket":"22","time":1571896065367,"group":{"id":"kotlin.jps.target","version":"1"},"event":{"count":1,"data":{"plugin_version":"1.3.41-release-IJ2019.2-1","created":1571896065369},"id":"jvm"}}
{"recorder_version":"21","session":"eecaa571baa5","build":"192.6603.28","bucket":"22","time":1571896066280,"group":{"id":"project.fs","version":"1"},"event":{"state":true,"data":{"os":"Windows","cs-project":false,"created":1571896066281,"project":"4be3d17f17030ab3a63bc562e8adfb634a3ed4f270823eadf71209b05fbc80f8","cs-implicit":true,"cs-system":false},"id":"case-sensitivity"}}
{"recorder_version":"21","session":"eecaa571baa5","build":"192.6603.28","bucket":"22","time":1571896066280,"group":{"id":"project.fs","version":"1"},"event":{"state":true,"data":{"created":1571896066282},"id":"invoked"}}
{"recorder_version":"21","session":"eecaa571baa5","build":"192.6603.28","bucket":"22","time":1571896066288,"group":{"id":"project.fs","version":"1"},"event":{"state":true,"data":{"pct-non-watched":0,"created":1571896066288,"project":"4be3d17f17030ab3a63bc562e8adfb634a3ed4f270823eadf71209b05fbc80f8"},"id":"roots-watched"}}
{"recorder_version":"21","session":"eecaa571baa5","build":"192.6603.28","bucket":"22","time":1571896066291,"group":{"id":"project.fs","version":"1"},"event":{"state":true,"data":{"created":1571896066292},"id":"invoked"}}
{"recorder_version":"21","session":"eecaa571baa5","build":"192.6603.28","bucket":"22","time":1571896066326,"group":{"id":"ui.dialogs","version":"21"},"event":{"count":1,"data":{"code":1,"created":1571896066326,"plugin_type":"PLATFORM","type":"close"},"id":"com.intellij.openapi.progress.util.ProgressDialog$MyDialogWrapper"}}
{"recorder_version":"21","session":"eecaa571baa5","build":"192.6603.28","bucket":"22","time":1571896066673,"group":{"id":"lifecycle","version":"21"},"event":{"count":1,"data":{"duration_ms":12013,"created":1571896066678,"project":"4be3d17f17030ab3a63bc562e8adfb634a3ed4f270823eadf71209b05fbc80f8"},"id":"project.opening.finished"}}
{"recorder_version":"21","session":"eecaa571baa5","build":"192.6603.28","bucket":"22","time":1571896068495,"group":{"id":"performance","version":"21"},"event":{"count":1,"data":{"duration_ms":1217,"created":1571896068495},"id":"ui.lagging"}}
{"recorder_version":"21","session":"eecaa571baa5","build":"192.6603.28","bucket":"22","time":1571896068587,"group":{"id":"performance","version":"21"},"event":{"count":1,"data":{"duration_ms":294,"created":1571896068587},"id":"ui.lagging"}}
{"recorder_version":"21","session":"eecaa571baa5","build":"192.6603.28","bucket":"22","time":1571896069450,"group":{"id":"performance","version":"21"},"event":{"count":1,"data":{"duration_ms":132,"created":1571896069451},"id":"ui.lagging"}}
{"recorder_version":"21","session":"eecaa571baa5","build":"192.6603.28","bucket":"22","time":1571896070876,"group":{"id":"ui.dialogs","version":"21"},"event":{"count":1,"data":{"created":1571896070876,"plugin_type":"PLATFORM","type":"show"},"id":"com.intellij.openapi.ui.messages.MessageDialog"}}
{"recorder_version":"21","session":"eecaa571baa5","build":"192.6603.28","bucket":"22","time":1571896072141,"group":{"id":"lifecycle","version":"21"},"event":{"count":1,"data":{"restart":false,"created":1571896072141},"id":"ide.close"}}
{"recorder_version":"21","session":"eecaa571baa5","build":"192.6603.28","bucket":"22","time":1571896072633,"group":{"id":"ui.dialogs","version":"21"},"event":{"count":1,"data":{"created":1571896072633,"plugin_type":"PLATFORM","type":"show"},"id":"com.intellij.openapi.progress.util.ProgressDialog$MyDialogWrapper"}}
{"recorder_version":"21","session":"eecaa571baa5","build":"192.6603.28","bucket":"22","time":1571896072795,"group":{"id":"lifecycle","version":"21"},"event":{"count":1,"data":{"created":1571896072795,"project":"4be3d17f17030ab3a63bc562e8adfb634a3ed4f270823eadf71209b05fbc80f8"},"id":"project.closed"}}
