{"recorder_version":"21","session":"991aea244163","build":"192.6603.28","bucket":"22","time":1571894568671,"group":{"id":"settings","version":"4"},"event":{"state":true,"data":{"component":"NotRoamableUiSettings","created":1571894568975},"id":"invoked"}}
{"recorder_version":"21","session":"991aea244163","build":"192.6603.28","bucket":"22","time":1571894568675,"group":{"id":"system.java","version":"1"},"event":{"state":true,"data":{"created":1571894568977,"version":"1.11"},"id":"JetBrains"}}
{"recorder_version":"21","session":"991aea244163","build":"192.6603.28","bucket":"22","time":1571894568675,"group":{"id":"system.java","version":"1"},"event":{"state":true,"data":{"created":1571894568989},"id":"invoked"}}
{"recorder_version":"21","session":"991aea244163","build":"192.6603.28","bucket":"22","time":1571894568689,"group":{"id":"settings","version":"4"},"event":{"state":true,"data":{"component":"UISettings","created":1571894568989},"id":"invoked"}}
{"recorder_version":"21","session":"991aea244163","build":"192.6603.28","bucket":"22","time":1571894568974,"group":{"id":"event.log","version":"21"},"event":{"count":1,"data":{"created":1571894568996,"version":"848.0"},"id":"whitelist.loaded"}}
{"recorder_version":"21","session":"991aea244163","build":"192.6603.28","bucket":"22","time":1571894569010,"group":{"id":"system.os","version":"3"},"event":{"state":true,"data":{"created":1571894569011,"version":"10.0"},"id":"Windows"}}
{"recorder_version":"21","session":"991aea244163","build":"192.6603.28","bucket":"22","time":1571894569014,"group":{"id":"system.os","version":"3"},"event":{"state":true,"data":{"created":1571894569014,"name":"Windows","version":"10.0"},"id":"os.name"}}
{"recorder_version":"21","session":"991aea244163","build":"192.6603.28","bucket":"22","time":1571894569014,"group":{"id":"system.os","version":"3"},"event":{"state":true,"data":{"created":1571894569015,"value":"-06_00"},"id":"os.timezone"}}
{"recorder_version":"21","session":"991aea244163","build":"192.6603.28","bucket":"22","time":1571894569014,"group":{"id":"system.os","version":"3"},"event":{"state":true,"data":{"created":1571894569016},"id":"invoked"}}
{"recorder_version":"21","session":"991aea244163","build":"192.6603.28","bucket":"22","time":1571894569799,"group":{"id":"settings","version":"4"},"event":{"state":true,"data":{"component":"UpdatesConfigurable","created":1571894569799,"name":"checkNeeded","type":"bool","value":false},"id":"not.default"}}
{"recorder_version":"21","session":"991aea244163","build":"192.6603.28","bucket":"22","time":1571894569799,"group":{"id":"settings","version":"4"},"event":{"state":true,"data":{"component":"UpdatesConfigurable","created":1571894569800},"id":"invoked"}}
{"recorder_version":"21","session":"991aea244163","build":"192.6603.28","bucket":"22","time":1571894569928,"group":{"id":"settings","version":"4"},"event":{"state":true,"data":{"component":"GeneralSettings","created":1571894569928,"name":"showTipsOnStartup","type":"bool","value":false},"id":"not.default"}}
{"recorder_version":"21","session":"991aea244163","build":"192.6603.28","bucket":"22","time":1571894569929,"group":{"id":"settings","version":"4"},"event":{"state":true,"data":{"component":"GeneralSettings","created":1571894569929},"id":"invoked"}}
{"recorder_version":"21","session":"991aea244163","build":"192.6603.28","bucket":"22","time":1571894570007,"group":{"id":"lifecycle","version":"21"},"event":{"count":1,"data":{"internal":true,"eap":false,"created":1571894570007},"id":"ide.start"}}
{"recorder_version":"21","session":"991aea244163","build":"192.6603.28","bucket":"22","time":1571894571008,"group":{"id":"performance","version":"21"},"event":{"count":1,"data":{"duration_ms":830,"created":1571894571009},"id":"ui.latency"}}
{"recorder_version":"21","session":"991aea244163","build":"192.6603.28","bucket":"22","time":1571894571008,"group":{"id":"performance","version":"21"},"event":{"count":1,"data":{"duration_ms":830,"created":1571894571011},"id":"ui.lagging"}}
{"recorder_version":"21","session":"991aea244163","build":"192.6603.28","bucket":"22","time":1571894571177,"group":{"id":"lifecycle","version":"21"},"event":{"count":1,"data":{"created":1571894571177},"id":"frame.activated"}}
{"recorder_version":"21","session":"991aea244163","build":"192.6603.28","bucket":"22","time":1571894571605,"group":{"id":"ui.dialogs","version":"21"},"event":{"count":1,"data":{"created":1571894571606,"plugin_type":"PLATFORM","type":"show"},"id":"com.intellij.openapi.progress.util.ProgressDialog$MyDialogWrapper"}}
{"recorder_version":"21","session":"991aea244163","build":"192.6603.28","bucket":"22","time":1571894574241,"group":{"id":"lifecycle","version":"21"},"event":{"count":1,"data":{"created":1571894574241,"project":"4be3d17f17030ab3a63bc562e8adfb634a3ed4f270823eadf71209b05fbc80f8"},"id":"project.opened"}}
{"recorder_version":"21","session":"991aea244163","build":"192.6603.28","bucket":"22","time":1571894575157,"group":{"id":"performance","version":"21"},"event":{"count":1,"data":{"duration_ms":913,"created":1571894575157},"id":"ui.lagging"}}
{"recorder_version":"21","session":"991aea244163","build":"192.6603.28","bucket":"22","time":1571894575167,"group":{"id":"lifecycle","version":"21"},"event":{"count":1,"data":{"created":1571894575168,"project":"4be3d17f17030ab3a63bc562e8adfb634a3ed4f270823eadf71209b05fbc80f8"},"id":"frame.deactivated"}}
{"recorder_version":"21","session":"991aea244163","build":"192.6603.28","bucket":"22","time":1571894575429,"group":{"id":"performance","version":"21"},"event":{"count":1,"data":{"duration_ms":175,"created":1571894575429},"id":"ui.lagging"}}
{"recorder_version":"21","session":"991aea244163","build":"192.6603.28","bucket":"22","time":1571894577502,"group":{"id":"settings","version":"4"},"event":{"state":true,"data":{"component":"XmlEditorOptions","created":1571894577502},"id":"invoked"}}
{"recorder_version":"21","session":"991aea244163","build":"192.6603.28","bucket":"22","time":1571894577555,"group":{"id":"performance","version":"21"},"event":{"count":1,"data":{"duration_ms":1278,"created":1571894577555},"id":"ui.lagging"}}
{"recorder_version":"21","session":"991aea244163","build":"192.6603.28","bucket":"22","time":1571894577559,"group":{"id":"performance","version":"21"},"event":{"count":1,"data":{"duration_ms":119,"created":1571894577559},"id":"ui.lagging"}}
{"recorder_version":"21","session":"991aea244163","build":"192.6603.28","bucket":"22","time":1571894578812,"group":{"id":"lifecycle","version":"21"},"event":{"count":1,"data":{"created":1571894578816,"project":"4be3d17f17030ab3a63bc562e8adfb634a3ed4f270823eadf71209b05fbc80f8"},"id":"frame.activated"}}
{"recorder_version":"21","session":"991aea244163","build":"192.6603.28","bucket":"22","time":1571894579029,"group":{"id":"toolwindow","version":"21"},"event":{"count":1,"data":{"os":"Windows","created":1571894579029,"plugin_type":"PLATFORM"},"id":"Project"}}
{"recorder_version":"21","session":"991aea244163","build":"192.6603.28","bucket":"22","time":1571894580019,"group":{"id":"performance","version":"21"},"event":{"count":1,"data":{"duration_ms":550,"created":1571894580019},"id":"ui.lagging"}}
{"recorder_version":"21","session":"991aea244163","build":"192.6603.28","bucket":"22","time":1571894583517,"group":{"id":"kotlin.jps.target","version":"1"},"event":{"count":1,"data":{"plugin_version":"1.3.41-release-IJ2019.2-1","created":1571894583517},"id":"jvm"}}
{"recorder_version":"21","session":"991aea244163","build":"192.6603.28","bucket":"22","time":1571894583850,"group":{"id":"performance","version":"21"},"event":{"count":1,"data":{"duration_ms":225,"created":1571894583850},"id":"ui.lagging"}}
{"recorder_version":"21","session":"991aea244163","build":"192.6603.28","bucket":"22","time":1571894584112,"group":{"id":"project.fs","version":"1"},"event":{"state":true,"data":{"os":"Windows","cs-project":false,"created":1571894584119,"project":"4be3d17f17030ab3a63bc562e8adfb634a3ed4f270823eadf71209b05fbc80f8","cs-implicit":true,"cs-system":false},"id":"case-sensitivity"}}
{"recorder_version":"21","session":"991aea244163","build":"192.6603.28","bucket":"22","time":1571894584112,"group":{"id":"project.fs","version":"1"},"event":{"state":true,"data":{"created":1571894584119},"id":"invoked"}}
{"recorder_version":"21","session":"991aea244163","build":"192.6603.28","bucket":"22","time":1571894584120,"group":{"id":"project.fs","version":"1"},"event":{"state":true,"data":{"pct-non-watched":0,"created":1571894584120,"project":"4be3d17f17030ab3a63bc562e8adfb634a3ed4f270823eadf71209b05fbc80f8"},"id":"roots-watched"}}
{"recorder_version":"21","session":"991aea244163","build":"192.6603.28","bucket":"22","time":1571894584121,"group":{"id":"project.fs","version":"1"},"event":{"state":true,"data":{"created":1571894584121},"id":"invoked"}}
{"recorder_version":"21","session":"991aea244163","build":"192.6603.28","bucket":"22","time":1571894584460,"group":{"id":"ui.dialogs","version":"21"},"event":{"count":1,"data":{"code":1,"created":1571894584460,"plugin_type":"PLATFORM","type":"close"},"id":"com.intellij.openapi.progress.util.ProgressDialog$MyDialogWrapper"}}
{"recorder_version":"21","session":"991aea244163","build":"192.6603.28","bucket":"22","time":1571894584656,"group":{"id":"lifecycle","version":"21"},"event":{"count":1,"data":{"duration_ms":12880,"created":1571894584656,"project":"4be3d17f17030ab3a63bc562e8adfb634a3ed4f270823eadf71209b05fbc80f8"},"id":"project.opening.finished"}}
{"recorder_version":"21","session":"991aea244163","build":"192.6603.28","bucket":"22","time":1571894587028,"group":{"id":"performance","version":"21"},"event":{"count":1,"data":{"duration_ms":374,"created":1571894587028},"id":"ui.lagging"}}
{"recorder_version":"21","session":"991aea244163","build":"192.6603.28","bucket":"22","time":1571894590045,"group":{"id":"performance","version":"21"},"event":{"count":1,"data":{"duration_ms":332,"created":1571894590045},"id":"ui.lagging"}}
{"recorder_version":"21","session":"991aea244163","build":"192.6603.28","bucket":"22","time":1571894591130,"group":{"id":"actions","version":"21"},"event":{"count":1,"data":{"context_menu":true,"current_file":"JAVA","created":1571894591130,"plugin_type":"NOT_LISTED","project":"4be3d17f17030ab3a63bc562e8adfb634a3ed4f270823eadf71209b05fbc80f8","place":"EditorPopup","class":"third.party","input_event":"MouseLeft"},"id":"third.party"}}
{"recorder_version":"21","session":"991aea244163","build":"192.6603.28","bucket":"22","time":1571894592449,"group":{"id":"lifecycle","version":"21"},"event":{"count":1,"data":{"created":1571894592457,"plugin_type":"NOT_LISTED","error":"java.lang.IndexOutOfBoundsException"},"id":"ide.error"}}
{"recorder_version":"21","session":"991aea244163","build":"192.6603.28","bucket":"22","time":1571894594912,"group":{"id":"actions","version":"21"},"event":{"count":1,"data":{"context_menu":false,"current_file":"JAVA","created":1571894594912,"plugin_type":"PLATFORM","project":"4be3d17f17030ab3a63bc562e8adfb634a3ed4f270823eadf71209b05fbc80f8","place":"keyboard_shortcut","class":"com.intellij.ide.actions.UndoAction","input_event":"Ctrl+Z"},"id":"$Undo"}}
{"recorder_version":"21","session":"991aea244163","build":"192.6603.28","bucket":"22","time":1571894598112,"group":{"id":"ui.dialogs","version":"21"},"event":{"count":1,"data":{"created":1571894598113,"plugin_type":"PLATFORM","type":"show"},"id":"com.intellij.openapi.ui.messages.MessageDialog"}}
{"recorder_version":"21","session":"991aea244163","build":"192.6603.28","bucket":"22","time":1571894598151,"group":{"id":"performance","version":"21"},"event":{"count":1,"data":{"duration_ms":222,"created":1571894598151},"id":"ui.lagging"}}
{"recorder_version":"21","session":"991aea244163","build":"192.6603.28","bucket":"22","time":1571894599295,"group":{"id":"lifecycle","version":"21"},"event":{"count":1,"data":{"restart":false,"created":1571894599295},"id":"ide.close"}}
{"recorder_version":"21","session":"991aea244163","build":"192.6603.28","bucket":"22","time":1571894599994,"group":{"id":"ui.dialogs","version":"21"},"event":{"count":1,"data":{"created":1571894599994,"plugin_type":"PLATFORM","type":"show"},"id":"com.intellij.openapi.progress.util.ProgressDialog$MyDialogWrapper"}}
{"recorder_version":"21","session":"991aea244163","build":"192.6603.28","bucket":"22","time":1571894600034,"group":{"id":"lifecycle","version":"21"},"event":{"count":1,"data":{"created":1571894600034,"project":"4be3d17f17030ab3a63bc562e8adfb634a3ed4f270823eadf71209b05fbc80f8"},"id":"project.closed"}}
