{"recorder_version":"21","session":"e120d1073ef7","build":"192.6603.28","bucket":"22","time":1574968735960,"group":{"id":"settings","version":"4"},"event":{"state":true,"data":{"component":"NotRoamableUiSettings","created":1574968736640},"id":"invoked"}}
{"recorder_version":"21","session":"e120d1073ef7","build":"192.6603.28","bucket":"22","time":1574968735962,"group":{"id":"settings","version":"4"},"event":{"state":true,"data":{"component":"UISettings","created":1574968736644},"id":"invoked"}}
{"recorder_version":"21","session":"e120d1073ef7","build":"192.6603.28","bucket":"22","time":1574968736051,"group":{"id":"system.java","version":"1"},"event":{"state":true,"data":{"created":1574968736727,"version":"1.11"},"id":"JetBrains"}}
{"recorder_version":"21","session":"e120d1073ef7","build":"192.6603.28","bucket":"22","time":1574968736051,"group":{"id":"system.java","version":"1"},"event":{"state":true,"data":{"created":1574968736728},"id":"invoked"}}
{"recorder_version":"21","session":"e120d1073ef7","build":"192.6603.28","bucket":"22","time":1574968736639,"group":{"id":"event.log","version":"21"},"event":{"count":1,"data":{"created":1574968736730,"version":"935.0"},"id":"whitelist.loaded"}}
{"recorder_version":"21","session":"e120d1073ef7","build":"192.6603.28","bucket":"22","time":1574968736753,"group":{"id":"system.os","version":"3"},"event":{"state":true,"data":{"created":1574968736753,"version":"10.0"},"id":"Windows"}}
{"recorder_version":"21","session":"e120d1073ef7","build":"192.6603.28","bucket":"22","time":1574968736756,"group":{"id":"system.os","version":"3"},"event":{"state":true,"data":{"created":1574968736757,"name":"Windows","version":"10.0"},"id":"os.name"}}
{"recorder_version":"21","session":"e120d1073ef7","build":"192.6603.28","bucket":"22","time":1574968736758,"group":{"id":"system.os","version":"3"},"event":{"state":true,"data":{"created":1574968736759,"value":"-07_00"},"id":"os.timezone"}}
{"recorder_version":"21","session":"e120d1073ef7","build":"192.6603.28","bucket":"22","time":1574968736759,"group":{"id":"system.os","version":"3"},"event":{"state":true,"data":{"created":1574968736759},"id":"invoked"}}
{"recorder_version":"21","session":"e120d1073ef7","build":"192.6603.28","bucket":"22","time":1574968738674,"group":{"id":"settings","version":"4"},"event":{"state":true,"data":{"component":"UpdatesConfigurable","created":1574968738674,"name":"checkNeeded","type":"bool","value":false},"id":"not.default"}}
{"recorder_version":"21","session":"e120d1073ef7","build":"192.6603.28","bucket":"22","time":1574968738674,"group":{"id":"settings","version":"4"},"event":{"state":true,"data":{"component":"UpdatesConfigurable","created":1574968738675},"id":"invoked"}}
{"recorder_version":"21","session":"e120d1073ef7","build":"192.6603.28","bucket":"22","time":1574968739090,"group":{"id":"settings","version":"4"},"event":{"state":true,"data":{"component":"GeneralSettings","created":1574968739091,"name":"showTipsOnStartup","type":"bool","value":false},"id":"not.default"}}
{"recorder_version":"21","session":"e120d1073ef7","build":"192.6603.28","bucket":"22","time":1574968739092,"group":{"id":"settings","version":"4"},"event":{"state":true,"data":{"component":"GeneralSettings","created":1574968739092},"id":"invoked"}}
{"recorder_version":"21","session":"e120d1073ef7","build":"192.6603.28","bucket":"22","time":1574968739272,"group":{"id":"lifecycle","version":"21"},"event":{"count":1,"data":{"internal":true,"eap":false,"created":1574968739273},"id":"ide.start"}}
{"recorder_version":"21","session":"e120d1073ef7","build":"192.6603.28","bucket":"22","time":1574968740605,"group":{"id":"performance","version":"21"},"event":{"count":1,"data":{"duration_ms":2379,"created":1574968740605},"id":"ui.latency"}}
{"recorder_version":"21","session":"e120d1073ef7","build":"192.6603.28","bucket":"22","time":1574968740605,"group":{"id":"performance","version":"21"},"event":{"count":1,"data":{"duration_ms":2379,"created":1574968740607},"id":"ui.lagging"}}
{"recorder_version":"21","session":"e120d1073ef7","build":"192.6603.28","bucket":"22","time":1574968740606,"group":{"id":"performance","version":"21"},"event":{"count":1,"data":{"duration_ms":1366,"created":1574968740608},"id":"ui.lagging"}}
{"recorder_version":"21","session":"e120d1073ef7","build":"192.6603.28","bucket":"22","time":1574968740941,"group":{"id":"performance","version":"21"},"event":{"count":1,"data":{"duration_ms":699,"created":1574968740941},"id":"ui.lagging"}}
{"recorder_version":"21","session":"e120d1073ef7","build":"192.6603.28","bucket":"22","time":1574968740973,"group":{"id":"lifecycle","version":"21"},"event":{"count":1,"data":{"created":1574968740973},"id":"frame.activated"}}
{"recorder_version":"21","session":"e120d1073ef7","build":"192.6603.28","bucket":"22","time":1574968741459,"group":{"id":"ui.dialogs","version":"21"},"event":{"count":1,"data":{"created":1574968741461,"plugin_type":"PLATFORM","type":"show"},"id":"com.intellij.openapi.progress.util.ProgressDialog$MyDialogWrapper"}}
{"recorder_version":"21","session":"e120d1073ef7","build":"192.6603.28","bucket":"22","time":1574968746189,"group":{"id":"lifecycle","version":"21"},"event":{"count":1,"data":{"created":1574968746191,"plugin_type":"NOT_LISTED","error":"com.intellij.diagnostic.PluginException"},"id":"ide.error"}}
{"recorder_version":"21","session":"e120d1073ef7","build":"192.6603.28","bucket":"22","time":1574968747602,"group":{"id":"lifecycle","version":"21"},"event":{"count":1,"data":{"created":1574968747602,"project":"8091b5937a0ad59558e0b668154fd3455ec18b9533a22407e73945f038c6ca2f"},"id":"project.opened"}}
{"recorder_version":"21","session":"e120d1073ef7","build":"192.6603.28","bucket":"22","time":1574968749364,"group":{"id":"performance","version":"21"},"event":{"count":1,"data":{"duration_ms":1087,"created":1574968749364},"id":"ui.lagging"}}
{"recorder_version":"21","session":"e120d1073ef7","build":"192.6603.28","bucket":"22","time":1574968749430,"group":{"id":"performance","version":"21"},"event":{"count":1,"data":{"duration_ms":152,"created":1574968749433},"id":"ui.lagging"}}
{"recorder_version":"21","session":"e120d1073ef7","build":"192.6603.28","bucket":"22","time":1574968752956,"group":{"id":"settings","version":"4"},"event":{"state":true,"data":{"component":"XmlEditorOptions","created":1574968752956},"id":"invoked"}}
{"recorder_version":"21","session":"e120d1073ef7","build":"192.6603.28","bucket":"22","time":1574968753790,"group":{"id":"performance","version":"21"},"event":{"count":1,"data":{"duration_ms":3510,"created":1574968753790},"id":"ui.lagging"}}
{"recorder_version":"21","session":"e120d1073ef7","build":"192.6603.28","bucket":"22","time":1574968753795,"group":{"id":"performance","version":"21"},"event":{"count":1,"data":{"duration_ms":2513,"created":1574968753795},"id":"ui.lagging"}}
{"recorder_version":"21","session":"e120d1073ef7","build":"192.6603.28","bucket":"22","time":1574968753795,"group":{"id":"performance","version":"21"},"event":{"count":1,"data":{"duration_ms":1513,"created":1574968753796},"id":"ui.lagging"}}
{"recorder_version":"21","session":"e120d1073ef7","build":"192.6603.28","bucket":"22","time":1574968753826,"group":{"id":"performance","version":"21"},"event":{"count":1,"data":{"duration_ms":540,"created":1574968753826},"id":"ui.lagging"}}
{"recorder_version":"21","session":"e120d1073ef7","build":"192.6603.28","bucket":"22","time":1574968754068,"group":{"id":"toolwindow","version":"21"},"event":{"count":1,"data":{"os":"Windows","created":1574968754068,"plugin_type":"PLATFORM"},"id":"Project"}}
{"recorder_version":"21","session":"e120d1073ef7","build":"192.6603.28","bucket":"22","time":1574968755485,"group":{"id":"performance","version":"21"},"event":{"count":1,"data":{"duration_ms":1169,"created":1574968755486},"id":"ui.lagging"}}
{"recorder_version":"21","session":"e120d1073ef7","build":"192.6603.28","bucket":"22","time":1574968755929,"group":{"id":"performance","version":"21"},"event":{"count":1,"data":{"duration_ms":596,"created":1574968755930},"id":"ui.lagging"}}
{"recorder_version":"21","session":"e120d1073ef7","build":"192.6603.28","bucket":"22","time":1574968757612,"group":{"id":"performance","version":"21"},"event":{"count":1,"data":{"duration_ms":208,"created":1574968757613},"id":"ui.lagging"}}
{"recorder_version":"21","session":"e120d1073ef7","build":"192.6603.28","bucket":"22","time":1574968761649,"group":{"id":"performance","version":"21"},"event":{"count":1,"data":{"duration_ms":195,"created":1574968761661},"id":"ui.lagging"}}
{"recorder_version":"21","session":"e120d1073ef7","build":"192.6603.28","bucket":"22","time":1574968762617,"group":{"id":"kotlin.jps.target","version":"1"},"event":{"count":1,"data":{"plugin_version":"validation.undefined_rule","created":1574968762617},"id":"validation.undefined_rule"}}
{"recorder_version":"21","session":"e120d1073ef7","build":"192.6603.28","bucket":"22","time":1574968763479,"group":{"id":"project.fs","version":"1"},"event":{"state":true,"data":{"os":"Windows","cs-project":false,"created":1574968763479,"project":"8091b5937a0ad59558e0b668154fd3455ec18b9533a22407e73945f038c6ca2f","cs-implicit":true,"cs-system":false},"id":"case-sensitivity"}}
{"recorder_version":"21","session":"e120d1073ef7","build":"192.6603.28","bucket":"22","time":1574968763479,"group":{"id":"project.fs","version":"1"},"event":{"state":true,"data":{"created":1574968763481},"id":"invoked"}}
{"recorder_version":"21","session":"e120d1073ef7","build":"192.6603.28","bucket":"22","time":1574968763492,"group":{"id":"project.fs","version":"1"},"event":{"state":true,"data":{"pct-non-watched":0,"created":1574968763492,"project":"8091b5937a0ad59558e0b668154fd3455ec18b9533a22407e73945f038c6ca2f"},"id":"roots-watched"}}
{"recorder_version":"21","session":"e120d1073ef7","build":"192.6603.28","bucket":"22","time":1574968763492,"group":{"id":"project.fs","version":"1"},"event":{"state":true,"data":{"created":1574968763492},"id":"invoked"}}
{"recorder_version":"21","session":"e120d1073ef7","build":"192.6603.28","bucket":"22","time":1574968763922,"group":{"id":"ui.dialogs","version":"21"},"event":{"count":1,"data":{"code":1,"created":1574968763922,"plugin_type":"PLATFORM","type":"close"},"id":"com.intellij.openapi.progress.util.ProgressDialog$MyDialogWrapper"}}
{"recorder_version":"21","session":"e120d1073ef7","build":"192.6603.28","bucket":"22","time":1574968764094,"group":{"id":"lifecycle","version":"21"},"event":{"count":1,"data":{"duration_ms":21981,"created":1574968764094,"project":"8091b5937a0ad59558e0b668154fd3455ec18b9533a22407e73945f038c6ca2f"},"id":"project.opening.finished"}}
{"recorder_version":"21","session":"e120d1073ef7","build":"192.6603.28","bucket":"22","time":1574968765173,"group":{"id":"performance","version":"21"},"event":{"count":1,"data":{"duration_ms":708,"created":1574968765176},"id":"ui.lagging"}}
{"recorder_version":"21","session":"e120d1073ef7","build":"192.6603.28","bucket":"22","time":1574968841227,"group":{"id":"performance","version":"21"},"event":{"count":1,"data":{"duration_ms":1,"created":1574968841228},"id":"ui.latency"}}
{"recorder_version":"21","session":"e120d1073ef7","build":"192.6603.28","bucket":"22","time":1574968871197,"group":{"id":"lifecycle","version":"21"},"event":{"count":1,"data":{"created":1574968871198,"project":"8091b5937a0ad59558e0b668154fd3455ec18b9533a22407e73945f038c6ca2f"},"id":"frame.deactivated"}}
{"recorder_version":"21","session":"e120d1073ef7","build":"192.6603.28","bucket":"22","time":1574968873135,"group":{"id":"performance","version":"21"},"event":{"count":1,"data":{"duration_ms":280,"created":1574968873136},"id":"ui.lagging"}}
{"recorder_version":"21","session":"e120d1073ef7","build":"192.6603.28","bucket":"22","time":1574968923714,"group":{"id":"event.log","version":"21"},"event":{"count":1,"data":{"created":1574968923714,"version":"939.0"},"id":"whitelist.updated"}}
{"recorder_version":"21","session":"e120d1073ef7","build":"192.6603.28","bucket":"22","time":1574968941344,"group":{"id":"performance","version":"21"},"event":{"count":1,"data":{"duration_ms":0,"created":1574968941345},"id":"ui.latency"}}
{"recorder_version":"21","session":"e120d1073ef7","build":"192.6603.28","bucket":"22","time":1574969039275,"group":{"id":"build.tools.actions","version":"1"},"event":{"count":1,"data":{"created":1574969039275},"id":"registered"}}
{"recorder_version":"21","session":"e120d1073ef7","build":"192.6603.28","bucket":"22","time":1574969039278,"group":{"id":"file.types.usage","version":"21"},"event":{"count":1,"data":{"created":1574969039278},"id":"registered"}}
{"recorder_version":"21","session":"e120d1073ef7","build":"192.6603.28","bucket":"22","time":1574969039278,"group":{"id":"ide.script.engine","version":"1"},"event":{"count":1,"data":{"created":1574969039279},"id":"registered"}}
{"recorder_version":"21","session":"e120d1073ef7","build":"192.6603.28","bucket":"22","time":1574969039278,"group":{"id":"actions.runAnything","version":"1"},"event":{"count":1,"data":{"created":1574969039280},"id":"registered"}}
{"recorder_version":"21","session":"e120d1073ef7","build":"192.6603.28","bucket":"22","time":1574969039279,"group":{"id":"toolwindow","version":"21"},"event":{"count":1,"data":{"created":1574969039280},"id":"registered"}}
{"recorder_version":"21","session":"e120d1073ef7","build":"192.6603.28","bucket":"22","time":1574969039279,"group":{"id":"kotlin.ide.newFileTempl","version":"1"},"event":{"count":1,"data":{"created":1574969039281},"id":"registered"}}
{"recorder_version":"21","session":"e120d1073ef7","build":"192.6603.28","bucket":"22","time":1574969039279,"group":{"id":"live.templates","version":"21"},"event":{"count":1,"data":{"created":1574969039281},"id":"registered"}}
{"recorder_version":"21","session":"e120d1073ef7","build":"192.6603.28","bucket":"22","time":1574969039279,"group":{"id":"ide.self.update","version":"2"},"event":{"count":1,"data":{"created":1574969039282},"id":"registered"}}
{"recorder_version":"21","session":"e120d1073ef7","build":"192.6603.28","bucket":"22","time":1574969039279,"group":{"id":"ui.settings","version":"21"},"event":{"count":1,"data":{"created":1574969039283},"id":"registered"}}
{"recorder_version":"21","session":"e120d1073ef7","build":"192.6603.28","bucket":"22","time":1574969039279,"group":{"id":"lifecycle","version":"21"},"event":{"count":1,"data":{"created":1574969039284},"id":"registered"}}
{"recorder_version":"21","session":"e120d1073ef7","build":"192.6603.28","bucket":"22","time":1574969039279,"group":{"id":"vcs.diff.trigger","version":"1"},"event":{"count":1,"data":{"created":1574969039285},"id":"registered"}}
{"recorder_version":"21","session":"e120d1073ef7","build":"192.6603.28","bucket":"22","time":1574969039279,"group":{"id":"vcs.log.trigger","version":"2"},"event":{"count":1,"data":{"created":1574969039287},"id":"registered"}}
{"recorder_version":"21","session":"e120d1073ef7","build":"192.6603.28","bucket":"22","time":1574969039279,"group":{"id":"productivity","version":"21"},"event":{"count":1,"data":{"created":1574969039288},"id":"registered"}}
{"recorder_version":"21","session":"e120d1073ef7","build":"192.6603.28","bucket":"22","time":1574969039279,"group":{"id":"debugger.breakpoints.usage","version":"2"},"event":{"count":1,"data":{"created":1574969039289},"id":"registered"}}
{"recorder_version":"21","session":"e120d1073ef7","build":"192.6603.28","bucket":"22","time":1574969039279,"group":{"id":"kotlin.gradle.library","version":"1"},"event":{"count":1,"data":{"created":1574969039290},"id":"registered"}}
{"recorder_version":"21","session":"e120d1073ef7","build":"192.6603.28","bucket":"22","time":1574969039279,"group":{"id":"find","version":"1"},"event":{"count":1,"data":{"created":1574969039291},"id":"registered"}}
{"recorder_version":"21","session":"e120d1073ef7","build":"192.6603.28","bucket":"22","time":1574969039279,"group":{"id":"kotlin.gradle.target","version":"1"},"event":{"count":1,"data":{"created":1574969039292},"id":"registered"}}
{"recorder_version":"21","session":"e120d1073ef7","build":"192.6603.28","bucket":"22","time":1574969039279,"group":{"id":"gutter.icon.click","version":"1"},"event":{"count":1,"data":{"created":1574969039292},"id":"registered"}}
{"recorder_version":"21","session":"e120d1073ef7","build":"192.6603.28","bucket":"22","time":1574969039279,"group":{"id":"shell.script","version":"1"},"event":{"count":1,"data":{"created":1574969039293},"id":"registered"}}
{"recorder_version":"21","session":"e120d1073ef7","build":"192.6603.28","bucket":"22","time":1574969039279,"group":{"id":"kotlin.ide.debugger.eval","version":"1"},"event":{"count":1,"data":{"created":1574969039294},"id":"registered"}}
{"recorder_version":"21","session":"e120d1073ef7","build":"192.6603.28","bucket":"22","time":1574969039279,"group":{"id":"build.maven.actions","version":"1"},"event":{"count":1,"data":{"created":1574969039295},"id":"registered"}}
{"recorder_version":"21","session":"e120d1073ef7","build":"192.6603.28","bucket":"22","time":1574969039279,"group":{"id":"ui.event","version":"1"},"event":{"count":1,"data":{"created":1574969039296},"id":"registered"}}
{"recorder_version":"21","session":"e120d1073ef7","build":"192.6603.28","bucket":"22","time":1574969039279,"group":{"id":"new.project.wizard","version":"1"},"event":{"count":1,"data":{"created":1574969039297},"id":"registered"}}
{"recorder_version":"21","session":"e120d1073ef7","build":"192.6603.28","bucket":"22","time":1574969039279,"group":{"id":"kotlin.ide.npwizards","version":"1"},"event":{"count":1,"data":{"created":1574969039297},"id":"registered"}}
{"recorder_version":"21","session":"e120d1073ef7","build":"192.6603.28","bucket":"22","time":1574969039279,"group":{"id":"intentions","version":"21"},"event":{"count":1,"data":{"created":1574969039298},"id":"registered"}}
{"recorder_version":"21","session":"e120d1073ef7","build":"192.6603.28","bucket":"22","time":1574969039279,"group":{"id":"ui.dialogs","version":"21"},"event":{"count":1,"data":{"created":1574969039299},"id":"registered"}}
{"recorder_version":"21","session":"e120d1073ef7","build":"192.6603.28","bucket":"22","time":1574969039279,"group":{"id":"vcs.back.forward.trigger","version":"1"},"event":{"count":1,"data":{"created":1574969039300},"id":"registered"}}
{"recorder_version":"21","session":"e120d1073ef7","build":"192.6603.28","bucket":"22","time":1574969039279,"group":{"id":"vcs.change.reminder","version":"1"},"event":{"count":1,"data":{"created":1574969039301},"id":"registered"}}
{"recorder_version":"21","session":"e120d1073ef7","build":"192.6603.28","bucket":"22","time":1574969039279,"group":{"id":"toolbar","version":"21"},"event":{"count":1,"data":{"created":1574969039301},"id":"registered"}}
{"recorder_version":"21","session":"e120d1073ef7","build":"192.6603.28","bucket":"22","time":1574969039279,"group":{"id":"build.gradle.actions","version":"1"},"event":{"count":1,"data":{"created":1574969039303},"id":"registered"}}
{"recorder_version":"21","session":"e120d1073ef7","build":"192.6603.28","bucket":"22","time":1574969039279,"group":{"id":"kotlin.maven.target","version":"1"},"event":{"count":1,"data":{"created":1574969039304},"id":"registered"}}
{"recorder_version":"21","session":"e120d1073ef7","build":"192.6603.28","bucket":"22","time":1574969039279,"group":{"id":"performance","version":"21"},"event":{"count":1,"data":{"created":1574969039306},"id":"registered"}}
{"recorder_version":"21","session":"e120d1073ef7","build":"192.6603.28","bucket":"22","time":1574969039279,"group":{"id":"searchEverywhere","version":"1"},"event":{"count":1,"data":{"created":1574969039307},"id":"registered"}}
{"recorder_version":"21","session":"e120d1073ef7","build":"192.6603.28","bucket":"22","time":1574969039279,"group":{"id":"kotlin.ide.action.refactoring","version":"1"},"event":{"count":1,"data":{"created":1574969039307},"id":"registered"}}
{"recorder_version":"21","session":"e120d1073ef7","build":"192.6603.28","bucket":"22","time":1574969039279,"group":{"id":"ui.tips","version":"2"},"event":{"count":1,"data":{"created":1574969039308},"id":"registered"}}
{"recorder_version":"21","session":"e120d1073ef7","build":"192.6603.28","bucket":"22","time":1574969039279,"group":{"id":"surround.with","version":"1"},"event":{"count":1,"data":{"created":1574969039308},"id":"registered"}}
{"recorder_version":"21","session":"e120d1073ef7","build":"192.6603.28","bucket":"22","time":1574969039279,"group":{"id":"import.old.config","version":"1"},"event":{"count":1,"data":{"created":1574969039309},"id":"registered"}}
{"recorder_version":"21","session":"e120d1073ef7","build":"192.6603.28","bucket":"22","time":1574969039279,"group":{"id":"json.schema","version":"1"},"event":{"count":1,"data":{"created":1574969039312},"id":"registered"}}
{"recorder_version":"21","session":"e120d1073ef7","build":"192.6603.28","bucket":"22","time":1574969039279,"group":{"id":"kotlin.jps.target","version":"1"},"event":{"count":1,"data":{"created":1574969039314},"id":"registered"}}
{"recorder_version":"21","session":"e120d1073ef7","build":"192.6603.28","bucket":"22","time":1574969039279,"group":{"id":"terminalShell","version":"1"},"event":{"count":1,"data":{"created":1574969039318},"id":"registered"}}
{"recorder_version":"21","session":"e120d1073ef7","build":"192.6603.28","bucket":"22","time":1574969039279,"group":{"id":"completion.postfix","version":"21"},"event":{"count":1,"data":{"created":1574969039348},"id":"registered"}}
{"recorder_version":"21","session":"e120d1073ef7","build":"192.6603.28","bucket":"22","time":1574969039279,"group":{"id":"build.ant.actions","version":"1"},"event":{"count":1,"data":{"created":1574969039349},"id":"registered"}}
{"recorder_version":"21","session":"e120d1073ef7","build":"192.6603.28","bucket":"22","time":1574969039279,"group":{"id":"actions","version":"21"},"event":{"count":1,"data":{"created":1574969039352},"id":"registered"}}
{"recorder_version":"21","session":"e120d1073ef7","build":"192.6603.28","bucket":"22","time":1574969039279,"group":{"id":"event.log","version":"21"},"event":{"count":1,"data":{"created":1574969039356},"id":"registered"}}
{"recorder_version":"21","session":"e120d1073ef7","build":"192.6603.28","bucket":"22","time":1574969039279,"group":{"id":"run.configuration.exec","version":"21"},"event":{"count":1,"data":{"created":1574969039358},"id":"registered"}}
{"recorder_version":"21","session":"e120d1073ef7","build":"192.6603.28","bucket":"22","time":1574969039279,"group":{"id":"build.maven.packagesearch","version":"2"},"event":{"count":1,"data":{"created":1574969039360},"id":"registered"}}
{"recorder_version":"21","session":"e120d1073ef7","build":"192.6603.28","bucket":"22","time":1574969041601,"group":{"id":"performance","version":"21"},"event":{"count":1,"data":{"duration_ms":1,"created":1574969041602},"id":"ui.latency"}}
{"recorder_version":"21","session":"e120d1073ef7","build":"192.6603.28","bucket":"22","time":1574969141757,"group":{"id":"performance","version":"21"},"event":{"count":1,"data":{"duration_ms":0,"created":1574969141758},"id":"ui.latency"}}
{"recorder_version":"21","session":"e120d1073ef7","build":"192.6603.28","bucket":"22","time":1574969241909,"group":{"id":"performance","version":"21"},"event":{"count":1,"data":{"duration_ms":0,"created":1574969241910},"id":"ui.latency"}}
{"recorder_version":"21","session":"e120d1073ef7","build":"192.6603.28","bucket":"22","time":1574969342080,"group":{"id":"performance","version":"21"},"event":{"count":1,"data":{"duration_ms":0,"created":1574969342081},"id":"ui.latency"}}
{"recorder_version":"21","session":"e120d1073ef7","build":"192.6603.28","bucket":"22","time":1574969442199,"group":{"id":"performance","version":"21"},"event":{"count":1,"data":{"duration_ms":0,"created":1574969442199},"id":"ui.latency"}}
{"recorder_version":"21","session":"e120d1073ef7","build":"192.6603.28","bucket":"22","time":1574969542396,"group":{"id":"performance","version":"21"},"event":{"count":1,"data":{"duration_ms":0,"created":1574969542396},"id":"ui.latency"}}
{"recorder_version":"21","session":"e120d1073ef7","build":"192.6603.28","bucket":"22","time":1574969639041,"group":{"id":"ui.hidpi.mode","version":"1"},"event":{"state":true,"data":{"os":"Windows","created":1574969639041},"id":"per_monitor_dpi"}}
{"recorder_version":"21","session":"e120d1073ef7","build":"192.6603.28","bucket":"22","time":1574969639041,"group":{"id":"ui.hidpi.mode","version":"1"},"event":{"state":true,"data":{"created":1574969639042},"id":"invoked"}}
{"recorder_version":"21","session":"e120d1073ef7","build":"192.6603.28","bucket":"22","time":1574969639042,"group":{"id":"user.advanced.info","version":"2"},"event":{"state":true,"data":{"created":1574969639043,"value":"release"},"id":"build"}}
{"recorder_version":"21","session":"e120d1073ef7","build":"192.6603.28","bucket":"22","time":1574969639042,"group":{"id":"user.advanced.info","version":"2"},"event":{"state":true,"data":{"created":1574969639044},"id":"release"}}
{"recorder_version":"21","session":"e120d1073ef7","build":"192.6603.28","bucket":"22","time":1574969639042,"group":{"id":"user.advanced.info","version":"2"},"event":{"state":true,"data":{"created":1574969639045},"id":"invoked"}}
{"recorder_version":"21","session":"e120d1073ef7","build":"192.6603.28","bucket":"22","time":1574969639050,"group":{"id":"system.runtime","version":"2"},"event":{"state":true,"data":{"created":1574969639050,"name":"G1_Old_Generation"},"id":"garbage.collector"}}
{"recorder_version":"21","session":"e120d1073ef7","build":"192.6603.28","bucket":"22","time":1574969639050,"group":{"id":"system.runtime","version":"2"},"event":{"state":true,"data":{"created":1574969639050,"name":"Xmx","value":512},"id":"jvm.option"}}
{"recorder_version":"21","session":"e120d1073ef7","build":"192.6603.28","bucket":"22","time":1574969639050,"group":{"id":"system.runtime","version":"2"},"event":{"state":true,"data":{"vendor":"JetBrains","created":1574969639051,"bit":"64","version":"1.11"},"id":"jvm"}}
{"recorder_version":"21","session":"e120d1073ef7","build":"192.6603.28","bucket":"22","time":1574969639050,"group":{"id":"system.runtime","version":"2"},"event":{"state":true,"data":{"created":1574969639052,"name":"G1_Young_Generation"},"id":"garbage.collector"}}
{"recorder_version":"21","session":"e120d1073ef7","build":"192.6603.28","bucket":"22","time":1574969639050,"group":{"id":"system.runtime","version":"2"},"event":{"state":true,"data":{"created":1574969639052,"value":4},"id":"cores"}}
{"recorder_version":"21","session":"e120d1073ef7","build":"192.6603.28","bucket":"22","time":1574969639050,"group":{"id":"system.runtime","version":"2"},"event":{"state":true,"data":{"created":1574969639053,"name":"Xms","value":256},"id":"jvm.option"}}
{"recorder_version":"21","session":"e120d1073ef7","build":"192.6603.28","bucket":"22","time":1574969639050,"group":{"id":"system.runtime","version":"2"},"event":{"state":true,"data":{"created":1574969639054},"id":"invoked"}}
{"recorder_version":"21","session":"e120d1073ef7","build":"192.6603.28","bucket":"22","time":1574969639053,"group":{"id":"vcs.log.index.application","version":"2"},"event":{"state":true,"data":{"created":1574969639054},"id":"invoked"}}
{"recorder_version":"21","session":"e120d1073ef7","build":"192.6603.28","bucket":"22","time":1574969639056,"group":{"id":"ui.look.and.feel","version":"1"},"event":{"state":true,"data":{"os":"Windows","created":1574969639056},"id":"IntelliJ"}}
{"recorder_version":"21","session":"e120d1073ef7","build":"192.6603.28","bucket":"22","time":1574969639056,"group":{"id":"ui.look.and.feel","version":"1"},"event":{"state":true,"data":{"created":1574969639056},"id":"invoked"}}
{"recorder_version":"21","session":"e120d1073ef7","build":"192.6603.28","bucket":"22","time":1574969639062,"group":{"id":"vcs.application.configuration","version":"1"},"event":{"state":true,"data":{"created":1574969639062},"id":"invoked"}}
{"recorder_version":"21","session":"e120d1073ef7","build":"192.6603.28","bucket":"22","time":1574969639063,"group":{"id":"ui.accessibility.screen.reader","version":"1"},"event":{"state":true,"data":{"os":"Windows","created":1574969639063},"id":"screen.reader.DISABLED"}}
{"recorder_version":"21","session":"e120d1073ef7","build":"192.6603.28","bucket":"22","time":1574969639063,"group":{"id":"ui.accessibility.screen.reader","version":"1"},"event":{"state":true,"data":{"created":1574969639063},"id":"invoked"}}
{"recorder_version":"21","session":"e120d1073ef7","build":"192.6603.28","bucket":"22","time":1574969639106,"group":{"id":"vcs.diff","version":"2"},"event":{"state":true,"data":{"created":1574969639107},"id":"invoked"}}
{"recorder_version":"21","session":"e120d1073ef7","build":"192.6603.28","bucket":"22","time":1574969639109,"group":{"id":"ui.editor.color.schemes","version":"2"},"event":{"state":true,"data":{"os":"Windows","created":1574969639109,"value":false},"id":"Default"}}
{"recorder_version":"21","session":"e120d1073ef7","build":"192.6603.28","bucket":"22","time":1574969639109,"group":{"id":"ui.editor.color.schemes","version":"2"},"event":{"state":true,"data":{"created":1574969639109},"id":"invoked"}}
{"recorder_version":"21","session":"e120d1073ef7","build":"192.6603.28","bucket":"22","time":1574969639113,"group":{"id":"ui.fonts","version":"1"},"event":{"state":true,"data":{"os":"Windows","created":1574969639114},"id":"UI.font.name[Segoe_UI]"}}
{"recorder_version":"21","session":"e120d1073ef7","build":"192.6603.28","bucket":"22","time":1574969639113,"group":{"id":"ui.fonts","version":"1"},"event":{"state":true,"data":{"os":"Windows","created":1574969639115},"id":"IDE.editor.font.size[13]"}}
{"recorder_version":"21","session":"e120d1073ef7","build":"192.6603.28","bucket":"22","time":1574969639113,"group":{"id":"ui.fonts","version":"1"},"event":{"state":true,"data":{"os":"Windows","created":1574969639116},"id":"IDE.editor.font.name[Consolas]"}}
{"recorder_version":"21","session":"e120d1073ef7","build":"192.6603.28","bucket":"22","time":1574969639113,"group":{"id":"ui.fonts","version":"1"},"event":{"state":true,"data":{"os":"Windows","created":1574969639117,"value":1.2},"id":"editor.lineSpacing"}}
{"recorder_version":"21","session":"e120d1073ef7","build":"192.6603.28","bucket":"22","time":1574969639113,"group":{"id":"ui.fonts","version":"1"},"event":{"state":true,"data":{"os":"Windows","created":1574969639117},"id":"UI.font.size[12]"}}
{"recorder_version":"21","session":"e120d1073ef7","build":"192.6603.28","bucket":"22","time":1574969639113,"group":{"id":"ui.fonts","version":"1"},"event":{"state":true,"data":{"os":"Windows","created":1574969639118},"id":"Presentation.mode.font.size[24]"}}
{"recorder_version":"21","session":"e120d1073ef7","build":"192.6603.28","bucket":"22","time":1574969639113,"group":{"id":"ui.fonts","version":"1"},"event":{"state":true,"data":{"created":1574969639119},"id":"invoked"}}
{"recorder_version":"21","session":"e120d1073ef7","build":"192.6603.28","bucket":"22","time":1574969639113,"group":{"id":"os.linux.wm","version":"1"},"event":{"state":true,"data":{"created":1574969639119},"id":"invoked"}}
{"recorder_version":"21","session":"e120d1073ef7","build":"192.6603.28","bucket":"22","time":1574969639129,"group":{"id":"debugger.settings.ide","version":"2"},"event":{"state":true,"data":{"created":1574969639129},"id":"invoked"}}
{"recorder_version":"21","session":"e120d1073ef7","build":"192.6603.28","bucket":"22","time":1574969639135,"group":{"id":"ui.screen.scale","version":"1"},"event":{"state":true,"data":{"os":"Windows","created":1574969639136},"id":"1.25"}}
{"recorder_version":"21","session":"e120d1073ef7","build":"192.6603.28","bucket":"22","time":1574969639135,"group":{"id":"ui.screen.scale","version":"1"},"event":{"state":true,"data":{"created":1574969639136},"id":"invoked"}}
{"recorder_version":"21","session":"e120d1073ef7","build":"192.6603.28","bucket":"22","time":1574969639144,"group":{"id":"platform.registry.application","version":"1"},"event":{"state":true,"data":{"created":1574969639146,"plugin_type":"PLATFORM"},"id":"recent.and.edited.files.together"}}
{"recorder_version":"21","session":"e120d1073ef7","build":"192.6603.28","bucket":"22","time":1574969639144,"group":{"id":"platform.registry.application","version":"1"},"event":{"state":true,"data":{"created":1574969639146,"plugin_type":"PLATFORM"},"id":"inline.browse.button"}}
{"recorder_version":"21","session":"e120d1073ef7","build":"192.6603.28","bucket":"22","time":1574969639144,"group":{"id":"platform.registry.application","version":"1"},"event":{"state":true,"data":{"created":1574969639147,"plugin_type":"PLATFORM"},"id":"show.create.new.element.in.popup"}}
{"recorder_version":"21","session":"e120d1073ef7","build":"192.6603.28","bucket":"22","time":1574969639144,"group":{"id":"platform.registry.application","version":"1"},"event":{"state":true,"data":{"created":1574969639147,"plugin_type":"PLATFORM"},"id":"property.value.inplace.editing"}}
{"recorder_version":"21","session":"e120d1073ef7","build":"192.6603.28","bucket":"22","time":1574969639144,"group":{"id":"platform.registry.application","version":"1"},"event":{"state":true,"data":{"created":1574969639147},"id":"java.completion.argument.hints.internal"}}
{"recorder_version":"21","session":"e120d1073ef7","build":"192.6603.28","bucket":"22","time":1574969639144,"group":{"id":"platform.registry.application","version":"1"},"event":{"state":true,"data":{"created":1574969639148,"plugin_type":"PLATFORM"},"id":"linux.native.menu"}}
{"recorder_version":"21","session":"e120d1073ef7","build":"192.6603.28","bucket":"22","time":1574969639144,"group":{"id":"platform.registry.application","version":"1"},"event":{"state":true,"data":{"created":1574969639148,"plugin_type":"PLATFORM"},"id":"new.large.text.file.viewer"}}
{"recorder_version":"21","session":"e120d1073ef7","build":"192.6603.28","bucket":"22","time":1574969639144,"group":{"id":"platform.registry.application","version":"1"},"event":{"state":true,"data":{"created":1574969639149},"id":"invoked"}}
{"recorder_version":"21","session":"e120d1073ef7","build":"192.6603.28","bucket":"22","time":1574969639192,"group":{"id":"editor.settings.ide","version":"2"},"event":{"state":true,"data":{"created":1574969639192,"enabled":true},"id":"completionHints"}}
{"recorder_version":"21","session":"e120d1073ef7","build":"192.6603.28","bucket":"22","time":1574969639192,"group":{"id":"editor.settings.ide","version":"2"},"event":{"state":true,"data":{"created":1574969639192},"id":"invoked"}}
{"recorder_version":"21","session":"e120d1073ef7","build":"192.6603.28","bucket":"22","time":1574969639193,"group":{"id":"keymaps.name","version":"1"},"event":{"state":true,"data":{"os":"Windows","created":1574969639193},"id":"$default"}}
{"recorder_version":"21","session":"e120d1073ef7","build":"192.6603.28","bucket":"22","time":1574969639193,"group":{"id":"keymaps.name","version":"1"},"event":{"state":true,"data":{"created":1574969639193},"id":"invoked"}}
{"recorder_version":"21","session":"e120d1073ef7","build":"192.6603.28","bucket":"22","time":1574969639197,"group":{"id":"plugins","version":"1"},"event":{"state":true,"data":{"created":1574969639198,"plugin_type":"NOT_LISTED"},"id":"enabled.not.bundled.plugin"}}
{"recorder_version":"21","session":"e120d1073ef7","build":"192.6603.28","bucket":"22","time":1574969639197,"group":{"id":"plugins","version":"1"},"event":{"state":true,"data":{"created":1574969639198},"id":"invoked"}}
{"recorder_version":"21","session":"e120d1073ef7","build":"192.6603.28","bucket":"22","time":1574969639203,"group":{"id":"ui.info.features","version":"2"},"event":{"state":true,"data":{"os":"Windows","created":1574969639203},"id":"Allow.merging.buttons.enabled"}}
{"recorder_version":"21","session":"e120d1073ef7","build":"192.6603.28","bucket":"22","time":1574969639203,"group":{"id":"ui.info.features","version":"2"},"event":{"state":true,"data":{"os":"Windows","created":1574969639203},"id":"QuickDoc.AutoUpdate"}}
{"recorder_version":"21","session":"e120d1073ef7","build":"192.6603.28","bucket":"22","time":1574969639203,"group":{"id":"ui.info.features","version":"2"},"event":{"state":true,"data":{"os":"Windows","created":1574969639204},"id":"Hide.Editor.Tabs.If.Needed"}}
{"recorder_version":"21","session":"e120d1073ef7","build":"192.6603.28","bucket":"22","time":1574969639203,"group":{"id":"ui.info.features","version":"2"},"event":{"state":true,"data":{"grouped":"[30_50]","os":"Windows","created":1574969639204},"id":"recent.files"}}
{"recorder_version":"21","session":"e120d1073ef7","build":"192.6603.28","bucket":"22","time":1574969639203,"group":{"id":"ui.info.features","version":"2"},"event":{"state":true,"data":{"os":"Windows","created":1574969639205},"id":"Line.Numbers"}}
{"recorder_version":"21","session":"e120d1073ef7","build":"192.6603.28","bucket":"22","time":1574969639203,"group":{"id":"ui.info.features","version":"2"},"event":{"state":true,"data":{"os":"Windows","created":1574969639205},"id":"Tabs.Top"}}
{"recorder_version":"21","session":"e120d1073ef7","build":"192.6603.28","bucket":"22","time":1574969639203,"group":{"id":"ui.info.features","version":"2"},"event":{"state":true,"data":{"os":"Windows","created":1574969639205},"id":"Nav.Bar.visible"}}
{"recorder_version":"21","session":"e120d1073ef7","build":"192.6603.28","bucket":"22","time":1574969639203,"group":{"id":"ui.info.features","version":"2"},"event":{"state":true,"data":{"os":"Windows","created":1574969639206},"id":"Show.Editor.Tabs.In.Single.Row"}}
{"recorder_version":"21","session":"e120d1073ef7","build":"192.6603.28","bucket":"22","time":1574969639203,"group":{"id":"ui.info.features","version":"2"},"event":{"state":true,"data":{"os":"Windows","created":1574969639206},"id":"Recent.Files[30_50]"}}
{"recorder_version":"21","session":"e120d1073ef7","build":"192.6603.28","bucket":"22","time":1574969639203,"group":{"id":"ui.info.features","version":"2"},"event":{"state":true,"data":{"os":"Windows","created":1574969639207},"id":"Status.bar.visible"}}
{"recorder_version":"21","session":"e120d1073ef7","build":"192.6603.28","bucket":"22","time":1574969639203,"group":{"id":"ui.info.features","version":"2"},"event":{"state":true,"data":{"os":"Windows","created":1574969639208},"id":"Tool.Window.buttons.hidden"}}
{"recorder_version":"21","session":"e120d1073ef7","build":"192.6603.28","bucket":"22","time":1574969639203,"group":{"id":"ui.info.features","version":"2"},"event":{"state":true,"data":{"os":"Windows","created":1574969639208},"id":"Gutter.Icons"}}
{"recorder_version":"21","session":"e120d1073ef7","build":"192.6603.28","bucket":"22","time":1574969639203,"group":{"id":"ui.info.features","version":"2"},"event":{"state":true,"data":{"os":"Windows","created":1574969639208},"id":"Toolbar.hidden"}}
{"recorder_version":"21","session":"e120d1073ef7","build":"192.6603.28","bucket":"22","time":1574969639203,"group":{"id":"ui.info.features","version":"2"},"event":{"state":true,"data":{"os":"Windows","created":1574969639208},"id":"Toolbar.and.NavBar"}}
{"recorder_version":"21","session":"e120d1073ef7","build":"192.6603.28","bucket":"22","time":1574969639203,"group":{"id":"ui.info.features","version":"2"},"event":{"state":true,"data":{"created":1574969639210},"id":"invoked"}}
{"recorder_version":"21","session":"e120d1073ef7","build":"192.6603.28","bucket":"22","time":1574969639279,"group":{"id":"vcs.github","version":"1"},"event":{"state":true,"data":{"created":1574969639280},"id":"github.accounts.not.default.host.disabled"}}
{"recorder_version":"21","session":"e120d1073ef7","build":"192.6603.28","bucket":"22","time":1574969639279,"group":{"id":"vcs.github","version":"1"},"event":{"state":true,"data":{"created":1574969639280},"id":"github.accounts.count.0"}}
{"recorder_version":"21","session":"e120d1073ef7","build":"192.6603.28","bucket":"22","time":1574969639279,"group":{"id":"vcs.github","version":"1"},"event":{"state":true,"data":{"created":1574969639280},"id":"invoked"}}
{"recorder_version":"21","session":"e120d1073ef7","build":"192.6603.28","bucket":"22","time":1574969642619,"group":{"id":"performance","version":"21"},"event":{"count":1,"data":{"duration_ms":0,"created":1574969642620},"id":"ui.latency"}}
{"recorder_version":"21","session":"e120d1073ef7","build":"192.6603.28","bucket":"22","time":1574969742739,"group":{"id":"performance","version":"21"},"event":{"count":1,"data":{"duration_ms":0,"created":1574969742739},"id":"ui.latency"}}
{"recorder_version":"21","session":"e120d1073ef7","build":"192.6603.28","bucket":"22","time":1574969842899,"group":{"id":"performance","version":"21"},"event":{"count":1,"data":{"duration_ms":0,"created":1574969842900},"id":"ui.latency"}}
{"recorder_version":"21","session":"e120d1073ef7","build":"192.6603.28","bucket":"22","time":1574969943084,"group":{"id":"performance","version":"21"},"event":{"count":1,"data":{"duration_ms":1,"created":1574969943084},"id":"ui.latency"}}
{"recorder_version":"21","session":"e120d1073ef7","build":"192.6603.28","bucket":"22","time":1574970043190,"group":{"id":"performance","version":"21"},"event":{"count":1,"data":{"duration_ms":0,"created":1574970043190},"id":"ui.latency"}}
{"recorder_version":"21","session":"e120d1073ef7","build":"192.6603.28","bucket":"22","time":1574970143307,"group":{"id":"performance","version":"21"},"event":{"count":1,"data":{"duration_ms":1,"created":1574970143307},"id":"ui.latency"}}
{"recorder_version":"21","session":"e120d1073ef7","build":"192.6603.28","bucket":"22","time":1574970243458,"group":{"id":"performance","version":"21"},"event":{"count":1,"data":{"duration_ms":0,"created":1574970243459},"id":"ui.latency"}}
{"recorder_version":"21","session":"e120d1073ef7","build":"192.6603.28","bucket":"22","time":1574970249442,"group":{"id":"event.log","version":"21"},"event":{"count":1,"data":{"total":13,"created":1574970249443,"failed":0,"send":13},"id":"logs.send"}}
{"recorder_version":"21","session":"e120d1073ef7","build":"192.6603.28","bucket":"22","time":1574973883640,"group":{"id":"performance","version":"21"},"event":{"count":1,"data":{"duration_ms":1,"created":1574973883640},"id":"ui.latency"}}
{"recorder_version":"21","session":"e120d1073ef7","build":"192.6603.28","bucket":"22","time":1574973890683,"group":{"id":"vcs.log.ui","version":"2"},"event":{"state":true,"data":{"created":1574973890683,"project":"8091b5937a0ad59558e0b668154fd3455ec18b9533a22407e73945f038c6ca2f"},"id":"invoked"}}
{"recorder_version":"21","session":"e120d1073ef7","build":"192.6603.28","bucket":"22","time":1574973890781,"group":{"id":"javaLibraryJars","version":"1"},"event":{"state":true,"data":{"created":1574973890781,"project":"8091b5937a0ad59558e0b668154fd3455ec18b9533a22407e73945f038c6ca2f"},"id":"invoked"}}
{"recorder_version":"21","session":"e120d1073ef7","build":"192.6603.28","bucket":"22","time":1574973890852,"group":{"id":"git.configuration","version":"2"},"event":{"state":true,"data":{"created":1574973890852,"project":"8091b5937a0ad59558e0b668154fd3455ec18b9533a22407e73945f038c6ca2f","type":"NULL","version":"0.0.0"},"id":"executable"}}
{"recorder_version":"21","session":"e120d1073ef7","build":"192.6603.28","bucket":"22","time":1574973890853,"group":{"id":"git.configuration","version":"2"},"event":{"state":true,"data":{"created":1574973890853,"project":"8091b5937a0ad59558e0b668154fd3455ec18b9533a22407e73945f038c6ca2f"},"id":"invoked"}}
{"recorder_version":"21","session":"e120d1073ef7","build":"192.6603.28","bucket":"22","time":1574973890853,"group":{"id":"build.gradle.state","version":"1"},"event":{"state":true,"data":{"created":1574973890853,"project":"8091b5937a0ad59558e0b668154fd3455ec18b9533a22407e73945f038c6ca2f"},"id":"invoked"}}
{"recorder_version":"21","session":"e120d1073ef7","build":"192.6603.28","bucket":"22","time":1574973890860,"group":{"id":"inspections","version":"1"},"event":{"state":true,"data":{"created":1574973890860,"project":"8091b5937a0ad59558e0b668154fd3455ec18b9533a22407e73945f038c6ca2f"},"id":"invoked"}}
{"recorder_version":"21","session":"e120d1073ef7","build":"192.6603.28","bucket":"22","time":1574973893226,"group":{"id":"file.types","version":"1"},"event":{"state":true,"data":{"plugin":"com.intellij.java","created":1574973893226,"plugin_type":"JB_BUNDLED","project":"8091b5937a0ad59558e0b668154fd3455ec18b9533a22407e73945f038c6ca2f"},"id":"JAVA"}}
{"recorder_version":"21","session":"e120d1073ef7","build":"192.6603.28","bucket":"22","time":1574973893226,"group":{"id":"file.types","version":"1"},"event":{"state":true,"data":{"created":1574973893226,"plugin_type":"PLATFORM","project":"8091b5937a0ad59558e0b668154fd3455ec18b9533a22407e73945f038c6ca2f"},"id":"IDEA_MODULE"}}
{"recorder_version":"21","session":"e120d1073ef7","build":"192.6603.28","bucket":"22","time":1574973893226,"group":{"id":"file.types","version":"1"},"event":{"state":true,"data":{"created":1574973893227,"project":"8091b5937a0ad59558e0b668154fd3455ec18b9533a22407e73945f038c6ca2f"},"id":"invoked"}}
{"recorder_version":"21","session":"e120d1073ef7","build":"192.6603.28","bucket":"22","time":1574973893237,"group":{"id":"run.dashboard","version":"1"},"event":{"state":true,"data":{"created":1574973893237,"project":"8091b5937a0ad59558e0b668154fd3455ec18b9533a22407e73945f038c6ca2f","enabled":false},"id":"run.dashboard"}}
{"recorder_version":"21","session":"e120d1073ef7","build":"192.6603.28","bucket":"22","time":1574973893237,"group":{"id":"run.dashboard","version":"1"},"event":{"state":true,"data":{"created":1574973893238,"project":"8091b5937a0ad59558e0b668154fd3455ec18b9533a22407e73945f038c6ca2f"},"id":"invoked"}}
{"recorder_version":"21","session":"e120d1073ef7","build":"192.6603.28","bucket":"22","time":1574973893243,"group":{"id":"java.compiler.settings.project","version":"1"},"event":{"state":true,"data":{"created":1574973893243,"project":"8091b5937a0ad59558e0b668154fd3455ec18b9533a22407e73945f038c6ca2f","enabled":true},"id":"AUTO_SHOW_ERRORS_IN_EDITOR"}}
{"recorder_version":"21","session":"e120d1073ef7","build":"192.6603.28","bucket":"22","time":1574973893243,"group":{"id":"java.compiler.settings.project","version":"1"},"event":{"state":true,"data":{"created":1574973893243,"project":"8091b5937a0ad59558e0b668154fd3455ec18b9533a22407e73945f038c6ca2f","enabled":true},"id":"DISPLAY_NOTIFICATION_POPUP"}}
{"recorder_version":"21","session":"e120d1073ef7","build":"192.6603.28","bucket":"22","time":1574973893243,"group":{"id":"java.compiler.settings.project","version":"1"},"event":{"state":true,"data":{"created":1574973893243,"project":"8091b5937a0ad59558e0b668154fd3455ec18b9533a22407e73945f038c6ca2f","enabled":true},"id":"CLEAR_OUTPUT_DIRECTORY"}}
{"recorder_version":"21","session":"e120d1073ef7","build":"192.6603.28","bucket":"22","time":1574973893243,"group":{"id":"java.compiler.settings.project","version":"1"},"event":{"state":true,"data":{"created":1574973893244,"project":"8091b5937a0ad59558e0b668154fd3455ec18b9533a22407e73945f038c6ca2f","enabled":false},"id":"MAKE_PROJECT_ON_SAVE"}}
{"recorder_version":"21","session":"e120d1073ef7","build":"192.6603.28","bucket":"22","time":1574973893244,"group":{"id":"java.compiler.settings.project","version":"1"},"event":{"state":true,"data":{"created":1574973893244,"project":"8091b5937a0ad59558e0b668154fd3455ec18b9533a22407e73945f038c6ca2f","enabled":false},"id":"PARALLEL_COMPILATION"}}
{"recorder_version":"21","session":"e120d1073ef7","build":"192.6603.28","bucket":"22","time":1574973893244,"group":{"id":"java.compiler.settings.project","version":"1"},"event":{"state":true,"data":{"created":1574973893244,"project":"8091b5937a0ad59558e0b668154fd3455ec18b9533a22407e73945f038c6ca2f","enabled":true},"id":"REBUILD_ON_DEPENDENCY_CHANGE"}}
{"recorder_version":"21","session":"e120d1073ef7","build":"192.6603.28","bucket":"22","time":1574973893244,"group":{"id":"java.compiler.settings.project","version":"1"},"event":{"state":true,"data":{"created":1574973893245,"project":"8091b5937a0ad59558e0b668154fd3455ec18b9533a22407e73945f038c6ca2f","enabled":true},"id":"COMPILE_AFFECTED_UNLOADED_MODULES_BEFORE_COMMIT"}}
{"recorder_version":"21","session":"e120d1073ef7","build":"192.6603.28","bucket":"22","time":1574973893245,"group":{"id":"java.compiler.settings.project","version":"1"},"event":{"state":true,"data":{"created":1574973893245,"project":"8091b5937a0ad59558e0b668154fd3455ec18b9533a22407e73945f038c6ca2f"},"id":"invoked"}}
{"recorder_version":"21","session":"e120d1073ef7","build":"192.6603.28","bucket":"22","time":1574973893257,"group":{"id":"project.structure","version":"2"},"event":{"state":true,"data":{"created":1574973893257,"count":1,"project":"8091b5937a0ad59558e0b668154fd3455ec18b9533a22407e73945f038c6ca2f"},"id":"content.roots.total"}}
{"recorder_version":"21","session":"e120d1073ef7","build":"192.6603.28","bucket":"22","time":1574973893257,"group":{"id":"project.structure","version":"2"},"event":{"state":true,"data":{"created":1574973893257,"count":0,"project":"8091b5937a0ad59558e0b668154fd3455ec18b9533a22407e73945f038c6ca2f"},"id":"package.prefix"}}
{"recorder_version":"21","session":"e120d1073ef7","build":"192.6603.28","bucket":"22","time":1574973893258,"group":{"id":"project.structure","version":"2"},"event":{"state":true,"data":{"created":1574973893258,"count":1,"project":"8091b5937a0ad59558e0b668154fd3455ec18b9533a22407e73945f038c6ca2f"},"id":"source.roots.total"}}
{"recorder_version":"21","session":"e120d1073ef7","build":"192.6603.28","bucket":"22","time":1574973893258,"group":{"id":"project.structure","version":"2"},"event":{"state":true,"data":{"created":1574973893258,"count":1,"project":"8091b5937a0ad59558e0b668154fd3455ec18b9533a22407e73945f038c6ca2f"},"id":"modules.total"}}
{"recorder_version":"21","session":"e120d1073ef7","build":"192.6603.28","bucket":"22","time":1574973893258,"group":{"id":"project.structure","version":"2"},"event":{"state":true,"data":{"created":1574973893258,"count":0,"project":"8091b5937a0ad59558e0b668154fd3455ec18b9533a22407e73945f038c6ca2f"},"id":"excluded.roots.total"}}
{"recorder_version":"21","session":"e120d1073ef7","build":"192.6603.28","bucket":"22","time":1574973893258,"group":{"id":"project.structure","version":"2"},"event":{"state":true,"data":{"created":1574973893258,"count":1,"project":"8091b5937a0ad59558e0b668154fd3455ec18b9533a22407e73945f038c6ca2f","type":"java-source"},"id":"source.root"}}
{"recorder_version":"21","session":"e120d1073ef7","build":"192.6603.28","bucket":"22","time":1574973893258,"group":{"id":"project.structure","version":"2"},"event":{"state":true,"data":{"created":1574973893258,"project":"8091b5937a0ad59558e0b668154fd3455ec18b9533a22407e73945f038c6ca2f"},"id":"invoked"}}
{"recorder_version":"21","session":"e120d1073ef7","build":"192.6603.28","bucket":"22","time":1574973893261,"group":{"id":"editor.settings.project","version":"2"},"event":{"state":true,"data":{"created":1574973893261,"project":"8091b5937a0ad59558e0b668154fd3455ec18b9533a22407e73945f038c6ca2f"},"id":"invoked"}}
{"recorder_version":"21","session":"e120d1073ef7","build":"192.6603.28","bucket":"22","time":1574973893262,"group":{"id":"build.maven.state","version":"1"},"event":{"state":true,"data":{"created":1574973893262,"project":"8091b5937a0ad59558e0b668154fd3455ec18b9533a22407e73945f038c6ca2f"},"id":"invoked"}}
{"recorder_version":"21","session":"e120d1073ef7","build":"192.6603.28","bucket":"22","time":1574973893266,"group":{"id":"build.tools","version":"1"},"event":{"state":true,"data":{"created":1574973893267,"project":"8091b5937a0ad59558e0b668154fd3455ec18b9533a22407e73945f038c6ca2f"},"id":"invoked"}}
{"recorder_version":"21","session":"e120d1073ef7","build":"192.6603.28","bucket":"22","time":1574973894049,"group":{"id":"vcs.settings","version":"2"},"event":{"state":true,"data":{"created":1574973894049,"project":"8091b5937a0ad59558e0b668154fd3455ec18b9533a22407e73945f038c6ca2f"},"id":"invoked"}}
{"recorder_version":"21","session":"e120d1073ef7","build":"192.6603.28","bucket":"22","time":1574973894049,"group":{"id":"vcs.log.data","version":"2"},"event":{"state":true,"data":{"created":1574973894050,"project":"8091b5937a0ad59558e0b668154fd3455ec18b9533a22407e73945f038c6ca2f"},"id":"invoked"}}
{"recorder_version":"21","session":"e120d1073ef7","build":"192.6603.28","bucket":"22","time":1574973894056,"group":{"id":"run.configuration.type","version":"4"},"event":{"state":true,"data":{"created":1574973894056,"project":"8091b5937a0ad59558e0b668154fd3455ec18b9533a22407e73945f038c6ca2f"},"id":"invoked"}}
{"recorder_version":"21","session":"e120d1073ef7","build":"192.6603.28","bucket":"22","time":1574973894065,"group":{"id":"vcs.configuration","version":"2"},"event":{"state":true,"data":{"created":1574973894065,"count":0,"project":"8091b5937a0ad59558e0b668154fd3455ec18b9533a22407e73945f038c6ca2f"},"id":"ignored.files"}}
{"recorder_version":"21","session":"e120d1073ef7","build":"192.6603.28","bucket":"22","time":1574973894065,"group":{"id":"vcs.configuration","version":"2"},"event":{"state":true,"data":{"created":1574973894066,"count":0,"project":"8091b5937a0ad59558e0b668154fd3455ec18b9533a22407e73945f038c6ca2f"},"id":"unversioned.files"}}
{"recorder_version":"21","session":"e120d1073ef7","build":"192.6603.28","bucket":"22","time":1574973894065,"group":{"id":"vcs.configuration","version":"2"},"event":{"state":true,"data":{"created":1574973894066,"count":0,"project":"8091b5937a0ad59558e0b668154fd3455ec18b9533a22407e73945f038c6ca2f"},"id":"mapped.roots"}}
{"recorder_version":"21","session":"e120d1073ef7","build":"192.6603.28","bucket":"22","time":1574973894065,"group":{"id":"vcs.configuration","version":"2"},"event":{"state":true,"data":{"created":1574973894066,"count":1,"project":"8091b5937a0ad59558e0b668154fd3455ec18b9533a22407e73945f038c6ca2f"},"id":"changelists"}}
{"recorder_version":"21","session":"e120d1073ef7","build":"192.6603.28","bucket":"22","time":1574973894065,"group":{"id":"vcs.configuration","version":"2"},"event":{"state":true,"data":{"created":1574973894066,"project":"8091b5937a0ad59558e0b668154fd3455ec18b9533a22407e73945f038c6ca2f"},"id":"invoked"}}
{"recorder_version":"21","session":"e120d1073ef7","build":"192.6603.28","bucket":"22","time":1574973894069,"group":{"id":"build.tools.state","version":"1"},"event":{"state":true,"data":{"created":1574973894069,"count":0,"externalSystemId":"Gradle","project":"8091b5937a0ad59558e0b668154fd3455ec18b9533a22407e73945f038c6ca2f"},"id":"numberOfLinkedProject"}}
{"recorder_version":"21","session":"e120d1073ef7","build":"192.6603.28","bucket":"22","time":1574973894069,"group":{"id":"build.tools.state","version":"1"},"event":{"state":true,"data":{"created":1574973894069,"project":"8091b5937a0ad59558e0b668154fd3455ec18b9533a22407e73945f038c6ca2f"},"id":"invoked"}}
{"recorder_version":"21","session":"e120d1073ef7","build":"192.6603.28","bucket":"22","time":1574973894780,"group":{"id":"svn.configuration","version":"1"},"event":{"state":true,"data":{"created":1574973894780,"project":"8091b5937a0ad59558e0b668154fd3455ec18b9533a22407e73945f038c6ca2f"},"id":"invoked"}}
{"recorder_version":"21","session":"e120d1073ef7","build":"192.6603.28","bucket":"22","time":1574973894780,"group":{"id":"build.ant.state","version":"1"},"event":{"state":true,"data":{"created":1574973894781,"project":"8091b5937a0ad59558e0b668154fd3455ec18b9533a22407e73945f038c6ca2f"},"id":"invoked"}}
{"recorder_version":"21","session":"e120d1073ef7","build":"192.6603.28","bucket":"22","time":1574973894781,"group":{"id":"module.facets","version":"2"},"event":{"state":true,"data":{"created":1574973894781,"project":"8091b5937a0ad59558e0b668154fd3455ec18b9533a22407e73945f038c6ca2f"},"id":"invoked"}}
{"recorder_version":"21","session":"e120d1073ef7","build":"192.6603.28","bucket":"22","time":1574973894788,"group":{"id":"debugger.breakpoints","version":"2"},"event":{"state":true,"data":{"created":1574973894789,"count":0,"project":"8091b5937a0ad59558e0b668154fd3455ec18b9533a22407e73945f038c6ca2f"},"id":"total"}}
{"recorder_version":"21","session":"e120d1073ef7","build":"192.6603.28","bucket":"22","time":1574973894788,"group":{"id":"debugger.breakpoints","version":"2"},"event":{"state":true,"data":{"created":1574973894789,"count":0,"project":"8091b5937a0ad59558e0b668154fd3455ec18b9533a22407e73945f038c6ca2f"},"id":"total.disabled"}}
{"recorder_version":"21","session":"e120d1073ef7","build":"192.6603.28","bucket":"22","time":1574973894788,"group":{"id":"debugger.breakpoints","version":"2"},"event":{"state":true,"data":{"created":1574973894789,"count":0,"project":"8091b5937a0ad59558e0b668154fd3455ec18b9533a22407e73945f038c6ca2f"},"id":"total.non.suspending"}}
{"recorder_version":"21","session":"e120d1073ef7","build":"192.6603.28","bucket":"22","time":1574973894788,"group":{"id":"debugger.breakpoints","version":"2"},"event":{"state":true,"data":{"created":1574973894789,"project":"8091b5937a0ad59558e0b668154fd3455ec18b9533a22407e73945f038c6ca2f"},"id":"invoked"}}
{"recorder_version":"21","session":"e120d1073ef7","build":"192.6603.28","bucket":"22","time":1574973894792,"group":{"id":"vcs.log.index.project","version":"2"},"event":{"state":true,"data":{"created":1574973894792,"project":"8091b5937a0ad59558e0b668154fd3455ec18b9533a22407e73945f038c6ca2f"},"id":"invoked"}}
{"recorder_version":"21","session":"e120d1073ef7","build":"192.6603.28","bucket":"22","time":1574973895403,"group":{"id":"lifecycle","version":"21"},"event":{"count":1,"data":{"created":1574973895403,"project":"8091b5937a0ad59558e0b668154fd3455ec18b9533a22407e73945f038c6ca2f"},"id":"frame.activated"}}
{"recorder_version":"21","session":"e120d1073ef7","build":"192.6603.28","bucket":"22","time":1574973895419,"group":{"id":"performance","version":"21"},"event":{"count":1,"data":{"duration_ms":277,"created":1574973895419},"id":"ui.lagging"}}
{"recorder_version":"21","session":"e120d1073ef7","build":"192.6603.28","bucket":"22","time":1574973899811,"group":{"id":"ui.dialogs","version":"21"},"event":{"count":1,"data":{"created":1574973899811,"plugin_type":"PLATFORM","type":"show"},"id":"com.intellij.openapi.ui.messages.MessageDialog"}}
{"recorder_version":"21","session":"e120d1073ef7","build":"192.6603.28","bucket":"22","time":1574973901252,"group":{"id":"lifecycle","version":"21"},"event":{"count":1,"data":{"restart":false,"created":1574973901252},"id":"ide.close"}}
{"recorder_version":"21","session":"e120d1073ef7","build":"192.6603.28","bucket":"22","time":1574973901611,"group":{"id":"lifecycle","version":"21"},"event":{"count":1,"data":{"created":1574973901611,"project":"8091b5937a0ad59558e0b668154fd3455ec18b9533a22407e73945f038c6ca2f"},"id":"project.closed"}}
