{"recorder_version":"21","session":"8f8541bba3f8","build":"192.6603.28","bucket":"22","time":1571895591303,"group":{"id":"settings","version":"4"},"event":{"state":true,"data":{"component":"NotRoamableUiSettings","created":1571895591641},"id":"invoked"}}
{"recorder_version":"21","session":"8f8541bba3f8","build":"192.6603.28","bucket":"22","time":1571895591303,"group":{"id":"settings","version":"4"},"event":{"state":true,"data":{"component":"UISettings","created":1571895591643},"id":"invoked"}}
{"recorder_version":"21","session":"8f8541bba3f8","build":"192.6603.28","bucket":"22","time":1571895591305,"group":{"id":"system.java","version":"1"},"event":{"state":true,"data":{"created":1571895591657,"version":"1.11"},"id":"JetBrains"}}
{"recorder_version":"21","session":"8f8541bba3f8","build":"192.6603.28","bucket":"22","time":1571895591305,"group":{"id":"system.java","version":"1"},"event":{"state":true,"data":{"created":1571895591658},"id":"invoked"}}
{"recorder_version":"21","session":"8f8541bba3f8","build":"192.6603.28","bucket":"22","time":1571895591599,"group":{"id":"system.os","version":"3"},"event":{"state":true,"data":{"created":1571895591667,"version":"10.0"},"id":"Windows"}}
{"recorder_version":"21","session":"8f8541bba3f8","build":"192.6603.28","bucket":"22","time":1571895591599,"group":{"id":"system.os","version":"3"},"event":{"state":true,"data":{"created":1571895591670,"name":"Windows","version":"10.0"},"id":"os.name"}}
{"recorder_version":"21","session":"8f8541bba3f8","build":"192.6603.28","bucket":"22","time":1571895591599,"group":{"id":"system.os","version":"3"},"event":{"state":true,"data":{"created":1571895591673,"value":"-06_00"},"id":"os.timezone"}}
{"recorder_version":"21","session":"8f8541bba3f8","build":"192.6603.28","bucket":"22","time":1571895591599,"group":{"id":"system.os","version":"3"},"event":{"state":true,"data":{"created":1571895591673},"id":"invoked"}}
{"recorder_version":"21","session":"8f8541bba3f8","build":"192.6603.28","bucket":"22","time":1571895591641,"group":{"id":"event.log","version":"21"},"event":{"count":1,"data":{"created":1571895591674,"version":"848.0"},"id":"whitelist.loaded"}}
{"recorder_version":"21","session":"8f8541bba3f8","build":"192.6603.28","bucket":"22","time":1571895592512,"group":{"id":"settings","version":"4"},"event":{"state":true,"data":{"component":"UpdatesConfigurable","created":1571895592512,"name":"checkNeeded","type":"bool","value":false},"id":"not.default"}}
{"recorder_version":"21","session":"8f8541bba3f8","build":"192.6603.28","bucket":"22","time":1571895592518,"group":{"id":"settings","version":"4"},"event":{"state":true,"data":{"component":"UpdatesConfigurable","created":1571895592518},"id":"invoked"}}
{"recorder_version":"21","session":"8f8541bba3f8","build":"192.6603.28","bucket":"22","time":1571895592678,"group":{"id":"settings","version":"4"},"event":{"state":true,"data":{"component":"GeneralSettings","created":1571895592678,"name":"showTipsOnStartup","type":"bool","value":false},"id":"not.default"}}
{"recorder_version":"21","session":"8f8541bba3f8","build":"192.6603.28","bucket":"22","time":1571895592679,"group":{"id":"settings","version":"4"},"event":{"state":true,"data":{"component":"GeneralSettings","created":1571895592679},"id":"invoked"}}
{"recorder_version":"21","session":"8f8541bba3f8","build":"192.6603.28","bucket":"22","time":1571895592755,"group":{"id":"lifecycle","version":"21"},"event":{"count":1,"data":{"internal":true,"eap":false,"created":1571895592755},"id":"ide.start"}}
{"recorder_version":"21","session":"8f8541bba3f8","build":"192.6603.28","bucket":"22","time":1571895593621,"group":{"id":"performance","version":"21"},"event":{"count":1,"data":{"duration_ms":811,"created":1571895593622},"id":"ui.latency"}}
{"recorder_version":"21","session":"8f8541bba3f8","build":"192.6603.28","bucket":"22","time":1571895593621,"group":{"id":"performance","version":"21"},"event":{"count":1,"data":{"duration_ms":811,"created":1571895593638},"id":"ui.lagging"}}
{"recorder_version":"21","session":"8f8541bba3f8","build":"192.6603.28","bucket":"22","time":1571895593821,"group":{"id":"lifecycle","version":"21"},"event":{"count":1,"data":{"created":1571895593821},"id":"frame.activated"}}
{"recorder_version":"21","session":"8f8541bba3f8","build":"192.6603.28","bucket":"22","time":1571895594247,"group":{"id":"ui.dialogs","version":"21"},"event":{"count":1,"data":{"created":1571895594247,"plugin_type":"PLATFORM","type":"show"},"id":"com.intellij.openapi.progress.util.ProgressDialog$MyDialogWrapper"}}
{"recorder_version":"21","session":"8f8541bba3f8","build":"192.6603.28","bucket":"22","time":1571895597354,"group":{"id":"lifecycle","version":"21"},"event":{"count":1,"data":{"created":1571895597354,"project":"4be3d17f17030ab3a63bc562e8adfb634a3ed4f270823eadf71209b05fbc80f8"},"id":"project.opened"}}
{"recorder_version":"21","session":"8f8541bba3f8","build":"192.6603.28","bucket":"22","time":1571895598272,"group":{"id":"performance","version":"21"},"event":{"count":1,"data":{"duration_ms":394,"created":1571895598272},"id":"ui.lagging"}}
{"recorder_version":"21","session":"8f8541bba3f8","build":"192.6603.28","bucket":"22","time":1571895599940,"group":{"id":"settings","version":"4"},"event":{"state":true,"data":{"component":"XmlEditorOptions","created":1571895599940},"id":"invoked"}}
{"recorder_version":"21","session":"8f8541bba3f8","build":"192.6603.28","bucket":"22","time":1571895600013,"group":{"id":"performance","version":"21"},"event":{"count":1,"data":{"duration_ms":1120,"created":1571895600013},"id":"ui.lagging"}}
{"recorder_version":"21","session":"8f8541bba3f8","build":"192.6603.28","bucket":"22","time":1571895600176,"group":{"id":"performance","version":"21"},"event":{"count":1,"data":{"duration_ms":276,"created":1571895600176},"id":"ui.lagging"}}
{"recorder_version":"21","session":"8f8541bba3f8","build":"192.6603.28","bucket":"22","time":1571895600988,"group":{"id":"toolwindow","version":"21"},"event":{"count":1,"data":{"os":"Windows","created":1571895600988,"plugin_type":"PLATFORM"},"id":"Project"}}
{"recorder_version":"21","session":"8f8541bba3f8","build":"192.6603.28","bucket":"22","time":1571895602251,"group":{"id":"performance","version":"21"},"event":{"count":1,"data":{"duration_ms":312,"created":1571895602255},"id":"ui.lagging"}}
{"recorder_version":"21","session":"8f8541bba3f8","build":"192.6603.28","bucket":"22","time":1571895605316,"group":{"id":"kotlin.jps.target","version":"1"},"event":{"count":1,"data":{"plugin_version":"1.3.41-release-IJ2019.2-1","created":1571895605316},"id":"jvm"}}
{"recorder_version":"21","session":"8f8541bba3f8","build":"192.6603.28","bucket":"22","time":1571895606278,"group":{"id":"performance","version":"21"},"event":{"count":1,"data":{"duration_ms":280,"created":1571895606279},"id":"ui.lagging"}}
{"recorder_version":"21","session":"8f8541bba3f8","build":"192.6603.28","bucket":"22","time":1571895606488,"group":{"id":"project.fs","version":"1"},"event":{"state":true,"data":{"os":"Windows","cs-project":false,"created":1571895606488,"project":"4be3d17f17030ab3a63bc562e8adfb634a3ed4f270823eadf71209b05fbc80f8","cs-implicit":true,"cs-system":false},"id":"case-sensitivity"}}
{"recorder_version":"21","session":"8f8541bba3f8","build":"192.6603.28","bucket":"22","time":1571895606488,"group":{"id":"project.fs","version":"1"},"event":{"state":true,"data":{"created":1571895606488},"id":"invoked"}}
{"recorder_version":"21","session":"8f8541bba3f8","build":"192.6603.28","bucket":"22","time":1571895606523,"group":{"id":"project.fs","version":"1"},"event":{"state":true,"data":{"pct-non-watched":0,"created":1571895606523,"project":"4be3d17f17030ab3a63bc562e8adfb634a3ed4f270823eadf71209b05fbc80f8"},"id":"roots-watched"}}
{"recorder_version":"21","session":"8f8541bba3f8","build":"192.6603.28","bucket":"22","time":1571895606523,"group":{"id":"project.fs","version":"1"},"event":{"state":true,"data":{"created":1571895606523},"id":"invoked"}}
{"recorder_version":"21","session":"8f8541bba3f8","build":"192.6603.28","bucket":"22","time":1571895606745,"group":{"id":"ui.dialogs","version":"21"},"event":{"count":1,"data":{"code":1,"created":1571895606745,"plugin_type":"PLATFORM","type":"close"},"id":"com.intellij.openapi.progress.util.ProgressDialog$MyDialogWrapper"}}
{"recorder_version":"21","session":"8f8541bba3f8","build":"192.6603.28","bucket":"22","time":1571895606851,"group":{"id":"lifecycle","version":"21"},"event":{"count":1,"data":{"duration_ms":12286,"created":1571895606851,"project":"4be3d17f17030ab3a63bc562e8adfb634a3ed4f270823eadf71209b05fbc80f8"},"id":"project.opening.finished"}}
{"recorder_version":"21","session":"8f8541bba3f8","build":"192.6603.28","bucket":"22","time":1571895607590,"group":{"id":"performance","version":"21"},"event":{"count":1,"data":{"duration_ms":587,"created":1571895607590},"id":"ui.lagging"}}
{"recorder_version":"21","session":"8f8541bba3f8","build":"192.6603.28","bucket":"22","time":1571895608665,"group":{"id":"performance","version":"21"},"event":{"count":1,"data":{"duration_ms":650,"created":1571895608669},"id":"ui.lagging"}}
{"recorder_version":"21","session":"8f8541bba3f8","build":"192.6603.28","bucket":"22","time":1571895610648,"group":{"id":"ui.dialogs","version":"21"},"event":{"count":1,"data":{"created":1571895610651,"plugin_type":"PLATFORM","type":"show"},"id":"com.intellij.openapi.ui.messages.MessageDialog"}}
{"recorder_version":"21","session":"8f8541bba3f8","build":"192.6603.28","bucket":"22","time":1571895611912,"group":{"id":"lifecycle","version":"21"},"event":{"count":1,"data":{"restart":false,"created":1571895611912},"id":"ide.close"}}
{"recorder_version":"21","session":"8f8541bba3f8","build":"192.6603.28","bucket":"22","time":1571895612565,"group":{"id":"lifecycle","version":"21"},"event":{"count":1,"data":{"created":1571895612565,"project":"4be3d17f17030ab3a63bc562e8adfb634a3ed4f270823eadf71209b05fbc80f8"},"id":"project.closed"}}
