{"recorder_version":"21","session":"799a892fadd5","build":"192.6603.28","bucket":"22","time":1571895346332,"group":{"id":"settings","version":"4"},"event":{"state":true,"data":{"component":"NotRoamableUiSettings","created":1571895346647},"id":"invoked"}}
{"recorder_version":"21","session":"799a892fadd5","build":"192.6603.28","bucket":"22","time":1571895346334,"group":{"id":"settings","version":"4"},"event":{"state":true,"data":{"component":"UISettings","created":1571895346650},"id":"invoked"}}
{"recorder_version":"21","session":"799a892fadd5","build":"192.6603.28","bucket":"22","time":1571895346336,"group":{"id":"system.java","version":"1"},"event":{"state":true,"data":{"created":1571895346661,"version":"1.11"},"id":"JetBrains"}}
{"recorder_version":"21","session":"799a892fadd5","build":"192.6603.28","bucket":"22","time":1571895346336,"group":{"id":"system.java","version":"1"},"event":{"state":true,"data":{"created":1571895346661},"id":"invoked"}}
{"recorder_version":"21","session":"799a892fadd5","build":"192.6603.28","bucket":"22","time":1571895346647,"group":{"id":"event.log","version":"21"},"event":{"count":1,"data":{"created":1571895346670,"version":"848.0"},"id":"whitelist.loaded"}}
{"recorder_version":"21","session":"799a892fadd5","build":"192.6603.28","bucket":"22","time":1571895346659,"group":{"id":"system.os","version":"3"},"event":{"state":true,"data":{"created":1571895346671,"version":"10.0"},"id":"Windows"}}
{"recorder_version":"21","session":"799a892fadd5","build":"192.6603.28","bucket":"22","time":1571895346659,"group":{"id":"system.os","version":"3"},"event":{"state":true,"data":{"created":1571895346673,"name":"Windows","version":"10.0"},"id":"os.name"}}
{"recorder_version":"21","session":"799a892fadd5","build":"192.6603.28","bucket":"22","time":1571895346659,"group":{"id":"system.os","version":"3"},"event":{"state":true,"data":{"created":1571895346674,"value":"-06_00"},"id":"os.timezone"}}
{"recorder_version":"21","session":"799a892fadd5","build":"192.6603.28","bucket":"22","time":1571895346659,"group":{"id":"system.os","version":"3"},"event":{"state":true,"data":{"created":1571895346675},"id":"invoked"}}
{"recorder_version":"21","session":"799a892fadd5","build":"192.6603.28","bucket":"22","time":1571895347449,"group":{"id":"settings","version":"4"},"event":{"state":true,"data":{"component":"UpdatesConfigurable","created":1571895347450,"name":"checkNeeded","type":"bool","value":false},"id":"not.default"}}
{"recorder_version":"21","session":"799a892fadd5","build":"192.6603.28","bucket":"22","time":1571895347449,"group":{"id":"settings","version":"4"},"event":{"state":true,"data":{"component":"UpdatesConfigurable","created":1571895347451},"id":"invoked"}}
{"recorder_version":"21","session":"799a892fadd5","build":"192.6603.28","bucket":"22","time":1571895347613,"group":{"id":"settings","version":"4"},"event":{"state":true,"data":{"component":"GeneralSettings","created":1571895347614,"name":"showTipsOnStartup","type":"bool","value":false},"id":"not.default"}}
{"recorder_version":"21","session":"799a892fadd5","build":"192.6603.28","bucket":"22","time":1571895347614,"group":{"id":"settings","version":"4"},"event":{"state":true,"data":{"component":"GeneralSettings","created":1571895347614},"id":"invoked"}}
{"recorder_version":"21","session":"799a892fadd5","build":"192.6603.28","bucket":"22","time":1571895347650,"group":{"id":"lifecycle","version":"21"},"event":{"count":1,"data":{"internal":true,"eap":false,"created":1571895347650},"id":"ide.start"}}
{"recorder_version":"21","session":"799a892fadd5","build":"192.6603.28","bucket":"22","time":1571895348620,"group":{"id":"performance","version":"21"},"event":{"count":1,"data":{"duration_ms":807,"created":1571895348620},"id":"ui.latency"}}
{"recorder_version":"21","session":"799a892fadd5","build":"192.6603.28","bucket":"22","time":1571895348620,"group":{"id":"performance","version":"21"},"event":{"count":1,"data":{"duration_ms":807,"created":1571895348627},"id":"ui.lagging"}}
{"recorder_version":"21","session":"799a892fadd5","build":"192.6603.28","bucket":"22","time":1571895348826,"group":{"id":"lifecycle","version":"21"},"event":{"count":1,"data":{"created":1571895348826},"id":"frame.activated"}}
{"recorder_version":"21","session":"799a892fadd5","build":"192.6603.28","bucket":"22","time":1571895349281,"group":{"id":"ui.dialogs","version":"21"},"event":{"count":1,"data":{"created":1571895349282,"plugin_type":"PLATFORM","type":"show"},"id":"com.intellij.openapi.progress.util.ProgressDialog$MyDialogWrapper"}}
{"recorder_version":"21","session":"799a892fadd5","build":"192.6603.28","bucket":"22","time":1571895352214,"group":{"id":"lifecycle","version":"21"},"event":{"count":1,"data":{"created":1571895352214,"project":"4be3d17f17030ab3a63bc562e8adfb634a3ed4f270823eadf71209b05fbc80f8"},"id":"project.opened"}}
{"recorder_version":"21","session":"799a892fadd5","build":"192.6603.28","bucket":"22","time":1571895353101,"group":{"id":"performance","version":"21"},"event":{"count":1,"data":{"duration_ms":276,"created":1571895353105},"id":"ui.lagging"}}
{"recorder_version":"21","session":"799a892fadd5","build":"192.6603.28","bucket":"22","time":1571895354798,"group":{"id":"settings","version":"4"},"event":{"state":true,"data":{"component":"XmlEditorOptions","created":1571895354798},"id":"invoked"}}
{"recorder_version":"21","session":"799a892fadd5","build":"192.6603.28","bucket":"22","time":1571895355164,"group":{"id":"performance","version":"21"},"event":{"count":1,"data":{"duration_ms":1336,"created":1571895355165},"id":"ui.lagging"}}
{"recorder_version":"21","session":"799a892fadd5","build":"192.6603.28","bucket":"22","time":1571895355204,"group":{"id":"performance","version":"21"},"event":{"count":1,"data":{"duration_ms":360,"created":1571895355205},"id":"ui.lagging"}}
{"recorder_version":"21","session":"799a892fadd5","build":"192.6603.28","bucket":"22","time":1571895355995,"group":{"id":"performance","version":"21"},"event":{"count":1,"data":{"duration_ms":147,"created":1571895355996},"id":"ui.lagging"}}
{"recorder_version":"21","session":"799a892fadd5","build":"192.6603.28","bucket":"22","time":1571895356062,"group":{"id":"toolwindow","version":"21"},"event":{"count":1,"data":{"os":"Windows","created":1571895356062,"plugin_type":"PLATFORM"},"id":"Project"}}
{"recorder_version":"21","session":"799a892fadd5","build":"192.6603.28","bucket":"22","time":1571895357416,"group":{"id":"performance","version":"21"},"event":{"count":1,"data":{"duration_ms":558,"created":1571895357424},"id":"ui.lagging"}}
{"recorder_version":"21","session":"799a892fadd5","build":"192.6603.28","bucket":"22","time":1571895358045,"group":{"id":"performance","version":"21"},"event":{"count":1,"data":{"duration_ms":159,"created":1571895358071},"id":"ui.lagging"}}
{"recorder_version":"21","session":"799a892fadd5","build":"192.6603.28","bucket":"22","time":1571895361223,"group":{"id":"kotlin.jps.target","version":"1"},"event":{"count":1,"data":{"plugin_version":"1.3.41-release-IJ2019.2-1","created":1571895361223},"id":"jvm"}}
{"recorder_version":"21","session":"799a892fadd5","build":"192.6603.28","bucket":"22","time":1571895361659,"group":{"id":"project.fs","version":"1"},"event":{"state":true,"data":{"os":"Windows","cs-project":false,"created":1571895361660,"project":"4be3d17f17030ab3a63bc562e8adfb634a3ed4f270823eadf71209b05fbc80f8","cs-implicit":true,"cs-system":false},"id":"case-sensitivity"}}
{"recorder_version":"21","session":"799a892fadd5","build":"192.6603.28","bucket":"22","time":1571895361659,"group":{"id":"project.fs","version":"1"},"event":{"state":true,"data":{"created":1571895361660},"id":"invoked"}}
{"recorder_version":"21","session":"799a892fadd5","build":"192.6603.28","bucket":"22","time":1571895361667,"group":{"id":"project.fs","version":"1"},"event":{"state":true,"data":{"pct-non-watched":0,"created":1571895361667,"project":"4be3d17f17030ab3a63bc562e8adfb634a3ed4f270823eadf71209b05fbc80f8"},"id":"roots-watched"}}
{"recorder_version":"21","session":"799a892fadd5","build":"192.6603.28","bucket":"22","time":1571895361667,"group":{"id":"project.fs","version":"1"},"event":{"state":true,"data":{"created":1571895361667},"id":"invoked"}}
{"recorder_version":"21","session":"799a892fadd5","build":"192.6603.28","bucket":"22","time":1571895361812,"group":{"id":"ui.dialogs","version":"21"},"event":{"count":1,"data":{"code":1,"created":1571895361812,"plugin_type":"PLATFORM","type":"close"},"id":"com.intellij.openapi.progress.util.ProgressDialog$MyDialogWrapper"}}
{"recorder_version":"21","session":"799a892fadd5","build":"192.6603.28","bucket":"22","time":1571895362420,"group":{"id":"lifecycle","version":"21"},"event":{"count":1,"data":{"duration_ms":12908,"created":1571895362420,"project":"4be3d17f17030ab3a63bc562e8adfb634a3ed4f270823eadf71209b05fbc80f8"},"id":"project.opening.finished"}}
{"recorder_version":"21","session":"799a892fadd5","build":"192.6603.28","bucket":"22","time":1571895362460,"group":{"id":"performance","version":"21"},"event":{"count":1,"data":{"duration_ms":478,"created":1571895362466},"id":"ui.lagging"}}
{"recorder_version":"21","session":"799a892fadd5","build":"192.6603.28","bucket":"22","time":1571895363538,"group":{"id":"performance","version":"21"},"event":{"count":1,"data":{"duration_ms":545,"created":1571895363540},"id":"ui.lagging"}}
{"recorder_version":"21","session":"799a892fadd5","build":"192.6603.28","bucket":"22","time":1571895364123,"group":{"id":"performance","version":"21"},"event":{"count":1,"data":{"duration_ms":113,"created":1571895364123},"id":"ui.lagging"}}
{"recorder_version":"21","session":"799a892fadd5","build":"192.6603.28","bucket":"22","time":1571895366069,"group":{"id":"performance","version":"21"},"event":{"count":1,"data":{"duration_ms":1047,"created":1571895366069},"id":"ui.lagging"}}
{"recorder_version":"21","session":"799a892fadd5","build":"192.6603.28","bucket":"22","time":1571895366323,"group":{"id":"actions","version":"21"},"event":{"count":1,"data":{"context_menu":true,"current_file":"JAVA","created":1571895366323,"plugin_type":"NOT_LISTED","project":"4be3d17f17030ab3a63bc562e8adfb634a3ed4f270823eadf71209b05fbc80f8","place":"EditorPopup","class":"third.party","input_event":"Meta+MouseRight"},"id":"third.party"}}
{"recorder_version":"21","session":"799a892fadd5","build":"192.6603.28","bucket":"22","time":1571895367817,"group":{"id":"lifecycle","version":"21"},"event":{"count":1,"data":{"created":1571895367817,"plugin_type":"NOT_LISTED","error":"java.lang.IndexOutOfBoundsException"},"id":"ide.error"}}
{"recorder_version":"21","session":"799a892fadd5","build":"192.6603.28","bucket":"22","time":1571895369126,"group":{"id":"actions","version":"21"},"event":{"count":1,"data":{"context_menu":false,"current_file":"JAVA","created":1571895369127,"plugin_type":"PLATFORM","project":"4be3d17f17030ab3a63bc562e8adfb634a3ed4f270823eadf71209b05fbc80f8","place":"keyboard_shortcut","class":"com.intellij.ide.actions.UndoAction","input_event":"Ctrl+Z"},"id":"$Undo"}}
{"recorder_version":"21","session":"799a892fadd5","build":"192.6603.28","bucket":"22","time":1571895371278,"group":{"id":"ui.dialogs","version":"21"},"event":{"count":1,"data":{"created":1571895371278,"plugin_type":"PLATFORM","type":"show"},"id":"com.intellij.openapi.ui.messages.MessageDialog"}}
{"recorder_version":"21","session":"799a892fadd5","build":"192.6603.28","bucket":"22","time":1571895372349,"group":{"id":"lifecycle","version":"21"},"event":{"count":1,"data":{"restart":false,"created":1571895372349},"id":"ide.close"}}
{"recorder_version":"21","session":"799a892fadd5","build":"192.6603.28","bucket":"22","time":1571895372853,"group":{"id":"ui.dialogs","version":"21"},"event":{"count":1,"data":{"created":1571895372853,"plugin_type":"PLATFORM","type":"show"},"id":"com.intellij.openapi.progress.util.ProgressDialog$MyDialogWrapper"}}
{"recorder_version":"21","session":"799a892fadd5","build":"192.6603.28","bucket":"22","time":1571895373044,"group":{"id":"lifecycle","version":"21"},"event":{"count":1,"data":{"created":1571895373044,"project":"4be3d17f17030ab3a63bc562e8adfb634a3ed4f270823eadf71209b05fbc80f8"},"id":"project.closed"}}
