{"recorder_version":"21","session":"aae3c10c7778","build":"192.6603.28","bucket":"22","time":1571892883225,"group":{"id":"settings","version":"4"},"event":{"state":true,"data":{"component":"NotRoamableUiSettings","created":1571892883605},"id":"invoked"}}
{"recorder_version":"21","session":"aae3c10c7778","build":"192.6603.28","bucket":"22","time":1571892883228,"group":{"id":"settings","version":"4"},"event":{"state":true,"data":{"component":"UISettings","created":1571892883608},"id":"invoked"}}
{"recorder_version":"21","session":"aae3c10c7778","build":"192.6603.28","bucket":"22","time":1571892883228,"group":{"id":"system.java","version":"1"},"event":{"state":true,"data":{"created":1571892883620,"version":"1.11"},"id":"JetBrains"}}
{"recorder_version":"21","session":"aae3c10c7778","build":"192.6603.28","bucket":"22","time":1571892883229,"group":{"id":"system.java","version":"1"},"event":{"state":true,"data":{"created":1571892883621},"id":"invoked"}}
{"recorder_version":"21","session":"aae3c10c7778","build":"192.6603.28","bucket":"22","time":1571892883388,"group":{"id":"system.os","version":"3"},"event":{"state":true,"data":{"created":1571892883622,"version":"10.0"},"id":"Windows"}}
{"recorder_version":"21","session":"aae3c10c7778","build":"192.6603.28","bucket":"22","time":1571892883388,"group":{"id":"system.os","version":"3"},"event":{"state":true,"data":{"created":1571892883623,"name":"Windows","version":"10.0"},"id":"os.name"}}
{"recorder_version":"21","session":"aae3c10c7778","build":"192.6603.28","bucket":"22","time":1571892883388,"group":{"id":"system.os","version":"3"},"event":{"state":true,"data":{"created":1571892883624,"value":"-06_00"},"id":"os.timezone"}}
{"recorder_version":"21","session":"aae3c10c7778","build":"192.6603.28","bucket":"22","time":1571892883388,"group":{"id":"system.os","version":"3"},"event":{"state":true,"data":{"created":1571892883625},"id":"invoked"}}
{"recorder_version":"21","session":"aae3c10c7778","build":"192.6603.28","bucket":"22","time":1571892883604,"group":{"id":"event.log","version":"21"},"event":{"count":1,"data":{"created":1571892883626,"version":"848.0"},"id":"whitelist.loaded"}}
{"recorder_version":"21","session":"aae3c10c7778","build":"192.6603.28","bucket":"22","time":1571892884823,"group":{"id":"settings","version":"4"},"event":{"state":true,"data":{"component":"UpdatesConfigurable","created":1571892884824,"name":"checkNeeded","type":"bool","value":false},"id":"not.default"}}
{"recorder_version":"21","session":"aae3c10c7778","build":"192.6603.28","bucket":"22","time":1571892884826,"group":{"id":"settings","version":"4"},"event":{"state":true,"data":{"component":"UpdatesConfigurable","created":1571892884826},"id":"invoked"}}
{"recorder_version":"21","session":"aae3c10c7778","build":"192.6603.28","bucket":"22","time":1571892885013,"group":{"id":"settings","version":"4"},"event":{"state":true,"data":{"component":"GeneralSettings","created":1571892885013,"name":"showTipsOnStartup","type":"bool","value":false},"id":"not.default"}}
{"recorder_version":"21","session":"aae3c10c7778","build":"192.6603.28","bucket":"22","time":1571892885013,"group":{"id":"settings","version":"4"},"event":{"state":true,"data":{"component":"GeneralSettings","created":1571892885014},"id":"invoked"}}
{"recorder_version":"21","session":"aae3c10c7778","build":"192.6603.28","bucket":"22","time":1571892885026,"group":{"id":"lifecycle","version":"21"},"event":{"count":1,"data":{"internal":true,"eap":false,"created":1571892885026},"id":"ide.start"}}
{"recorder_version":"21","session":"aae3c10c7778","build":"192.6603.28","bucket":"22","time":1571892885957,"group":{"id":"performance","version":"21"},"event":{"count":1,"data":{"duration_ms":1056,"created":1571892885958},"id":"ui.latency"}}
{"recorder_version":"21","session":"aae3c10c7778","build":"192.6603.28","bucket":"22","time":1571892885957,"group":{"id":"performance","version":"21"},"event":{"count":1,"data":{"duration_ms":1056,"created":1571892885959},"id":"ui.lagging"}}
{"recorder_version":"21","session":"aae3c10c7778","build":"192.6603.28","bucket":"22","time":1571892886418,"group":{"id":"lifecycle","version":"21"},"event":{"count":1,"data":{"created":1571892886418},"id":"frame.activated"}}
{"recorder_version":"21","session":"aae3c10c7778","build":"192.6603.28","bucket":"22","time":1571892886455,"group":{"id":"performance","version":"21"},"event":{"count":1,"data":{"duration_ms":516,"created":1571892886455},"id":"ui.lagging"}}
{"recorder_version":"21","session":"aae3c10c7778","build":"192.6603.28","bucket":"22","time":1571892886839,"group":{"id":"ui.dialogs","version":"21"},"event":{"count":1,"data":{"created":1571892886839,"plugin_type":"PLATFORM","type":"show"},"id":"com.intellij.openapi.progress.util.ProgressDialog$MyDialogWrapper"}}
{"recorder_version":"21","session":"aae3c10c7778","build":"192.6603.28","bucket":"22","time":1571892887148,"group":{"id":"performance","version":"21"},"event":{"count":1,"data":{"duration_ms":200,"created":1571892887148},"id":"ui.lagging"}}
{"recorder_version":"21","session":"aae3c10c7778","build":"192.6603.28","bucket":"22","time":1571892890622,"group":{"id":"lifecycle","version":"21"},"event":{"count":1,"data":{"created":1571892890622,"project":"4be3d17f17030ab3a63bc562e8adfb634a3ed4f270823eadf71209b05fbc80f8"},"id":"project.opened"}}
{"recorder_version":"21","session":"aae3c10c7778","build":"192.6603.28","bucket":"22","time":1571892892175,"group":{"id":"lifecycle","version":"21"},"event":{"count":1,"data":{"created":1571892892175,"project":"4be3d17f17030ab3a63bc562e8adfb634a3ed4f270823eadf71209b05fbc80f8"},"id":"frame.deactivated"}}
{"recorder_version":"21","session":"aae3c10c7778","build":"192.6603.28","bucket":"22","time":1571892892418,"group":{"id":"performance","version":"21"},"event":{"count":1,"data":{"duration_ms":1417,"created":1571892892420},"id":"ui.lagging"}}
{"recorder_version":"21","session":"aae3c10c7778","build":"192.6603.28","bucket":"22","time":1571892892418,"group":{"id":"performance","version":"21"},"event":{"count":1,"data":{"duration_ms":401,"created":1571892892420},"id":"ui.lagging"}}
{"recorder_version":"21","session":"aae3c10c7778","build":"192.6603.28","bucket":"22","time":1571892896261,"group":{"id":"settings","version":"4"},"event":{"state":true,"data":{"component":"XmlEditorOptions","created":1571892896261},"id":"invoked"}}
{"recorder_version":"21","session":"aae3c10c7778","build":"192.6603.28","bucket":"22","time":1571892896743,"group":{"id":"performance","version":"21"},"event":{"count":1,"data":{"duration_ms":2719,"created":1571892896743},"id":"ui.lagging"}}
{"recorder_version":"21","session":"aae3c10c7778","build":"192.6603.28","bucket":"22","time":1571892896743,"group":{"id":"performance","version":"21"},"event":{"count":1,"data":{"duration_ms":1685,"created":1571892896744},"id":"ui.lagging"}}
{"recorder_version":"21","session":"aae3c10c7778","build":"192.6603.28","bucket":"22","time":1571892896743,"group":{"id":"performance","version":"21"},"event":{"count":1,"data":{"duration_ms":669,"created":1571892896745},"id":"ui.lagging"}}
{"recorder_version":"21","session":"aae3c10c7778","build":"192.6603.28","bucket":"22","time":1571892896867,"group":{"id":"lifecycle","version":"21"},"event":{"count":1,"data":{"created":1571892896867,"project":"4be3d17f17030ab3a63bc562e8adfb634a3ed4f270823eadf71209b05fbc80f8"},"id":"frame.activated"}}
{"recorder_version":"21","session":"aae3c10c7778","build":"192.6603.28","bucket":"22","time":1571892897973,"group":{"id":"performance","version":"21"},"event":{"count":1,"data":{"duration_ms":896,"created":1571892897974},"id":"ui.lagging"}}
{"recorder_version":"21","session":"aae3c10c7778","build":"192.6603.28","bucket":"22","time":1571892899129,"group":{"id":"performance","version":"21"},"event":{"count":1,"data":{"duration_ms":1024,"created":1571892899173},"id":"ui.lagging"}}
{"recorder_version":"21","session":"aae3c10c7778","build":"192.6603.28","bucket":"22","time":1571892899316,"group":{"id":"toolwindow","version":"21"},"event":{"count":1,"data":{"os":"Windows","created":1571892899316,"plugin_type":"PLATFORM"},"id":"Project"}}
{"recorder_version":"21","session":"aae3c10c7778","build":"192.6603.28","bucket":"22","time":1571892902020,"group":{"id":"performance","version":"21"},"event":{"count":1,"data":{"duration_ms":1904,"created":1571892902020},"id":"ui.lagging"}}
{"recorder_version":"21","session":"aae3c10c7778","build":"192.6603.28","bucket":"22","time":1571892902020,"group":{"id":"performance","version":"21"},"event":{"count":1,"data":{"duration_ms":904,"created":1571892902021},"id":"ui.lagging"}}
{"recorder_version":"21","session":"aae3c10c7778","build":"192.6603.28","bucket":"22","time":1571892902295,"group":{"id":"performance","version":"21"},"event":{"count":1,"data":{"duration_ms":177,"created":1571892902295},"id":"ui.lagging"}}
{"recorder_version":"21","session":"aae3c10c7778","build":"192.6603.28","bucket":"22","time":1571892902585,"group":{"id":"project.fs","version":"1"},"event":{"state":true,"data":{"os":"Windows","cs-project":false,"created":1571892902585,"project":"4be3d17f17030ab3a63bc562e8adfb634a3ed4f270823eadf71209b05fbc80f8","cs-implicit":true,"cs-system":false},"id":"case-sensitivity"}}
{"recorder_version":"21","session":"aae3c10c7778","build":"192.6603.28","bucket":"22","time":1571892902585,"group":{"id":"project.fs","version":"1"},"event":{"state":true,"data":{"created":1571892902585},"id":"invoked"}}
{"recorder_version":"21","session":"aae3c10c7778","build":"192.6603.28","bucket":"22","time":1571892902588,"group":{"id":"project.fs","version":"1"},"event":{"state":true,"data":{"pct-non-watched":0,"created":1571892902588,"project":"4be3d17f17030ab3a63bc562e8adfb634a3ed4f270823eadf71209b05fbc80f8"},"id":"roots-watched"}}
{"recorder_version":"21","session":"aae3c10c7778","build":"192.6603.28","bucket":"22","time":1571892902589,"group":{"id":"project.fs","version":"1"},"event":{"state":true,"data":{"created":1571892902589},"id":"invoked"}}
{"recorder_version":"21","session":"aae3c10c7778","build":"192.6603.28","bucket":"22","time":1571892902752,"group":{"id":"ui.dialogs","version":"21"},"event":{"count":1,"data":{"code":1,"created":1571892902754,"plugin_type":"PLATFORM","type":"close"},"id":"com.intellij.openapi.progress.util.ProgressDialog$MyDialogWrapper"}}
{"recorder_version":"21","session":"aae3c10c7778","build":"192.6603.28","bucket":"22","time":1571892903701,"group":{"id":"lifecycle","version":"21"},"event":{"count":1,"data":{"duration_ms":16379,"created":1571892903710,"project":"4be3d17f17030ab3a63bc562e8adfb634a3ed4f270823eadf71209b05fbc80f8"},"id":"project.opening.finished"}}
{"recorder_version":"21","session":"aae3c10c7778","build":"192.6603.28","bucket":"22","time":1571892903749,"group":{"id":"performance","version":"21"},"event":{"count":1,"data":{"duration_ms":629,"created":1571892903750},"id":"ui.lagging"}}
{"recorder_version":"21","session":"aae3c10c7778","build":"192.6603.28","bucket":"22","time":1571892905253,"group":{"id":"kotlin.jps.target","version":"1"},"event":{"count":1,"data":{"plugin_version":"1.3.41-release-IJ2019.2-1","created":1571892905253},"id":"jvm"}}
{"recorder_version":"21","session":"aae3c10c7778","build":"192.6603.28","bucket":"22","time":1571892911467,"group":{"id":"performance","version":"21"},"event":{"count":1,"data":{"duration_ms":298,"created":1571892911490},"id":"ui.lagging"}}
{"recorder_version":"21","session":"aae3c10c7778","build":"192.6603.28","bucket":"22","time":1571892917044,"group":{"id":"lifecycle","version":"21"},"event":{"count":1,"data":{"created":1571892917045,"project":"4be3d17f17030ab3a63bc562e8adfb634a3ed4f270823eadf71209b05fbc80f8"},"id":"frame.deactivated"}}
{"recorder_version":"21","session":"aae3c10c7778","build":"192.6603.28","bucket":"22","time":1571892919780,"group":{"id":"performance","version":"21"},"event":{"count":1,"data":{"duration_ms":354,"created":1571892919780},"id":"ui.lagging"}}
{"recorder_version":"21","session":"aae3c10c7778","build":"192.6603.28","bucket":"22","time":1571892986572,"group":{"id":"performance","version":"21"},"event":{"count":1,"data":{"duration_ms":0,"created":1571892986572},"id":"ui.latency"}}
{"recorder_version":"21","session":"aae3c10c7778","build":"192.6603.28","bucket":"22","time":1571893086783,"group":{"id":"performance","version":"21"},"event":{"count":1,"data":{"duration_ms":0,"created":1571893086784},"id":"ui.latency"}}
{"recorder_version":"21","session":"aae3c10c7778","build":"192.6603.28","bucket":"22","time":1571893185027,"group":{"id":"build.tools.actions","version":"1"},"event":{"count":1,"data":{"created":1571893185027},"id":"registered"}}
{"recorder_version":"21","session":"aae3c10c7778","build":"192.6603.28","bucket":"22","time":1571893185027,"group":{"id":"file.types.usage","version":"21"},"event":{"count":1,"data":{"created":1571893185028},"id":"registered"}}
{"recorder_version":"21","session":"aae3c10c7778","build":"192.6603.28","bucket":"22","time":1571893185027,"group":{"id":"ide.script.engine","version":"1"},"event":{"count":1,"data":{"created":1571893185028},"id":"registered"}}
{"recorder_version":"21","session":"aae3c10c7778","build":"192.6603.28","bucket":"22","time":1571893185027,"group":{"id":"actions.runAnything","version":"1"},"event":{"count":1,"data":{"created":1571893185029},"id":"registered"}}
{"recorder_version":"21","session":"aae3c10c7778","build":"192.6603.28","bucket":"22","time":1571893185027,"group":{"id":"toolwindow","version":"21"},"event":{"count":1,"data":{"created":1571893185029},"id":"registered"}}
{"recorder_version":"21","session":"aae3c10c7778","build":"192.6603.28","bucket":"22","time":1571893185027,"group":{"id":"kotlin.ide.newFileTempl","version":"1"},"event":{"count":1,"data":{"created":1571893185029},"id":"registered"}}
{"recorder_version":"21","session":"aae3c10c7778","build":"192.6603.28","bucket":"22","time":1571893185027,"group":{"id":"live.templates","version":"21"},"event":{"count":1,"data":{"created":1571893185029},"id":"registered"}}
{"recorder_version":"21","session":"aae3c10c7778","build":"192.6603.28","bucket":"22","time":1571893185027,"group":{"id":"ide.self.update","version":"2"},"event":{"count":1,"data":{"created":1571893185029},"id":"registered"}}
{"recorder_version":"21","session":"aae3c10c7778","build":"192.6603.28","bucket":"22","time":1571893185027,"group":{"id":"ui.settings","version":"21"},"event":{"count":1,"data":{"created":1571893185029},"id":"registered"}}
{"recorder_version":"21","session":"aae3c10c7778","build":"192.6603.28","bucket":"22","time":1571893185027,"group":{"id":"lifecycle","version":"21"},"event":{"count":1,"data":{"created":1571893185029},"id":"registered"}}
{"recorder_version":"21","session":"aae3c10c7778","build":"192.6603.28","bucket":"22","time":1571893185027,"group":{"id":"vcs.diff.trigger","version":"1"},"event":{"count":1,"data":{"created":1571893185030},"id":"registered"}}
{"recorder_version":"21","session":"aae3c10c7778","build":"192.6603.28","bucket":"22","time":1571893185027,"group":{"id":"vcs.log.trigger","version":"2"},"event":{"count":1,"data":{"created":1571893185030},"id":"registered"}}
{"recorder_version":"21","session":"aae3c10c7778","build":"192.6603.28","bucket":"22","time":1571893185027,"group":{"id":"productivity","version":"21"},"event":{"count":1,"data":{"created":1571893185030},"id":"registered"}}
{"recorder_version":"21","session":"aae3c10c7778","build":"192.6603.28","bucket":"22","time":1571893185027,"group":{"id":"debugger.breakpoints.usage","version":"2"},"event":{"count":1,"data":{"created":1571893185030},"id":"registered"}}
{"recorder_version":"21","session":"aae3c10c7778","build":"192.6603.28","bucket":"22","time":1571893185027,"group":{"id":"kotlin.gradle.library","version":"1"},"event":{"count":1,"data":{"created":1571893185030},"id":"registered"}}
{"recorder_version":"21","session":"aae3c10c7778","build":"192.6603.28","bucket":"22","time":1571893185027,"group":{"id":"find","version":"1"},"event":{"count":1,"data":{"created":1571893185031},"id":"registered"}}
{"recorder_version":"21","session":"aae3c10c7778","build":"192.6603.28","bucket":"22","time":1571893185027,"group":{"id":"kotlin.gradle.target","version":"1"},"event":{"count":1,"data":{"created":1571893185031},"id":"registered"}}
{"recorder_version":"21","session":"aae3c10c7778","build":"192.6603.28","bucket":"22","time":1571893185027,"group":{"id":"gutter.icon.click","version":"1"},"event":{"count":1,"data":{"created":1571893185031},"id":"registered"}}
{"recorder_version":"21","session":"aae3c10c7778","build":"192.6603.28","bucket":"22","time":1571893185027,"group":{"id":"shell.script","version":"1"},"event":{"count":1,"data":{"created":1571893185032},"id":"registered"}}
{"recorder_version":"21","session":"aae3c10c7778","build":"192.6603.28","bucket":"22","time":1571893185027,"group":{"id":"kotlin.ide.debugger.eval","version":"1"},"event":{"count":1,"data":{"created":1571893185032},"id":"registered"}}
{"recorder_version":"21","session":"aae3c10c7778","build":"192.6603.28","bucket":"22","time":1571893185027,"group":{"id":"build.maven.actions","version":"1"},"event":{"count":1,"data":{"created":1571893185032},"id":"registered"}}
{"recorder_version":"21","session":"aae3c10c7778","build":"192.6603.28","bucket":"22","time":1571893185027,"group":{"id":"ui.event","version":"1"},"event":{"count":1,"data":{"created":1571893185032},"id":"registered"}}
{"recorder_version":"21","session":"aae3c10c7778","build":"192.6603.28","bucket":"22","time":1571893185027,"group":{"id":"new.project.wizard","version":"1"},"event":{"count":1,"data":{"created":1571893185033},"id":"registered"}}
{"recorder_version":"21","session":"aae3c10c7778","build":"192.6603.28","bucket":"22","time":1571893185027,"group":{"id":"kotlin.ide.npwizards","version":"1"},"event":{"count":1,"data":{"created":1571893185033},"id":"registered"}}
{"recorder_version":"21","session":"aae3c10c7778","build":"192.6603.28","bucket":"22","time":1571893185027,"group":{"id":"intentions","version":"21"},"event":{"count":1,"data":{"created":1571893185033},"id":"registered"}}
{"recorder_version":"21","session":"aae3c10c7778","build":"192.6603.28","bucket":"22","time":1571893185027,"group":{"id":"ui.dialogs","version":"21"},"event":{"count":1,"data":{"created":1571893185034},"id":"registered"}}
{"recorder_version":"21","session":"aae3c10c7778","build":"192.6603.28","bucket":"22","time":1571893185027,"group":{"id":"vcs.back.forward.trigger","version":"1"},"event":{"count":1,"data":{"created":1571893185034},"id":"registered"}}
{"recorder_version":"21","session":"aae3c10c7778","build":"192.6603.28","bucket":"22","time":1571893185027,"group":{"id":"vcs.change.reminder","version":"1"},"event":{"count":1,"data":{"created":1571893185034},"id":"registered"}}
{"recorder_version":"21","session":"aae3c10c7778","build":"192.6603.28","bucket":"22","time":1571893185027,"group":{"id":"toolbar","version":"21"},"event":{"count":1,"data":{"created":1571893185035},"id":"registered"}}
{"recorder_version":"21","session":"aae3c10c7778","build":"192.6603.28","bucket":"22","time":1571893185027,"group":{"id":"build.gradle.actions","version":"1"},"event":{"count":1,"data":{"created":1571893185035},"id":"registered"}}
{"recorder_version":"21","session":"aae3c10c7778","build":"192.6603.28","bucket":"22","time":1571893185027,"group":{"id":"kotlin.maven.target","version":"1"},"event":{"count":1,"data":{"created":1571893185035},"id":"registered"}}
{"recorder_version":"21","session":"aae3c10c7778","build":"192.6603.28","bucket":"22","time":1571893185027,"group":{"id":"performance","version":"21"},"event":{"count":1,"data":{"created":1571893185036},"id":"registered"}}
{"recorder_version":"21","session":"aae3c10c7778","build":"192.6603.28","bucket":"22","time":1571893185027,"group":{"id":"searchEverywhere","version":"1"},"event":{"count":1,"data":{"created":1571893185037},"id":"registered"}}
{"recorder_version":"21","session":"aae3c10c7778","build":"192.6603.28","bucket":"22","time":1571893185027,"group":{"id":"kotlin.ide.action.refactoring","version":"1"},"event":{"count":1,"data":{"created":1571893185037},"id":"registered"}}
{"recorder_version":"21","session":"aae3c10c7778","build":"192.6603.28","bucket":"22","time":1571893185027,"group":{"id":"ui.tips","version":"2"},"event":{"count":1,"data":{"created":1571893185037},"id":"registered"}}
{"recorder_version":"21","session":"aae3c10c7778","build":"192.6603.28","bucket":"22","time":1571893185027,"group":{"id":"surround.with","version":"1"},"event":{"count":1,"data":{"created":1571893185037},"id":"registered"}}
{"recorder_version":"21","session":"aae3c10c7778","build":"192.6603.28","bucket":"22","time":1571893185027,"group":{"id":"import.old.config","version":"1"},"event":{"count":1,"data":{"created":1571893185038},"id":"registered"}}
{"recorder_version":"21","session":"aae3c10c7778","build":"192.6603.28","bucket":"22","time":1571893185027,"group":{"id":"json.schema","version":"1"},"event":{"count":1,"data":{"created":1571893185038},"id":"registered"}}
{"recorder_version":"21","session":"aae3c10c7778","build":"192.6603.28","bucket":"22","time":1571893185027,"group":{"id":"kotlin.jps.target","version":"1"},"event":{"count":1,"data":{"created":1571893185038},"id":"registered"}}
{"recorder_version":"21","session":"aae3c10c7778","build":"192.6603.28","bucket":"22","time":1571893185027,"group":{"id":"terminalShell","version":"1"},"event":{"count":1,"data":{"created":1571893185038},"id":"registered"}}
{"recorder_version":"21","session":"aae3c10c7778","build":"192.6603.28","bucket":"22","time":1571893185027,"group":{"id":"completion.postfix","version":"21"},"event":{"count":1,"data":{"created":1571893185038},"id":"registered"}}
{"recorder_version":"21","session":"aae3c10c7778","build":"192.6603.28","bucket":"22","time":1571893185027,"group":{"id":"build.ant.actions","version":"1"},"event":{"count":1,"data":{"created":1571893185038},"id":"registered"}}
{"recorder_version":"21","session":"aae3c10c7778","build":"192.6603.28","bucket":"22","time":1571893185027,"group":{"id":"actions","version":"21"},"event":{"count":1,"data":{"created":1571893185039},"id":"registered"}}
{"recorder_version":"21","session":"aae3c10c7778","build":"192.6603.28","bucket":"22","time":1571893185027,"group":{"id":"event.log","version":"21"},"event":{"count":1,"data":{"created":1571893185039},"id":"registered"}}
{"recorder_version":"21","session":"aae3c10c7778","build":"192.6603.28","bucket":"22","time":1571893185027,"group":{"id":"run.configuration.exec","version":"21"},"event":{"count":1,"data":{"created":1571893185039},"id":"registered"}}
{"recorder_version":"21","session":"aae3c10c7778","build":"192.6603.28","bucket":"22","time":1571893185027,"group":{"id":"build.maven.packagesearch","version":"2"},"event":{"count":1,"data":{"created":1571893185040},"id":"registered"}}
{"recorder_version":"21","session":"aae3c10c7778","build":"192.6603.28","bucket":"22","time":1571893186887,"group":{"id":"performance","version":"21"},"event":{"count":1,"data":{"duration_ms":0,"created":1571893186887},"id":"ui.latency"}}
{"recorder_version":"21","session":"aae3c10c7778","build":"192.6603.28","bucket":"22","time":1571893287085,"group":{"id":"performance","version":"21"},"event":{"count":1,"data":{"duration_ms":0,"created":1571893287085},"id":"ui.latency"}}
{"recorder_version":"21","session":"aae3c10c7778","build":"192.6603.28","bucket":"22","time":1571893387204,"group":{"id":"performance","version":"21"},"event":{"count":1,"data":{"duration_ms":0,"created":1571893387204},"id":"ui.latency"}}
{"recorder_version":"21","session":"aae3c10c7778","build":"192.6603.28","bucket":"22","time":1571893487344,"group":{"id":"performance","version":"21"},"event":{"count":1,"data":{"duration_ms":0,"created":1571893487344},"id":"ui.latency"}}
{"recorder_version":"21","session":"aae3c10c7778","build":"192.6603.28","bucket":"22","time":1571893587641,"group":{"id":"performance","version":"21"},"event":{"count":1,"data":{"duration_ms":0,"created":1571893587641},"id":"ui.latency"}}
{"recorder_version":"21","session":"aae3c10c7778","build":"192.6603.28","bucket":"22","time":1571893687995,"group":{"id":"performance","version":"21"},"event":{"count":1,"data":{"duration_ms":0,"created":1571893687996},"id":"ui.latency"}}
{"recorder_version":"21","session":"aae3c10c7778","build":"192.6603.28","bucket":"22","time":1571893784984,"group":{"id":"ui.info.features","version":"2"},"event":{"state":true,"data":{"os":"Windows","created":1571893784985},"id":"Allow.merging.buttons.enabled"}}
{"recorder_version":"21","session":"aae3c10c7778","build":"192.6603.28","bucket":"22","time":1571893784984,"group":{"id":"ui.info.features","version":"2"},"event":{"state":true,"data":{"os":"Windows","created":1571893784985},"id":"QuickDoc.AutoUpdate"}}
{"recorder_version":"21","session":"aae3c10c7778","build":"192.6603.28","bucket":"22","time":1571893784984,"group":{"id":"ui.info.features","version":"2"},"event":{"state":true,"data":{"os":"Windows","created":1571893784985},"id":"validation.unmatched_rule"}}
{"recorder_version":"21","session":"aae3c10c7778","build":"192.6603.28","bucket":"22","time":1571893784984,"group":{"id":"ui.info.features","version":"2"},"event":{"state":true,"data":{"grouped":"[30_50]","os":"Windows","created":1571893784986},"id":"recent.files"}}
{"recorder_version":"21","session":"aae3c10c7778","build":"192.6603.28","bucket":"22","time":1571893784984,"group":{"id":"ui.info.features","version":"2"},"event":{"state":true,"data":{"os":"Windows","created":1571893784986},"id":"Line.Numbers"}}
{"recorder_version":"21","session":"aae3c10c7778","build":"192.6603.28","bucket":"22","time":1571893784984,"group":{"id":"ui.info.features","version":"2"},"event":{"state":true,"data":{"os":"Windows","created":1571893784986},"id":"Tabs.Top"}}
{"recorder_version":"21","session":"aae3c10c7778","build":"192.6603.28","bucket":"22","time":1571893784984,"group":{"id":"ui.info.features","version":"2"},"event":{"state":true,"data":{"os":"Windows","created":1571893784986},"id":"Nav.Bar.visible"}}
{"recorder_version":"21","session":"aae3c10c7778","build":"192.6603.28","bucket":"22","time":1571893784984,"group":{"id":"ui.info.features","version":"2"},"event":{"state":true,"data":{"os":"Windows","created":1571893784986},"id":"validation.unmatched_rule"}}
{"recorder_version":"21","session":"aae3c10c7778","build":"192.6603.28","bucket":"22","time":1571893784984,"group":{"id":"ui.info.features","version":"2"},"event":{"state":true,"data":{"os":"Windows","created":1571893784987},"id":"Recent.Files[30_50]"}}
{"recorder_version":"21","session":"aae3c10c7778","build":"192.6603.28","bucket":"22","time":1571893784984,"group":{"id":"ui.info.features","version":"2"},"event":{"state":true,"data":{"os":"Windows","created":1571893784987},"id":"Status.bar.visible"}}
{"recorder_version":"21","session":"aae3c10c7778","build":"192.6603.28","bucket":"22","time":1571893784984,"group":{"id":"ui.info.features","version":"2"},"event":{"state":true,"data":{"os":"Windows","created":1571893784987},"id":"Tool.Window.buttons.hidden"}}
{"recorder_version":"21","session":"aae3c10c7778","build":"192.6603.28","bucket":"22","time":1571893784984,"group":{"id":"ui.info.features","version":"2"},"event":{"state":true,"data":{"os":"Windows","created":1571893784987},"id":"Gutter.Icons"}}
{"recorder_version":"21","session":"aae3c10c7778","build":"192.6603.28","bucket":"22","time":1571893784984,"group":{"id":"ui.info.features","version":"2"},"event":{"state":true,"data":{"os":"Windows","created":1571893784987},"id":"Toolbar.hidden"}}
{"recorder_version":"21","session":"aae3c10c7778","build":"192.6603.28","bucket":"22","time":1571893784984,"group":{"id":"ui.info.features","version":"2"},"event":{"state":true,"data":{"os":"Windows","created":1571893784988},"id":"Toolbar.and.NavBar"}}
{"recorder_version":"21","session":"aae3c10c7778","build":"192.6603.28","bucket":"22","time":1571893784984,"group":{"id":"ui.info.features","version":"2"},"event":{"state":true,"data":{"created":1571893784988},"id":"invoked"}}
{"recorder_version":"21","session":"aae3c10c7778","build":"192.6603.28","bucket":"22","time":1571893784984,"group":{"id":"ui.hidpi.mode","version":"1"},"event":{"state":true,"data":{"os":"Windows","created":1571893784988},"id":"per_monitor_dpi"}}
{"recorder_version":"21","session":"aae3c10c7778","build":"192.6603.28","bucket":"22","time":1571893784984,"group":{"id":"ui.hidpi.mode","version":"1"},"event":{"state":true,"data":{"created":1571893784988},"id":"invoked"}}
{"recorder_version":"21","session":"aae3c10c7778","build":"192.6603.28","bucket":"22","time":1571893784985,"group":{"id":"ui.look.and.feel","version":"1"},"event":{"state":true,"data":{"os":"Windows","created":1571893784988},"id":"IntelliJ"}}
{"recorder_version":"21","session":"aae3c10c7778","build":"192.6603.28","bucket":"22","time":1571893784985,"group":{"id":"ui.look.and.feel","version":"1"},"event":{"state":true,"data":{"created":1571893784988},"id":"invoked"}}
{"recorder_version":"21","session":"aae3c10c7778","build":"192.6603.28","bucket":"22","time":1571893785001,"group":{"id":"vcs.github","version":"1"},"event":{"state":true,"data":{"created":1571893785001},"id":"github.accounts.not.default.host.disabled"}}
{"recorder_version":"21","session":"aae3c10c7778","build":"192.6603.28","bucket":"22","time":1571893785001,"group":{"id":"vcs.github","version":"1"},"event":{"state":true,"data":{"created":1571893785001},"id":"github.accounts.count.0"}}
{"recorder_version":"21","session":"aae3c10c7778","build":"192.6603.28","bucket":"22","time":1571893785001,"group":{"id":"vcs.github","version":"1"},"event":{"state":true,"data":{"created":1571893785001},"id":"invoked"}}
{"recorder_version":"21","session":"aae3c10c7778","build":"192.6603.28","bucket":"22","time":1571893785001,"group":{"id":"ui.editor.color.schemes","version":"2"},"event":{"state":true,"data":{"os":"Windows","created":1571893785002,"value":false},"id":"Default"}}
{"recorder_version":"21","session":"aae3c10c7778","build":"192.6603.28","bucket":"22","time":1571893785001,"group":{"id":"ui.editor.color.schemes","version":"2"},"event":{"state":true,"data":{"created":1571893785002},"id":"invoked"}}
{"recorder_version":"21","session":"aae3c10c7778","build":"192.6603.28","bucket":"22","time":1571893785001,"group":{"id":"ui.fonts","version":"1"},"event":{"state":true,"data":{"os":"Windows","created":1571893785002},"id":"UI.font.name[Segoe_UI]"}}
{"recorder_version":"21","session":"aae3c10c7778","build":"192.6603.28","bucket":"22","time":1571893785001,"group":{"id":"ui.fonts","version":"1"},"event":{"state":true,"data":{"os":"Windows","created":1571893785003},"id":"IDE.editor.font.size[13]"}}
{"recorder_version":"21","session":"aae3c10c7778","build":"192.6603.28","bucket":"22","time":1571893785001,"group":{"id":"ui.fonts","version":"1"},"event":{"state":true,"data":{"os":"Windows","created":1571893785003},"id":"IDE.editor.font.name[Consolas]"}}
{"recorder_version":"21","session":"aae3c10c7778","build":"192.6603.28","bucket":"22","time":1571893785001,"group":{"id":"ui.fonts","version":"1"},"event":{"state":true,"data":{"os":"Windows","created":1571893785004,"value":1.2},"id":"editor.lineSpacing"}}
{"recorder_version":"21","session":"aae3c10c7778","build":"192.6603.28","bucket":"22","time":1571893785001,"group":{"id":"ui.fonts","version":"1"},"event":{"state":true,"data":{"os":"Windows","created":1571893785004},"id":"UI.font.size[12]"}}
{"recorder_version":"21","session":"aae3c10c7778","build":"192.6603.28","bucket":"22","time":1571893785001,"group":{"id":"ui.fonts","version":"1"},"event":{"state":true,"data":{"os":"Windows","created":1571893785004},"id":"Presentation.mode.font.size[24]"}}
{"recorder_version":"21","session":"aae3c10c7778","build":"192.6603.28","bucket":"22","time":1571893785001,"group":{"id":"ui.fonts","version":"1"},"event":{"state":true,"data":{"created":1571893785004},"id":"invoked"}}
{"recorder_version":"21","session":"aae3c10c7778","build":"192.6603.28","bucket":"22","time":1571893785002,"group":{"id":"vcs.log.index.application","version":"2"},"event":{"state":true,"data":{"created":1571893785005},"id":"invoked"}}
{"recorder_version":"21","session":"aae3c10c7778","build":"192.6603.28","bucket":"22","time":1571893785016,"group":{"id":"editor.settings.ide","version":"2"},"event":{"state":true,"data":{"created":1571893785016,"enabled":true},"id":"completionHints"}}
{"recorder_version":"21","session":"aae3c10c7778","build":"192.6603.28","bucket":"22","time":1571893785016,"group":{"id":"editor.settings.ide","version":"2"},"event":{"state":true,"data":{"created":1571893785016},"id":"invoked"}}
{"recorder_version":"21","session":"aae3c10c7778","build":"192.6603.28","bucket":"22","time":1571893785031,"group":{"id":"vcs.diff","version":"2"},"event":{"state":true,"data":{"created":1571893785031},"id":"invoked"}}
{"recorder_version":"21","session":"aae3c10c7778","build":"192.6603.28","bucket":"22","time":1571893785031,"group":{"id":"keymaps.name","version":"1"},"event":{"state":true,"data":{"os":"Windows","created":1571893785031},"id":"$default"}}
{"recorder_version":"21","session":"aae3c10c7778","build":"192.6603.28","bucket":"22","time":1571893785031,"group":{"id":"keymaps.name","version":"1"},"event":{"state":true,"data":{"created":1571893785031},"id":"invoked"}}
{"recorder_version":"21","session":"aae3c10c7778","build":"192.6603.28","bucket":"22","time":1571893785034,"group":{"id":"debugger.settings.ide","version":"2"},"event":{"state":true,"data":{"created":1571893785035},"id":"invoked"}}
{"recorder_version":"21","session":"aae3c10c7778","build":"192.6603.28","bucket":"22","time":1571893785035,"group":{"id":"user.advanced.info","version":"2"},"event":{"state":true,"data":{"created":1571893785035,"value":"release"},"id":"build"}}
{"recorder_version":"21","session":"aae3c10c7778","build":"192.6603.28","bucket":"22","time":1571893785035,"group":{"id":"user.advanced.info","version":"2"},"event":{"state":true,"data":{"created":1571893785035},"id":"release"}}
{"recorder_version":"21","session":"aae3c10c7778","build":"192.6603.28","bucket":"22","time":1571893785035,"group":{"id":"user.advanced.info","version":"2"},"event":{"state":true,"data":{"created":1571893785035},"id":"invoked"}}
{"recorder_version":"21","session":"aae3c10c7778","build":"192.6603.28","bucket":"22","time":1571893785035,"group":{"id":"plugins","version":"1"},"event":{"state":true,"data":{"created":1571893785036,"plugin_type":"NOT_LISTED"},"id":"enabled.not.bundled.plugin"}}
{"recorder_version":"21","session":"aae3c10c7778","build":"192.6603.28","bucket":"22","time":1571893785036,"group":{"id":"plugins","version":"1"},"event":{"state":true,"data":{"created":1571893785036},"id":"invoked"}}
{"recorder_version":"21","session":"aae3c10c7778","build":"192.6603.28","bucket":"22","time":1571893785037,"group":{"id":"system.runtime","version":"2"},"event":{"state":true,"data":{"created":1571893785037,"name":"G1_Old_Generation"},"id":"garbage.collector"}}
{"recorder_version":"21","session":"aae3c10c7778","build":"192.6603.28","bucket":"22","time":1571893785037,"group":{"id":"system.runtime","version":"2"},"event":{"state":true,"data":{"created":1571893785037,"name":"Xmx","value":512},"id":"jvm.option"}}
{"recorder_version":"21","session":"aae3c10c7778","build":"192.6603.28","bucket":"22","time":1571893785037,"group":{"id":"system.runtime","version":"2"},"event":{"state":true,"data":{"vendor":"JetBrains","created":1571893785037,"bit":"64","version":"1.11"},"id":"jvm"}}
{"recorder_version":"21","session":"aae3c10c7778","build":"192.6603.28","bucket":"22","time":1571893785037,"group":{"id":"system.runtime","version":"2"},"event":{"state":true,"data":{"created":1571893785038,"name":"G1_Young_Generation"},"id":"garbage.collector"}}
{"recorder_version":"21","session":"aae3c10c7778","build":"192.6603.28","bucket":"22","time":1571893785037,"group":{"id":"system.runtime","version":"2"},"event":{"state":true,"data":{"created":1571893785038,"value":4},"id":"cores"}}
{"recorder_version":"21","session":"aae3c10c7778","build":"192.6603.28","bucket":"22","time":1571893785037,"group":{"id":"system.runtime","version":"2"},"event":{"state":true,"data":{"created":1571893785038,"name":"Xms","value":256},"id":"jvm.option"}}
{"recorder_version":"21","session":"aae3c10c7778","build":"192.6603.28","bucket":"22","time":1571893785037,"group":{"id":"system.runtime","version":"2"},"event":{"state":true,"data":{"created":1571893785039},"id":"invoked"}}
{"recorder_version":"21","session":"aae3c10c7778","build":"192.6603.28","bucket":"22","time":1571893785039,"group":{"id":"ui.accessibility.screen.reader","version":"1"},"event":{"state":true,"data":{"os":"Windows","created":1571893785039},"id":"screen.reader.DISABLED"}}
{"recorder_version":"21","session":"aae3c10c7778","build":"192.6603.28","bucket":"22","time":1571893785039,"group":{"id":"ui.accessibility.screen.reader","version":"1"},"event":{"state":true,"data":{"created":1571893785039},"id":"invoked"}}
{"recorder_version":"21","session":"aae3c10c7778","build":"192.6603.28","bucket":"22","time":1571893785043,"group":{"id":"platform.registry.application","version":"1"},"event":{"state":true,"data":{"created":1571893785043,"plugin_type":"PLATFORM"},"id":"recent.and.edited.files.together"}}
{"recorder_version":"21","session":"aae3c10c7778","build":"192.6603.28","bucket":"22","time":1571893785043,"group":{"id":"platform.registry.application","version":"1"},"event":{"state":true,"data":{"created":1571893785043,"plugin_type":"PLATFORM"},"id":"inline.browse.button"}}
{"recorder_version":"21","session":"aae3c10c7778","build":"192.6603.28","bucket":"22","time":1571893785043,"group":{"id":"platform.registry.application","version":"1"},"event":{"state":true,"data":{"created":1571893785044,"plugin_type":"PLATFORM"},"id":"show.create.new.element.in.popup"}}
{"recorder_version":"21","session":"aae3c10c7778","build":"192.6603.28","bucket":"22","time":1571893785043,"group":{"id":"platform.registry.application","version":"1"},"event":{"state":true,"data":{"created":1571893785044,"plugin_type":"PLATFORM"},"id":"property.value.inplace.editing"}}
{"recorder_version":"21","session":"aae3c10c7778","build":"192.6603.28","bucket":"22","time":1571893785043,"group":{"id":"platform.registry.application","version":"1"},"event":{"state":true,"data":{"created":1571893785044},"id":"java.completion.argument.hints.internal"}}
{"recorder_version":"21","session":"aae3c10c7778","build":"192.6603.28","bucket":"22","time":1571893785043,"group":{"id":"platform.registry.application","version":"1"},"event":{"state":true,"data":{"created":1571893785044,"plugin_type":"PLATFORM"},"id":"linux.native.menu"}}
{"recorder_version":"21","session":"aae3c10c7778","build":"192.6603.28","bucket":"22","time":1571893785043,"group":{"id":"platform.registry.application","version":"1"},"event":{"state":true,"data":{"created":1571893785044,"plugin_type":"PLATFORM"},"id":"new.large.text.file.viewer"}}
{"recorder_version":"21","session":"aae3c10c7778","build":"192.6603.28","bucket":"22","time":1571893785043,"group":{"id":"platform.registry.application","version":"1"},"event":{"state":true,"data":{"created":1571893785044},"id":"invoked"}}
{"recorder_version":"21","session":"aae3c10c7778","build":"192.6603.28","bucket":"22","time":1571893785043,"group":{"id":"os.linux.wm","version":"1"},"event":{"state":true,"data":{"created":1571893785044},"id":"invoked"}}
{"recorder_version":"21","session":"aae3c10c7778","build":"192.6603.28","bucket":"22","time":1571893785044,"group":{"id":"ui.screen.scale","version":"1"},"event":{"state":true,"data":{"os":"Windows","created":1571893785045},"id":"1.25"}}
{"recorder_version":"21","session":"aae3c10c7778","build":"192.6603.28","bucket":"22","time":1571893785044,"group":{"id":"ui.screen.scale","version":"1"},"event":{"state":true,"data":{"created":1571893785045},"id":"invoked"}}
{"recorder_version":"21","session":"aae3c10c7778","build":"192.6603.28","bucket":"22","time":1571893785045,"group":{"id":"vcs.application.configuration","version":"1"},"event":{"state":true,"data":{"created":1571893785045},"id":"invoked"}}
{"recorder_version":"21","session":"aae3c10c7778","build":"192.6603.28","bucket":"22","time":1571893788312,"group":{"id":"performance","version":"21"},"event":{"count":1,"data":{"duration_ms":0,"created":1571893788312},"id":"ui.latency"}}
{"recorder_version":"21","session":"aae3c10c7778","build":"192.6603.28","bucket":"22","time":1571893888573,"group":{"id":"performance","version":"21"},"event":{"count":1,"data":{"duration_ms":0,"created":1571893888573},"id":"ui.latency"}}
{"recorder_version":"21","session":"aae3c10c7778","build":"192.6603.28","bucket":"22","time":1571893988688,"group":{"id":"performance","version":"21"},"event":{"count":1,"data":{"duration_ms":1,"created":1571893988688},"id":"ui.latency"}}
{"recorder_version":"21","session":"aae3c10c7778","build":"192.6603.28","bucket":"22","time":1571894088850,"group":{"id":"performance","version":"21"},"event":{"count":1,"data":{"duration_ms":0,"created":1571894088850},"id":"ui.latency"}}
{"recorder_version":"21","session":"aae3c10c7778","build":"192.6603.28","bucket":"22","time":1571894188992,"group":{"id":"performance","version":"21"},"event":{"count":1,"data":{"duration_ms":0,"created":1571894188992},"id":"ui.latency"}}
{"recorder_version":"21","session":"aae3c10c7778","build":"192.6603.28","bucket":"22","time":1571894289130,"group":{"id":"performance","version":"21"},"event":{"count":1,"data":{"duration_ms":0,"created":1571894289131},"id":"ui.latency"}}
{"recorder_version":"21","session":"aae3c10c7778","build":"192.6603.28","bucket":"22","time":1571894389283,"group":{"id":"performance","version":"21"},"event":{"count":1,"data":{"duration_ms":0,"created":1571894389284},"id":"ui.latency"}}
{"recorder_version":"21","session":"aae3c10c7778","build":"192.6603.28","bucket":"22","time":1571894393584,"group":{"id":"event.log","version":"21"},"event":{"count":1,"data":{"total":5,"created":1571894393585,"failed":0,"send":5},"id":"logs.send"}}
